Mon 19 Dec 2022 07:12:11 AM PST

$PROBLEM    2 compartment fitting
$INPUT       ID TIME AMT DV WTKG GENDER AGE RATE
$DATA      /home/CertaraUser/Desktop/FDA-OGD-ML/examples/user/Example2/datalarge.csv IGNORE=@

$SUBROUTINE ADVAN4 ;; advan4 ;; ADVAN2, ADVAN4, ADVAN12
$PK      
  CWTKGONE = WTKG/70  ;; CENTERED ON ONE
  CWTKGZERO = WTKG-70  ;; CENTERED ON ZERO
  CAGE = AGE/40 
  TVV2=THETA(2)  ;; optional covariates effects of WT and Gender
  V2=TVV2*EXP(ETA(2)) 
  TVCL= THETA(1)    ;; optional covariates effects of WT and AGE
  CL=TVCL*EXP(ETA(1)) 
  K=CL/V2 
  K23=THETA(4)
  K32=THETA(5)         ;; for K23,K32,K24,K42 needed?
  D1=THETA(6)  ; infusion only         ;; include D1 and lag, with diag or block OMEGA

  TVKA=THETA(3) 
  KA=TVKA    
  S2 	= V2/1000 
$ERROR     
  REP = IREP      
  IPRED =F  
  IOBS = F *EXP(EPS(1))+EPS(2)
  Y=IOBS
$THETA  ;; must be one THETA per line.
  (0.001,100)	; THETA(1) CL UNITS =  L/HR
  (0.001,500) 	; THETA(2) V  UNITS = L
  (0.001,2) 	; THETA(3) KA UNITS = 1/HR  

  (0.001,0.02)	 ;; THETA(4) K23
  (0.001,0.3) 	 ;; THETA(5) K32
  ;; init for K23~WT   ;; are initial estimates for K23,K32,K24,K42 needed?
  ;;; is initial estimate for Volume a function of weight needed?
  ;;; is initial estimate for Volume a function of gender needed?


  (0.01,0.2) 		;; THETA(6)
$OMEGA   ;; must be one ETA/line
  0.2  		; ETA(1) CLEARANCE
$OMEGA 
  0.2 	; ETA(2) VOLUME
  ;; optional $OMEGA blocks
  ;; optional initial estimates for ETA on KA


  ;; optional initial estimates for ETA on D1 and ALAG1

$SIGMA   

  0.3 	; EPS(1) proportional error
  0.3 	; EPS(2) additive error   ;; additive or proportional or combined
$EST METHOD=COND INTER MAX = 9999 MSFO=MSF1 
$COV UNCOND PRINT=E

;; Phenotype 
;; OrderedDict([('ADVAN', 1), ('K23~WT', 0), ('KAETA', 0), ('V2~WT', 0), ('V2~GENDER', 0), ('CL~WT', 0), ('CL~AGE', 0), ('ETAD1LAG', 0), ('D1LAG', 1), ('RESERR', 0)])
;; Genotype 
;; [1, 0, 0, 0, 0, 0, 0, 0, 1, 0]
;; Num non-influential tokens = 0
NM-TRAN MESSAGES
  
 WARNINGS AND ERRORS (IF ANY) FOR PROBLEM    1
             
 (WARNING  2) NM-TRAN INFERS THAT THE DATA ARE POPULATION.
  
Note: Analytical 2nd Derivatives are constructed in FSUBS but are never used.
      You may insert $ABBR DERIV2=NO after the first $PROB to save FSUBS construction and compilation time
  

License Registered to: Certara USA
Expiration Date:    14 MAR 2023
Current Date:       19 DEC 2022
Days until program expires :  90
1NONLINEAR MIXED EFFECTS MODEL PROGRAM (NONMEM) VERSION 7.5.1
 ORIGINALLY DEVELOPED BY STUART BEAL, LEWIS SHEINER, AND ALISON BOECKMANN
 CURRENT DEVELOPERS ARE ROBERT BAUER, ICON DEVELOPMENT SOLUTIONS,
 AND ALISON BOECKMANN. IMPLEMENTATION, EFFICIENCY, AND STANDARDIZATION
 PERFORMED BY NOUS INFOSYSTEMS.

 PROBLEM NO.:         1
 2 compartment fitting
0DATA CHECKOUT RUN:              NO
 DATA SET LOCATED ON UNIT NO.:    2
 THIS UNIT TO BE REWOUND:        NO
 NO. OF DATA RECS IN DATA SET:      500
 NO. OF DATA ITEMS IN DATA SET:  10
 ID DATA ITEM IS DATA ITEM NO.:   1
 DEP VARIABLE IS DATA ITEM NO.:   4
 MDV DATA ITEM IS DATA ITEM NO.: 10
0INDICES PASSED TO SUBROUTINE PRED:
   9   2   3   8   0   0   0   0   0   0   0
0LABELS FOR DATA ITEMS:
 ID TIME AMT DV WTKG GENDER AGE RATE EVID MDV
0FORMAT FOR DATA:
 (8E9.0,2F2.0)

 TOT. NO. OF OBS RECS:      450
 TOT. NO. OF INDIVIDUALS:       50
0LENGTH OF THETA:   6
0DEFAULT THETA BOUNDARY TEST OMITTED:    NO
0OMEGA HAS SIMPLE DIAGONAL FORM WITH DIMENSION:   2
0DEFAULT OMEGA BOUNDARY TEST OMITTED:    NO
0SIGMA HAS SIMPLE DIAGONAL FORM WITH DIMENSION:   2
0DEFAULT SIGMA BOUNDARY TEST OMITTED:    NO
0INITIAL ESTIMATE OF THETA:
 LOWER BOUND    INITIAL EST    UPPER BOUND
  0.1000E-02     0.1000E+03     0.1000E+07
  0.1000E-02     0.5000E+03     0.1000E+07
  0.1000E-02     0.2000E+01     0.1000E+07
  0.1000E-02     0.2000E-01     0.1000E+07
  0.1000E-02     0.3000E+00     0.1000E+07
  0.1000E-01     0.2000E+00     0.1000E+07
0INITIAL ESTIMATE OF OMEGA:
 0.2000E+00
 0.0000E+00   0.2000E+00
0INITIAL ESTIMATE OF SIGMA:
 0.3000E+00
 0.0000E+00   0.3000E+00
0COVARIANCE STEP OMITTED:        NO
 EIGENVLS. PRINTED:             YES
 SPECIAL COMPUTATION:            NO
 COMPRESSED FORMAT:              NO
 GRADIENT METHOD USED:     NOSLOW
 SIGDIGITS ETAHAT (SIGLO):                  -1
 SIGDIGITS GRADIENTS (SIGL):                -1
 EXCLUDE COV FOR FOCE (NOFCOV):              NO
 Cholesky Transposition of R Matrix (CHOLROFF):0
 KNUTHSUMOFF:                                -1
 RESUME COV ANALYSIS (RESUME):               NO
 SIR SAMPLE SIZE (SIRSAMPLE):
 NON-LINEARLY TRANSFORM THETAS DURING COV (THBND): 1
 PRECONDTIONING CYCLES (PRECOND):        0
 PRECONDTIONING TYPES (PRECONDS):        TOS
 FORCED PRECONDTIONING CYCLES (PFCOND):0
 PRECONDTIONING TYPE (PRETYPE):        0
 FORCED POS. DEFINITE SETTING DURING PRECONDITIONING: (FPOSDEF):0
 SIMPLE POS. DEFINITE SETTING: (POSDEF):-1
1DOUBLE PRECISION PREDPP VERSION 7.5.1

 TWO COMPARTMENT MODEL WITH FIRST-ORDER ABSORPTION (ADVAN4)
0MAXIMUM NO. OF BASIC PK PARAMETERS:   5
0BASIC PK PARAMETERS (AFTER TRANSLATION):
   BASIC PK PARAMETER NO.  1: ELIMINATION RATE (K)
   BASIC PK PARAMETER NO.  2: CENTRAL-TO-PERIPH. RATE (K23)
   BASIC PK PARAMETER NO.  3: PERIPH.-TO-CENTRAL RATE (K32)
   BASIC PK PARAMETER NO.  5: ABSORPTION RATE (KA)
0COMPARTMENT ATTRIBUTES
 COMPT. NO.   FUNCTION   INITIAL    ON/OFF      DOSE      DEFAULT    DEFAULT
                         STATUS     ALLOWED    ALLOWED    FOR DOSE   FOR OBS.
    1         DEPOT        OFF        YES        YES        YES        NO
    2         CENTRAL      ON         NO         YES        NO         YES
    3         PERIPH.      ON         NO         YES        NO         NO
    4         OUTPUT       OFF        YES        NO         NO         NO
1
 ADDITIONAL PK PARAMETERS - ASSIGNMENT OF ROWS IN GG
 COMPT. NO.                             INDICES
              SCALE      BIOAVAIL.   ZERO-ORDER  ZERO-ORDER  ABSORB
                         FRACTION    RATE        DURATION    LAG
    1            *           *           *           6           *
    2            7           *           *           *           *
    3            *           *           *           *           *
    4            *           -           -           -           -
             - PARAMETER IS NOT ALLOWED FOR THIS MODEL
             * PARAMETER IS NOT SUPPLIED BY PK SUBROUTINE;
               WILL DEFAULT TO ONE IF APPLICABLE
0DATA ITEM INDICES USED BY PRED ARE:
   EVENT ID DATA ITEM IS DATA ITEM NO.:      9
   TIME DATA ITEM IS DATA ITEM NO.:          2
   DOSE AMOUNT DATA ITEM IS DATA ITEM NO.:   3
   DOSE RATE DATA ITEM IS DATA ITEM NO.:     8

0PK SUBROUTINE CALLED WITH EVERY EVENT RECORD.
 PK SUBROUTINE NOT CALLED AT NONEVENT (ADDITIONAL OR LAGGED) DOSE TIMES.
0ERROR SUBROUTINE CALLED WITH EVERY EVENT RECORD.
1


 #TBLN:      1
 #METH: First Order Conditional Estimation with Interaction

 ESTIMATION STEP OMITTED:                 NO
 ANALYSIS TYPE:                           POPULATION
 NUMBER OF SADDLE POINT RESET ITERATIONS:      0
 GRADIENT METHOD USED:               NOSLOW
 CONDITIONAL ESTIMATES USED:              YES
 CENTERED ETA:                            NO
 EPS-ETA INTERACTION:                     YES
 LAPLACIAN OBJ. FUNC.:                    NO
 NO. OF FUNCT. EVALS. ALLOWED:            9999
 NO. OF SIG. FIGURES REQUIRED:            3
 INTERMEDIATE PRINTOUT:                   YES
 ESTIMATE OUTPUT TO MSF:                  YES
 IND. OBJ. FUNC. VALUES SORTED:           NO
 NUMERICAL DERIVATIVE
       FILE REQUEST (NUMDER):               NONE
 MAP (ETAHAT) ESTIMATION METHOD (OPTMAP):   0
 ETA HESSIAN EVALUATION METHOD (ETADER):    0
 INITIAL ETA FOR MAP ESTIMATION (MCETA):    0
 SIGDIGITS FOR MAP ESTIMATION (SIGLO):      100
 GRADIENT SIGDIGITS OF
       FIXED EFFECTS PARAMETERS (SIGL):     100
 NOPRIOR SETTING (NOPRIOR):                 0
 NOCOV SETTING (NOCOV):                     OFF
 DERCONT SETTING (DERCONT):                 OFF
 FINAL ETA RE-EVALUATION (FNLETA):          1
 EXCLUDE NON-INFLUENTIAL (NON-INFL.) ETAS
       IN SHRINKAGE (ETASTYPE):             NO
 NON-INFL. ETA CORRECTION (NONINFETA):      0
 RAW OUTPUT FILE (FILE): NM_5D03_15.ext
 EXCLUDE TITLE (NOTITLE):                   NO
 EXCLUDE COLUMN LABELS (NOLABEL):           NO
 FORMAT FOR ADDITIONAL FILES (FORMAT):      S1PE12.5
 PARAMETER ORDER FOR OUTPUTS (ORDER):       TSOL
 KNUTHSUMOFF:                               0
 INCLUDE LNTWOPI:                           NO
 INCLUDE CONSTANT TERM TO PRIOR (PRIORC):   NO
 INCLUDE CONSTANT TERM TO OMEGA (ETA) (OLNTWOPI):NO
 ADDITIONAL CONVERGENCE TEST (CTYPE=4)?:    NO
 EM OR BAYESIAN METHOD USED:                 NONE


 THE FOLLOWING LABELS ARE EQUIVALENT
 PRED=PREDI
 RES=RESI
 WRES=WRESI
 IWRS=IWRESI
 IPRD=IPREDI
 IRS=IRESI

 MONITORING OF SEARCH:


0ITERATION NO.:    0    OBJECTIVE VALUE:   4953.63073338200        NO. OF FUNC. EVALS.:  10
 CUMULATIVE NO. OF FUNC. EVALS.:       10
 NPARAMETR:  1.0000E+02  5.0000E+02  2.0000E+00  2.0000E-02  3.0000E-01  2.0000E-01  2.0000E-01  2.0000E-01  3.0000E-01  3.0000E-01

 PARAMETER:  1.0000E-01  1.0000E-01  1.0000E-01  1.0000E-01  1.0000E-01  1.0000E-01  1.0000E-01  1.0000E-01  1.0000E-01  1.0000E-01

 GRADIENT:  -5.7528E+01 -7.7189E+01  9.1071E+01 -1.7482E+00  1.0764E+01 -2.2246E+01  5.9636E+01  4.4088E+01  3.9360E+02  1.0148E+01


0ITERATION NO.:   27    OBJECTIVE VALUE:   4718.16346749747        NO. OF FUNC. EVALS.: 374
 CUMULATIVE NO. OF FUNC. EVALS.:      384
 NPARAMETR:  9.8170E+01  4.8540E+02  2.2556E+00  2.6390E-02  2.8945E-01  5.8689E-01  5.0927E-02  5.6574E-02  9.5428E-02  1.0108E-01

 PARAMETER:  8.1526E-02  7.0361E-02  2.2034E-01  3.8992E-01  6.4095E-02  1.2106E+00 -5.8396E-01 -5.3139E-01 -4.7271E-01 -4.4392E-01

 GRADIENT:  -4.1142E-03  8.3837E-04  5.1545E-03  1.7638E-03 -5.8640E-04 -2.9932E-03  7.8683E-04  9.9393E-04  1.3517E-03  2.4959E-04


 #TERM:
0MINIMIZATION SUCCESSFUL
 NO. OF FUNCTION EVALUATIONS USED:      384
 NO. OF SIG. DIGITS IN FINAL EST.:  3.1

 ETABAR IS THE ARITHMETIC MEAN OF THE ETA-ESTIMATES,
 AND THE P-VALUE IS GIVEN FOR THE NULL HYPOTHESIS THAT THE TRUE MEAN IS 0.

 ETABAR:        -7.3454E-04 -1.8711E-03
 SE:             2.9577E-02  2.9682E-02
 N:                      50          50

 P VAL.:         9.8019E-01  9.4974E-01

 ETASHRINKSD(%)  7.3234E+00  1.1758E+01
 ETASHRINKVR(%)  1.4110E+01  2.2134E+01
 EBVSHRINKSD(%)  7.2207E+00  1.1127E+01
 EBVSHRINKVR(%)  1.3920E+01  2.1015E+01
 RELATIVEINF(%)  8.3363E+01  7.6492E+01
 EPSSHRINKSD(%)  8.0513E+00  8.0513E+00
 EPSSHRINKVR(%)  1.5454E+01  1.5454E+01

  
 TOTAL DATA POINTS NORMALLY DISTRIBUTED (N):          450
 N*LOG(2PI) CONSTANT TO OBJECTIVE FUNCTION:    827.04467988420538     
 OBJECTIVE FUNCTION VALUE WITHOUT CONSTANT:    4718.1634674974721     
 OBJECTIVE FUNCTION VALUE WITH CONSTANT:       5545.2081473816779     
 REPORTED OBJECTIVE FUNCTION DOES NOT CONTAIN CONSTANT
  
 TOTAL EFFECTIVE ETAS (NIND*NETA):                           100
  
 #TERE:
 Elapsed estimation  time in seconds:     3.54
 Elapsed covariance  time in seconds:     3.09
 Elapsed postprocess time in seconds:     0.00
1
 
 
 
 
 
 
 
 
 
 
 
 
 
 
 
 
 
 
 
 
 ************************************************************************************************************************
 ********************                                                                                ********************
 ********************               FIRST ORDER CONDITIONAL ESTIMATION WITH INTERACTION              ********************
 #OBJT:**************                       MINIMUM VALUE OF OBJECTIVE FUNCTION                      ********************
 ********************                                                                                ********************
 ************************************************************************************************************************
 





 #OBJV:********************************************     4718.163       **************************************************
1
 ************************************************************************************************************************
 ********************                                                                                ********************
 ********************               FIRST ORDER CONDITIONAL ESTIMATION WITH INTERACTION              ********************
 ********************                             FINAL PARAMETER ESTIMATE                           ********************
 ********************                                                                                ********************
 ************************************************************************************************************************
 


 THETA - VECTOR OF FIXED EFFECTS PARAMETERS   *********


         TH 1      TH 2      TH 3      TH 4      TH 5      TH 6     
 
         9.82E+01  4.85E+02  2.26E+00  2.64E-02  2.89E-01  5.87E-01
 


 OMEGA - COV MATRIX FOR RANDOM EFFECTS - ETAS  ********


         ETA1      ETA2     
 
 ETA1
+        5.09E-02
 
 ETA2
+        0.00E+00  5.66E-02
 


 SIGMA - COV MATRIX FOR RANDOM EFFECTS - EPSILONS  ****


         EPS1      EPS2     
 
 EPS1
+        9.54E-02
 
 EPS2
+        0.00E+00  1.01E-01
 
1


 OMEGA - CORR MATRIX FOR RANDOM EFFECTS - ETAS  *******


         ETA1      ETA2     
 
 ETA1
+        2.26E-01
 
 ETA2
+        0.00E+00  2.38E-01
 


 SIGMA - CORR MATRIX FOR RANDOM EFFECTS - EPSILONS  ***


         EPS1      EPS2     
 
 EPS1
+        3.09E-01
 
 EPS2
+        0.00E+00  3.18E-01
 
1
 ************************************************************************************************************************
 ********************                                                                                ********************
 ********************               FIRST ORDER CONDITIONAL ESTIMATION WITH INTERACTION              ********************
 ********************                            STANDARD ERROR OF ESTIMATE                          ********************
 ********************                                                                                ********************
 ************************************************************************************************************************
 


 THETA - VECTOR OF FIXED EFFECTS PARAMETERS   *********


         TH 1      TH 2      TH 3      TH 4      TH 5      TH 6     
 
         3.61E+00  4.02E+01  5.58E-01  2.02E-02  8.03E-02  7.92E-02
 


 OMEGA - COV MATRIX FOR RANDOM EFFECTS - ETAS  ********


         ETA1      ETA2     
 
 ETA1
+        1.11E-02
 
 ETA2
+       .........  1.25E-02
 


 SIGMA - COV MATRIX FOR RANDOM EFFECTS - EPSILONS  ****


         EPS1      EPS2     
 
 EPS1
+        6.80E-03
 
 EPS2
+       .........  1.21E-01
 
1


 OMEGA - CORR MATRIX FOR RANDOM EFFECTS - ETAS  *******


         ETA1      ETA2     
 
 ETA1
+        2.47E-02
 
 ETA2
+       .........  2.63E-02
 


 SIGMA - CORR MATRIX FOR RANDOM EFFECTS - EPSILONS  ***


         EPS1      EPS2     
 
 EPS1
+        1.10E-02
 
 EPS2
+       .........  1.90E-01
 
1
 ************************************************************************************************************************
 ********************                                                                                ********************
 ********************               FIRST ORDER CONDITIONAL ESTIMATION WITH INTERACTION              ********************
 ********************                          COVARIANCE MATRIX OF ESTIMATE                         ********************
 ********************                                                                                ********************
 ************************************************************************************************************************
 

            TH 1      TH 2      TH 3      TH 4      TH 5      TH 6      OM11      OM12      OM22      SG11      SG12      SG22  

 
 TH 1
+        1.30E+01
 
 TH 2
+        4.97E+01  1.62E+03
 
 TH 3
+       -9.93E-03  1.40E+01  3.11E-01
 
 TH 4
+       -2.06E-03 -6.00E-01 -6.72E-03  4.10E-04
 
 TH 5
+        3.01E-02 -1.49E+00 -1.49E-02  1.47E-03  6.44E-03
 
 TH 6
+       -1.93E-02  1.08E+00  3.95E-02 -6.13E-04 -1.36E-03  6.27E-03
 
 OM11
+        8.13E-04 -2.38E-02  3.51E-04 -2.59E-06 -8.79E-07  6.02E-05  1.24E-04
 
 OM12
+       ......... ......... ......... ......... ......... ......... ......... .........
 
 OM22
+        1.32E-03 -5.62E-02 -2.27E-03  1.28E-05 -9.91E-05 -2.28E-04  2.06E-05 .........  1.56E-04
 
 SG11
+        1.52E-03 -5.23E-02 -1.42E-03  2.76E-05  7.88E-05 -1.81E-04 -1.32E-05 ......... -7.02E-07  4.62E-05
 
 SG12
+       ......... ......... ......... ......... ......... ......... ......... ......... ......... ......... .........
 
 SG22
+       -1.24E-01 -1.24E+00 -8.64E-03  2.66E-04 -7.33E-04  1.93E-04 -4.81E-04 ......... -2.63E-05  4.71E-05 .........  1.46E-02
 
1
 ************************************************************************************************************************
 ********************                                                                                ********************
 ********************               FIRST ORDER CONDITIONAL ESTIMATION WITH INTERACTION              ********************
 ********************                          CORRELATION MATRIX OF ESTIMATE                        ********************
 ********************                                                                                ********************
 ************************************************************************************************************************
 

            TH 1      TH 2      TH 3      TH 4      TH 5      TH 6      OM11      OM12      OM22      SG11      SG12      SG22  

 
 TH 1
+        3.61E+00
 
 TH 2
+        3.43E-01  4.02E+01
 
 TH 3
+       -4.94E-03  6.25E-01  5.58E-01
 
 TH 4
+       -2.82E-02 -7.38E-01 -5.95E-01  2.02E-02
 
 TH 5
+        1.04E-01 -4.60E-01 -3.33E-01  9.03E-01  8.03E-02
 
 TH 6
+       -6.78E-02  3.40E-01  8.95E-01 -3.82E-01 -2.14E-01  7.92E-02
 
 OM11
+        2.02E-02 -5.31E-02  5.64E-02 -1.15E-02 -9.83E-04  6.82E-02  1.11E-02
 
 OM12
+       ......... ......... ......... ......... ......... ......... ......... .........
 
 OM22
+        2.94E-02 -1.12E-01 -3.26E-01  5.08E-02 -9.89E-02 -2.31E-01  1.48E-01 .........  1.25E-02
 
 SG11
+        6.20E-02 -1.91E-01 -3.75E-01  2.01E-01  1.45E-01 -3.36E-01 -1.74E-01 ......... -8.27E-03  6.80E-03
 
 SG12
+       ......... ......... ......... ......... ......... ......... ......... ......... ......... ......... .........
 
 SG22
+       -2.83E-01 -2.55E-01 -1.28E-01  1.09E-01 -7.55E-02  2.02E-02 -3.57E-01 ......... -1.74E-02  5.73E-02 .........  1.21E-01
 
1
 ************************************************************************************************************************
 ********************                                                                                ********************
 ********************               FIRST ORDER CONDITIONAL ESTIMATION WITH INTERACTION              ********************
 ********************                      INVERSE COVARIANCE MATRIX OF ESTIMATE                     ********************
 ********************                                                                                ********************
 ************************************************************************************************************************
 

            TH 1      TH 2      TH 3      TH 4      TH 5      TH 6      OM11      OM12      OM22      SG11      SG12      SG22  

 
 TH 1
+        1.17E-01
 
 TH 2
+       -9.41E-03  4.01E-03
 
 TH 3
+        8.32E-01 -1.66E-01  7.01E+01
 
 TH 4
+       -1.37E+00  1.05E+01  1.08E+03  8.97E+04
 
 TH 5
+       -1.12E+00 -1.65E+00 -1.94E+02 -1.64E+04  3.25E+03
 
 TH 6
+       -3.60E+00  9.42E-01 -3.28E+02 -3.30E+03  5.91E+02  1.79E+03
 
 OM11
+       -1.09E+00  9.69E-01 -3.58E+01  1.26E+02  1.12E+02 -4.08E+00  1.03E+04
 
 OM12
+       ......... ......... ......... ......... ......... ......... ......... .........
 
 OM22
+        2.12E+00 -1.58E+00  2.71E+02 -3.23E+03  8.73E+02 -1.15E+03 -1.39E+03 .........  9.12E+03
 
 SG11
+       -1.25E+00  3.12E-01  3.32E+02  7.74E+03 -1.40E+03 -8.55E+02  2.28E+03 .........  2.00E+03  2.74E+04
 
 SG12
+       ......... ......... ......... ......... ......... ......... ......... ......... ......... ......... .........
 
 SG22
+        6.70E-01 -9.67E-02  7.53E+00 -9.17E+02  1.99E+02 -7.76E+01  3.85E+02 .........  1.26E+02  2.51E+00 .........  1.11E+02
 
1
 
 
 
 
 
 
 
 
 
 
 
 
 
 
 
 
 
 
 
 
 ************************************************************************************************************************
 ********************                                                                                ********************
 ********************               FIRST ORDER CONDITIONAL ESTIMATION WITH INTERACTION              ********************
 ********************                      EIGENVALUES OF COR MATRIX OF ESTIMATE                     ********************
 ********************                                                                                ********************
 ************************************************************************************************************************
 

             1         2         3         4         5         6         7         8         9        10
 
         1.52E-02  3.55E-02  2.91E-01  5.35E-01  6.41E-01  8.19E-01  1.26E+00  1.43E+00  1.56E+00  3.41E+00
 
 Elapsed finaloutput time in seconds:     0.01
 #CPUT: Total CPU Time in Seconds,        6.480
Stop Time:
Mon 19 Dec 2022 07:12:27 AM PST
OFV = 4718.163467497472
success = True
covariance = True
correlation = True
Condition # = 224.08693484098646
Num Non fixed THETAs = 6
Num Non fixed OMEGAs = 2
Num Non fixed SIGMAs = 2
Original run directory = /home/CertaraUser/pydarwin/Example2/temp/5D03/15
