Mon Mar  6 16:32:58 CST 2023
$PROBLEM    2 compartment fitting
$INPUT       ID TIME AMT DROP DV MDV EVID WT AGE SEX BUN SCR OCC CRCL COV1 COV2

$DATA      /home/jcraig/Example4/dataWithPeriod.csv IGNORE=@

$SUBROUTINE ADVAN4 ;; advan4 
$PK      
  CWTKGONE = WT/81  ;; WEIGHT CENTERED ON ONE
  CWTKGZERO = WT-81 ;; WEIGHT CENTERED ON ZERO
  CAGE = AGE/60     ;; AGE CENTERED ON ONE
  CCRCL = CRCL/85.6 ;; CRCL CENTERD ON ONE
  CCOV1 = COV1-15.4 ;; COVARIATE 1 CENTERED ON ZERO
  IF(OCC.EQ.1) IOVV = ETA(6) 
  IF(OCC.EQ.2) IOVV = ETA(7) 
  IF(OCC.EQ.3) IOVV = ETA(8)  
  TVV2=THETA(1) *EXP(CWTKGZERO*THETA(6)) *EXP(SEX*THETA(7))  *EXP(COV2*THETA(8))  *EXP(IOVV)
  V2=TVV2*EXP(ETA(2))   
  IOVCL = 0
  TVCL= THETA(3)   *CCRCL**THETA(9)  *EXP(IOVCL)
  CL=TVCL*EXP(ETA(1)) 

  K=CL/V2      
  K23=THETA(4)
  K32=THETA(5)  
  ALAG1=THETA(10)*EXP(ETA(4))
  ;; No D1    
  TVKA=THETA(2) 
  KA=TVKA  *EXP(ETA(3))     
  S2 = V2 
$ERROR     	
  REP = IREP      
  IPRED =F  
  IOBS = F *EXP(EPS(1))+EPS(2)
  Y=IOBS
$THETA      
  (0.001,100) 	; THETA(1) V  UNITS = L
  (0.001, 10) 	; THETA(2) KA UNITS = 1/HR    
  (0.001,2)	; THETA(3) CL UNITS =  L/HR
  (0.001,0.02)  	 ; THETA(4) K23 
  (0.001,0.3) 	 ; THETA(5) K32 
  ; init for K23~WT    
  (-1,0.01) 	; THETA(6) EXPONENTIAL volume ~WT    
  (-4,0.1) 	; THETA(7) EXPONENTIAL volume~SEX    

  (-4,0.1) 	; THETA(8) EXPONENTIAL volume ~COV2 


  (-4,-0.2) 	; THETA(9) POWER clearance~CRCL 

  (0.001,0.1) 	; THETA(10) ALAG1   
$OMEGA    
  0.1  		; ETA(1) CLEARANCE 
  0.4  		; ETA(2) VOLUME  
$OMEGA ;; 2nd OMEGA block 
  0.1		; ETA(3) ETA ON KA  
$OMEGA  ;; diagonal OMEGA 
  0.1 		;; ETA(4) ETA ON ALAG1
  0.1 		;; ETA(5) ETA ON D1 
  ;; no iov ON CL
$OMEGA BLOCK(1) ; ETA(6)
  0.1 
$OMEGA BLOCK SAME ; ETA(7)
$OMEGA BLOCK SAME ; ETA(8)
$SIGMA   
  0.1 	; EPS(1) proportional error
  100 	; EPS(2) additive error

$EST METHOD=COND INTER MAX = 9999 MSFO=MSF1 PRINT = 10
$COV UNCOND PRINT=E  PRECOND=1 PRECONDS=TOS  MATRIX = R

$TABLE REP ID TIME DV EVID NOPRINT FILE = ORG.DAT ONEHEADER NOAPPEND

$PROB SIMULATION FOR CMAX

$INPUT       ID TIME AMT DROP DV MDV EVID WT AGE SEX BUN SCR OCC CRCL COV1 COV2
$DATA      /home/jcraig/Example4/dataWithPeriod.csv IGNORE=@  REWIND
$MSFI = MSF1
$SIMULATION (1) ONLYSIM  
$TABLE REP ID TIME IOBS EVID  NOAPPEND NOPRINT FILE = SIM.DAT ONEHEADER NOAPPEND

;; Phenotype 
;; OrderedDict([('ADVAN', 1), ('K23~WT', 0), ('KAETA', 1), ('V2~WT', 2), ('V2~AGE', 0), ('V2~SEX', 1), ('V2~COV2', 1), ('CL~WT', 0), ('CL~AGE', 0), ('CL~CRCL', 1), ('CL~COV1', 0), ('IOVCL', 1), ('IOVV', 0), ('INITCL', 0), ('ETAD1LAG', 3), ('D1LAG', 0), ('RESERR', 0)])
;; Genotype 
;; [0, 1, 0, 1, 1, 1, 0, 1, 1, 0, 0, 0, 1, 0, 1, 0, 0, 1, 0, 1, 0, 0, 0]
;; Num non-influential tokens = 0
NM-TRAN MESSAGES
  
 WARNINGS AND ERRORS (IF ANY) FOR PROBLEM    1
             
 (WARNING  2) NM-TRAN INFERS THAT THE DATA ARE POPULATION.
             
 (WARNING  3) THERE MAY BE AN ERROR IN THE ABBREVIATED CODE. THE FOLLOWING
 ONE OR MORE RANDOM VARIABLES ARE DEFINED WITH "IF" STATEMENTS THAT DO NOT
 PROVIDE DEFINITIONS FOR BOTH THE "THEN" AND "ELSE" CASES. IF ALL
 CONDITIONS FAIL, THE VALUES OF THESE VARIABLES WILL BE ZERO.
  
   IOVV

             
 (WARNING  31) $OMEGA INCLUDES A NON-FIXED INITIAL ESTIMATE CORRESPONDING TO
 AN ETA THAT IS NOT USED IN ABBREVIATED CODE.
 THIS WARNING APPLIES TO THE FOLLOWING OMEGA/ETAS:
 OMEGA/ETAS     5
             
 (WARNING  41) NON-FIXED PARAMETER ESTIMATES CORRESPONDING TO UNUSED
 PARAMETERS MAY CAUSE THE COVARIANCE STEP TO FAIL.
  
 WARNINGS AND ERRORS (IF ANY) FOR PROBLEM    2
             
 (WARNING  2) NM-TRAN INFERS THAT THE DATA ARE POPULATION.
  
Note: Analytical 2nd Derivatives are constructed in FSUBS but are never used.
      You may insert $ABBR DERIV2=NO after the first $PROB to save FSUBS construction and compilation time
  

License Registered to: Certara USA
Expiration Date:    14 MAR 2023
Current Date:        6 MAR 2023
  **** WARNING!!! Days until program expires :   8 ****
  **** CONTACT idssoftware@iconplc.com FOR RENEWAL ****
1NONLINEAR MIXED EFFECTS MODEL PROGRAM (NONMEM) VERSION 7.5.1
 ORIGINALLY DEVELOPED BY STUART BEAL, LEWIS SHEINER, AND ALISON BOECKMANN
 CURRENT DEVELOPERS ARE ROBERT BAUER, ICON DEVELOPMENT SOLUTIONS,
 AND ALISON BOECKMANN. IMPLEMENTATION, EFFICIENCY, AND STANDARDIZATION
 PERFORMED BY NOUS INFOSYSTEMS.

 PROBLEM NO.:         1
 2 compartment fitting
0DATA CHECKOUT RUN:              NO
 DATA SET LOCATED ON UNIT NO.:    2
 THIS UNIT TO BE REWOUND:        NO
 NO. OF DATA RECS IN DATA SET:     1110
 NO. OF DATA ITEMS IN DATA SET:  15
 ID DATA ITEM IS DATA ITEM NO.:   1
 DEP VARIABLE IS DATA ITEM NO.:   4
 MDV DATA ITEM IS DATA ITEM NO.:  5
0INDICES PASSED TO SUBROUTINE PRED:
   6   2   3   0   0   0   0   0   0   0   0
0LABELS FOR DATA ITEMS:
 ID TIME AMT DV MDV EVID WT AGE SEX BUN SCR OCC CRCL COV1 COV2
0(NONBLANK) LABELS FOR PRED-DEFINED ITEMS:
 REP
0FORMAT FOR DATA:
 (1(8E9.0/),7E9.0)

 TOT. NO. OF OBS RECS:      951
 TOT. NO. OF INDIVIDUALS:       66
0LENGTH OF THETA:  10
0DEFAULT THETA BOUNDARY TEST OMITTED:    NO
0OMEGA HAS BLOCK FORM:
  1
  0  2
  0  0  3
  0  0  0  4
  0  0  0  0  5
  0  0  0  0  0  6
  0  0  0  0  0  0  6
  0  0  0  0  0  0  0  6
0DEFAULT OMEGA BOUNDARY TEST OMITTED:    NO
0SIGMA HAS SIMPLE DIAGONAL FORM WITH DIMENSION:   2
0DEFAULT SIGMA BOUNDARY TEST OMITTED:    NO
0INITIAL ESTIMATE OF THETA:
 LOWER BOUND    INITIAL EST    UPPER BOUND
  0.1000E-02     0.1000E+03     0.1000E+07
  0.1000E-02     0.1000E+02     0.1000E+07
  0.1000E-02     0.2000E+01     0.1000E+07
  0.1000E-02     0.2000E-01     0.1000E+07
  0.1000E-02     0.3000E+00     0.1000E+07
 -0.1000E+01     0.1000E-01     0.1000E+07
 -0.4000E+01     0.1000E+00     0.1000E+07
 -0.4000E+01     0.1000E+00     0.1000E+07
 -0.4000E+01    -0.2000E+00     0.1000E+07
  0.1000E-02     0.1000E+00     0.1000E+07
0INITIAL ESTIMATE OF OMEGA:
 BLOCK SET NO.   BLOCK                                                                    FIXED
        1                                                                                   NO
                  0.1000E+00
        2                                                                                   NO
                  0.4000E+00
        3                                                                                   NO
                  0.1000E+00
        4                                                                                   NO
                  0.1000E+00
        5                                                                                   NO
                  0.1000E+00
        6                                                                                   NO
                  0.1000E+00
0INITIAL ESTIMATE OF SIGMA:
 0.1000E+00
 0.0000E+00   0.1000E+03
0COVARIANCE STEP OMITTED:        NO
 R MATRIX SUBSTITUTED:          YES
 S MATRIX SUBSTITUTED:           NO
 EIGENVLS. PRINTED:             YES
 COMPRESSED FORMAT:              NO
 GRADIENT METHOD USED:     NOSLOW
 SIGDIGITS ETAHAT (SIGLO):                  -1
 SIGDIGITS GRADIENTS (SIGL):                -1
 EXCLUDE COV FOR FOCE (NOFCOV):              NO
 Cholesky Transposition of R Matrix (CHOLROFF):0
 KNUTHSUMOFF:                                -1
 RESUME COV ANALYSIS (RESUME):               NO
 SIR SAMPLE SIZE (SIRSAMPLE):
 NON-LINEARLY TRANSFORM THETAS DURING COV (THBND): 1
 PRECONDTIONING CYCLES (PRECOND):        1
 PRECONDTIONING TYPES (PRECONDS):        TOS
 FORCED PRECONDTIONING CYCLES (PFCOND):0
 PRECONDTIONING TYPE (PRETYPE):        0
 FORCED POS. DEFINITE SETTING DURING PRECONDITIONING: (FPOSDEF):0
 SIMPLE POS. DEFINITE SETTING: (POSDEF):-1
0TABLES STEP OMITTED:    NO
 NO. OF TABLES:           1
 SEED NUMBER (SEED):    11456
 NPDTYPE:    0
 INTERPTYPE:    0
 RANMETHOD:             3U
 MC SAMPLES (ESAMPLE):    300
 WRES SQUARE ROOT TYPE (WRESCHOL): EIGENVALUE
0-- TABLE   1 --
0RECORDS ONLY:    ALL
04 COLUMNS APPENDED:    NO
 PRINTED:                NO
 HEADERS:               ONE
 FILE TO BE FORWARDED:   NO
 FORMAT:                S1PE11.4
 IDFORMAT:
 LFORMAT:
 RFORMAT:
 FIXED_EFFECT_ETAS:
0USER-CHOSEN ITEMS:
 REP ID TIME DV EVID
1DOUBLE PRECISION PREDPP VERSION 7.5.1

 TWO COMPARTMENT MODEL WITH FIRST-ORDER ABSORPTION (ADVAN4)
0MAXIMUM NO. OF BASIC PK PARAMETERS:   5
0BASIC PK PARAMETERS (AFTER TRANSLATION):
   BASIC PK PARAMETER NO.  1: ELIMINATION RATE (K)
   BASIC PK PARAMETER NO.  2: CENTRAL-TO-PERIPH. RATE (K23)
   BASIC PK PARAMETER NO.  3: PERIPH.-TO-CENTRAL RATE (K32)
   BASIC PK PARAMETER NO.  5: ABSORPTION RATE (KA)
0COMPARTMENT ATTRIBUTES
 COMPT. NO.   FUNCTION   INITIAL    ON/OFF      DOSE      DEFAULT    DEFAULT
                         STATUS     ALLOWED    ALLOWED    FOR DOSE   FOR OBS.
    1         DEPOT        OFF        YES        YES        YES        NO
    2         CENTRAL      ON         NO         YES        NO         YES
    3         PERIPH.      ON         NO         YES        NO         NO
    4         OUTPUT       OFF        YES        NO         NO         NO
1
 ADDITIONAL PK PARAMETERS - ASSIGNMENT OF ROWS IN GG
 COMPT. NO.                             INDICES
              SCALE      BIOAVAIL.   ZERO-ORDER  ZERO-ORDER  ABSORB
                         FRACTION    RATE        DURATION    LAG
    1            *           *           *           *           6
    2            7           *           *           *           *
    3            *           *           *           *           *
    4            *           -           -           -           -
             - PARAMETER IS NOT ALLOWED FOR THIS MODEL
             * PARAMETER IS NOT SUPPLIED BY PK SUBROUTINE;
               WILL DEFAULT TO ONE IF APPLICABLE
0DATA ITEM INDICES USED BY PRED ARE:
   EVENT ID DATA ITEM IS DATA ITEM NO.:      6
   TIME DATA ITEM IS DATA ITEM NO.:          2
   DOSE AMOUNT DATA ITEM IS DATA ITEM NO.:   3

0PK SUBROUTINE CALLED WITH EVERY EVENT RECORD.
 PK SUBROUTINE NOT CALLED AT NONEVENT (ADDITIONAL OR LAGGED) DOSE TIMES.
0ERROR SUBROUTINE CALLED WITH EVERY EVENT RECORD.
1


 #TBLN:      1
 #METH: First Order Conditional Estimation with Interaction

 ESTIMATION STEP OMITTED:                 NO
 ANALYSIS TYPE:                           POPULATION
 NUMBER OF SADDLE POINT RESET ITERATIONS:      0
 GRADIENT METHOD USED:               NOSLOW
 CONDITIONAL ESTIMATES USED:              YES
 CENTERED ETA:                            NO
 EPS-ETA INTERACTION:                     YES
 LAPLACIAN OBJ. FUNC.:                    NO
 NO. OF FUNCT. EVALS. ALLOWED:            9999
 NO. OF SIG. FIGURES REQUIRED:            3
 INTERMEDIATE PRINTOUT:                   YES
 ESTIMATE OUTPUT TO MSF:                  YES
 IND. OBJ. FUNC. VALUES SORTED:           NO
 NUMERICAL DERIVATIVE
       FILE REQUEST (NUMDER):               NONE
 MAP (ETAHAT) ESTIMATION METHOD (OPTMAP):   0
 ETA HESSIAN EVALUATION METHOD (ETADER):    0
 INITIAL ETA FOR MAP ESTIMATION (MCETA):    0
 SIGDIGITS FOR MAP ESTIMATION (SIGLO):      100
 GRADIENT SIGDIGITS OF
       FIXED EFFECTS PARAMETERS (SIGL):     100
 NOPRIOR SETTING (NOPRIOR):                 0
 NOCOV SETTING (NOCOV):                     OFF
 DERCONT SETTING (DERCONT):                 OFF
 FINAL ETA RE-EVALUATION (FNLETA):          1
 EXCLUDE NON-INFLUENTIAL (NON-INFL.) ETAS
       IN SHRINKAGE (ETASTYPE):             NO
 NON-INFL. ETA CORRECTION (NONINFETA):      0
 RAW OUTPUT FILE (FILE): NM_5S070_089.ext
 EXCLUDE TITLE (NOTITLE):                   NO
 EXCLUDE COLUMN LABELS (NOLABEL):           NO
 FORMAT FOR ADDITIONAL FILES (FORMAT):      S1PE12.5
 PARAMETER ORDER FOR OUTPUTS (ORDER):       TSOL
 KNUTHSUMOFF:                               0
 INCLUDE LNTWOPI:                           NO
 INCLUDE CONSTANT TERM TO PRIOR (PRIORC):   NO
 INCLUDE CONSTANT TERM TO OMEGA (ETA) (OLNTWOPI):NO
 ADDITIONAL CONVERGENCE TEST (CTYPE=4)?:    NO
 EM OR BAYESIAN METHOD USED:                 NONE


 THE FOLLOWING LABELS ARE EQUIVALENT
 PRED=PREDI
 RES=RESI
 WRES=WRESI
 IWRS=IWRESI
 IPRD=IPREDI
 IRS=IRESI

 MONITORING OF SEARCH:


0ITERATION NO.:    0    OBJECTIVE VALUE:   10434.2885223731        NO. OF FUNC. EVALS.:  14
 CUMULATIVE NO. OF FUNC. EVALS.:       14
 NPARAMETR:  1.0000E+02  1.0000E+01  2.0000E+00  2.0000E-02  3.0000E-01  1.0000E-02  1.0000E-01  1.0000E-01 -2.0000E-01  1.0000E-01
             1.0000E-01  4.0000E-01  1.0000E-01  1.0000E-01  1.0000E-01  1.0000E-01  1.0000E-01  1.0000E+02
 PARAMETER:  1.0000E-01  1.0000E-01  1.0000E-01  1.0000E-01  1.0000E-01  1.0000E-01  1.0000E-01  1.0000E-01  1.0000E-01  1.0000E-01
             1.0000E-01  1.0000E-01  1.0000E-01  1.0000E-01  1.0000E-01  1.0000E-01  1.0000E-01  1.0000E-01
 GRADIENT:   1.9175E+01 -1.7707E+01 -1.1194E+03 -5.5427E+01  5.8083E+01  1.1256E+03  1.1958E+02  1.2022E+03  2.0719E+02  4.4112E+00
            -1.1920E+03  1.1729E+01 -1.5512E-02  2.4841E+00  0.0000E+00  3.6162E+01 -3.6367E+02  1.4062E+01

0ITERATION NO.:   10    OBJECTIVE VALUE:   9270.12710201833        NO. OF FUNC. EVALS.: 158
 CUMULATIVE NO. OF FUNC. EVALS.:      172
 NPARAMETR:  1.0054E+02  1.4571E+01  1.3328E+01  3.5690E-01  1.8757E-01  5.1178E-02 -1.0370E+00 -9.5787E-02  1.5230E-01  1.2367E-01
             9.9018E-02  5.0131E-01  9.5243E-02  6.6991E-02  1.0000E-01  3.7603E-03  9.2177E-02  3.3882E-02
 PARAMETER:  1.0534E-01  4.7647E-01  1.9972E+00  3.0302E+00 -3.7165E-01  1.3996E-01 -2.2479E-01  5.1069E-02  1.8866E-01  3.1438E-01
             9.5068E-02  2.1288E-01  7.5630E-02 -1.0031E-01  1.0000E-01 -1.5403E+00  5.9270E-02 -3.8950E+00
 GRADIENT:   3.0407E+01  1.8030E+01  5.9438E+02  2.6063E+02 -5.1680E+02  4.8881E+03 -5.2004E+01 -1.4357E+03  1.5339E+02 -9.9424E+00
            -3.6457E+02 -1.6053E+02  8.7371E-01 -1.8539E+00  0.0000E+00 -3.0669E+01  1.5989E+02 -2.0101E+00

0ITERATION NO.:   20    OBJECTIVE VALUE:   8790.34150799406        NO. OF FUNC. EVALS.: 153
 CUMULATIVE NO. OF FUNC. EVALS.:      325
 NPARAMETR:  5.9567E+01  4.3990E+00  8.0511E+00  7.0004E-01  3.8437E-01 -9.0643E-03 -3.7504E-01  4.5721E-02  4.4588E-01  1.7602E-01
             2.4329E-01  3.4200E-01  3.7858E-01  9.4296E-02  1.0000E-01  1.0000E-05  5.8202E-02  8.5021E-02
 PARAMETER: -4.1807E-01 -7.2133E-01  1.4930E+00  3.7053E+00  3.4856E-01  8.0944E-02 -2.3145E-02  8.6673E-02  2.5698E-01  6.6977E-01
             5.4455E-01  2.1678E-02  7.6562E-01  7.0637E-02  1.0000E-01 -9.0297E+00 -1.7063E-01 -3.4350E+00
 GRADIENT:  -6.8505E+00  1.3953E+00  3.5647E+00 -9.5166E+01  1.4909E+02 -1.6050E+03 -1.2298E+02  1.3705E+03  2.2020E+02 -4.8017E+00
            -8.7103E+00  5.4059E+00  9.4107E+00  1.2848E+01  0.0000E+00  0.0000E+00  1.0621E+02 -2.7820E+00

0ITERATION NO.:   30    OBJECTIVE VALUE:   8698.09345431878        NO. OF FUNC. EVALS.: 156
 CUMULATIVE NO. OF FUNC. EVALS.:      481
 NPARAMETR:  3.5268E+01  2.3974E+00  7.7540E+00  1.3659E+00  4.0237E-01  1.3561E-03 -8.8140E-02 -1.9605E-02 -2.4021E-01  1.7082E-01
             2.2126E-01  2.4517E-01  2.2843E-01  5.2575E-03  1.0000E-01  1.0000E-05  4.9471E-02  6.8437E-01
 PARAMETER: -9.4221E-01 -1.3285E+00  1.4554E+00  4.3744E+00  3.9444E-01  9.1405E-02  5.3026E-02  7.0394E-02  8.9363E-02  6.3961E-01
             4.9709E-01 -1.4475E-01  5.1304E-01 -1.3728E+00  1.0000E-01 -6.8338E+00 -2.5189E-01 -2.3922E+00
 GRADIENT:  -3.3817E+00 -9.2987E-01 -1.7253E+00 -8.2169E+00  6.5920E+00  2.2491E+01 -6.6352E+00  1.4076E+01  3.8176E+00 -4.1599E-02
             3.5306E-02 -3.5979E+00 -2.4953E+00  5.9555E-01  0.0000E+00  0.0000E+00 -1.0109E+00  4.6890E-01

0ITERATION NO.:   40    OBJECTIVE VALUE:   8599.33374238020        NO. OF FUNC. EVALS.: 304
 CUMULATIVE NO. OF FUNC. EVALS.:      785
 NPARAMETR:  1.1913E+01  1.2347E+00  8.6795E+00  3.6375E+00  3.3204E-01  7.4016E-03 -1.0152E-01 -1.6666E-02 -5.2021E-02  1.9727E-01
             2.1268E-01  1.8108E-01  1.4346E-01  1.0000E-05  1.0000E-01  4.0212E-02  4.7283E-02  5.9233E-01
 PARAMETER: -2.0276E+00 -1.9925E+00  1.5682E+00  5.3543E+00  2.0180E-01  9.7424E-02  4.9599E-02  7.1132E-02  1.3820E-01  7.8439E-01
             4.7730E-01 -2.9627E-01  2.8044E-01 -5.3280E+00  1.0000E-01 -3.5551E-01 -2.7451E-01 -2.4644E+00
 GRADIENT:  -5.7690E+01  6.9695E+01  3.0958E+01 -3.6292E+01 -1.7660E+02  7.0232E+02 -5.1105E+01  1.4168E+01  3.0577E+01  5.4729E+00
             7.8426E+00 -3.7659E+01 -2.8276E+00  0.0000E+00  0.0000E+00 -2.1749E+01  1.9945E+02 -6.3249E-01

0ITERATION NO.:   50    OBJECTIVE VALUE:   8560.65628431691        NO. OF FUNC. EVALS.: 363
 CUMULATIVE NO. OF FUNC. EVALS.:     1148
 NPARAMETR:  2.0141E+01  1.5158E+00  8.2245E+00  2.6962E+00  4.0239E-01  4.5180E-03 -1.4554E-01 -2.1603E-02 -1.3836E-01  1.8924E-01
             1.8785E-01  2.2488E-01  1.6437E-01  2.0902E-05  1.0000E-01  5.7258E-02  3.8617E-02  8.5466E-01
 PARAMETER: -1.5024E+00 -1.7872E+00  1.5143E+00  5.0548E+00  3.9450E-01  9.4557E-02  3.8245E-02  6.9892E-02  1.1609E-01  7.4261E-01
             4.1524E-01 -1.8796E-01  3.4847E-01 -4.1365E+00  1.0000E-01 -1.7880E-01 -3.7573E-01 -2.2811E+00
 GRADIENT:  -4.3553E-01 -1.2712E-01  1.7835E-01 -5.1540E-01 -3.4628E-01 -1.0274E+01 -1.2725E+00 -3.7162E+00 -4.0542E-01  1.1849E-01
            -8.6188E-01  2.9362E-01  1.7547E-01 -6.5482E-03  0.0000E+00  5.8892E-02 -1.8072E+00 -1.3463E-01

0ITERATION NO.:   55    OBJECTIVE VALUE:   8560.65216290430        NO. OF FUNC. EVALS.: 168
 CUMULATIVE NO. OF FUNC. EVALS.:     1316
 NPARAMETR:  2.0173E+01  1.5174E+00  8.2224E+00  2.6945E+00  4.0263E-01  4.5616E-03 -1.4448E-01 -2.1481E-02 -1.3731E-01  1.8924E-01
             1.8924E-01  2.2425E-01  1.6398E-01  2.1102E-05  1.0000E-01  5.7145E-02  3.8663E-02  8.7496E-01
 PARAMETER: -1.5009E+00 -1.7862E+00  1.5141E+00  5.0542E+00  3.9508E-01  9.4601E-02  3.8518E-02  6.9923E-02  1.1636E-01  7.4260E-01
             4.1894E-01 -1.8934E-01  3.4728E-01 -4.1318E+00  1.0000E-01 -1.7979E-01 -3.7514E-01 -2.2694E+00
 GRADIENT:   2.5758E-02 -1.5402E-02  9.0148E-03  1.9074E-02  1.0939E-02 -2.9261E-02  3.6110E-02 -4.6220E-02  1.0777E-02 -1.0710E-02
            -1.6352E-02  1.9893E-03  3.2614E-03 -6.5551E-03  0.0000E+00 -4.7097E-03 -2.7472E-02 -4.1082E-04

 #TERM:
0MINIMIZATION SUCCESSFUL
 NO. OF FUNCTION EVALUATIONS USED:     1316
 NO. OF SIG. DIGITS IN FINAL EST.:  3.4

 ETABAR IS THE ARITHMETIC MEAN OF THE ETA-ESTIMATES,
 AND THE P-VALUE IS GIVEN FOR THE NULL HYPOTHESIS THAT THE TRUE MEAN IS 0.

 ETABAR:         4.3645E-03 -1.3653E-02 -7.9808E-03  2.2950E-06  0.0000E+00  2.0630E-02 -7.5117E-03 -1.6598E-02
 SE:             5.1149E-02  5.2434E-02  4.3907E-02  1.1819E-05  0.0000E+00  1.5961E-02  1.1306E-02  1.5581E-02
 N:                      66          66          66          66          66          66          66          66

 P VAL.:         9.3200E-01  7.9457E-01  8.5577E-01  8.4603E-01  1.0000E+00  1.9618E-01  5.0642E-01  2.8677E-01

 ETASHRINKSD(%)  4.4801E+00  1.0048E+01  1.1912E+01  9.7910E+01  1.0000E+02  4.5756E+01  6.1578E+01  4.7047E+01
 ETASHRINKVR(%)  8.7595E+00  1.9087E+01  2.2406E+01  9.9956E+01  1.0000E+02  7.0576E+01  8.5237E+01  7.1960E+01
 EBVSHRINKSD(%)  3.5064E+00  9.6615E+00  1.1759E+01  9.8023E+01  1.0000E+02  4.1666E+01  5.9959E+01  5.3826E+01
 EBVSHRINKVR(%)  6.8898E+00  1.8389E+01  2.2136E+01  9.9961E+01  1.0000E+02  6.5971E+01  8.3967E+01  7.8680E+01
 RELATIVEINF(%)  9.3009E+01  0.0000E+00  7.4673E+01  3.7515E-02  0.0000E+00  0.0000E+00  0.0000E+00  0.0000E+00
 EPSSHRINKSD(%)  1.1079E+01  1.1079E+01
 EPSSHRINKVR(%)  2.0930E+01  2.0930E+01

  
 TOTAL DATA POINTS NORMALLY DISTRIBUTED (N):          951
 N*LOG(2PI) CONSTANT TO OBJECTIVE FUNCTION:    1747.8210901552875     
 OBJECTIVE FUNCTION VALUE WITHOUT CONSTANT:    8560.6521629042963     
 OBJECTIVE FUNCTION VALUE WITH CONSTANT:       10308.473253059583     
 REPORTED OBJECTIVE FUNCTION DOES NOT CONTAIN CONSTANT
  
 TOTAL EFFECTIVE ETAS (NIND*NETA):                           414
  
 #TERE:
 Elapsed estimation  time in seconds:    41.54
 TESTING R MATRIX FOR POSITIVE DEFINITNESS
 R MATRIX IS NOT POSITIVE DEFINITE
 PRECONDITIONING CYCLE NO.            1
 Elapsed covariance  time in seconds:    54.60
 Elapsed postprocess time in seconds:     0.07
1
 
 
 
 
 
 
 
 
 
 
 
 
 
 
 
 
 
 
 
 
 ************************************************************************************************************************
 ********************                                                                                ********************
 ********************               FIRST ORDER CONDITIONAL ESTIMATION WITH INTERACTION              ********************
 #OBJT:**************                       MINIMUM VALUE OF OBJECTIVE FUNCTION                      ********************
 ********************                                                                                ********************
 ************************************************************************************************************************
 





 #OBJV:********************************************     8560.652       **************************************************
1
 ************************************************************************************************************************
 ********************                                                                                ********************
 ********************               FIRST ORDER CONDITIONAL ESTIMATION WITH INTERACTION              ********************
 ********************                             FINAL PARAMETER ESTIMATE                           ********************
 ********************                                                                                ********************
 ************************************************************************************************************************
 


 THETA - VECTOR OF FIXED EFFECTS PARAMETERS   *********


         TH 1      TH 2      TH 3      TH 4      TH 5      TH 6      TH 7      TH 8      TH 9      TH10     
 
         2.02E+01  1.52E+00  8.22E+00  2.69E+00  4.03E-01  4.56E-03 -1.44E-01 -2.15E-02 -1.37E-01  1.89E-01
 


 OMEGA - COV MATRIX FOR RANDOM EFFECTS - ETAS  ********


         ETA1      ETA2      ETA3      ETA4      ETA5      ETA6      ETA7      ETA8     
 
 ETA1
+        1.89E-01
 
 ETA2
+        0.00E+00  2.24E-01
 
 ETA3
+        0.00E+00  0.00E+00  1.64E-01
 
 ETA4
+        0.00E+00  0.00E+00  0.00E+00  2.11E-05
 
 ETA5
+        0.00E+00  0.00E+00  0.00E+00  0.00E+00  1.00E-01
 
 ETA6
+        0.00E+00  0.00E+00  0.00E+00  0.00E+00  0.00E+00  5.71E-02
 
 ETA7
+        0.00E+00  0.00E+00  0.00E+00  0.00E+00  0.00E+00  0.00E+00  5.71E-02
 
 ETA8
+        0.00E+00  0.00E+00  0.00E+00  0.00E+00  0.00E+00  0.00E+00  0.00E+00  5.71E-02
 


 SIGMA - COV MATRIX FOR RANDOM EFFECTS - EPSILONS  ****


         EPS1      EPS2     
 
 EPS1
+        3.87E-02
 
 EPS2
+        0.00E+00  8.75E-01
 
1


 OMEGA - CORR MATRIX FOR RANDOM EFFECTS - ETAS  *******


         ETA1      ETA2      ETA3      ETA4      ETA5      ETA6      ETA7      ETA8     
 
 ETA1
+        4.35E-01
 
 ETA2
+        0.00E+00  4.74E-01
 
 ETA3
+        0.00E+00  0.00E+00  4.05E-01
 
 ETA4
+        0.00E+00  0.00E+00  0.00E+00  4.59E-03
 
 ETA5
+        0.00E+00  0.00E+00  0.00E+00  0.00E+00  3.16E-01
 
 ETA6
+        0.00E+00  0.00E+00  0.00E+00  0.00E+00  0.00E+00  2.39E-01
 
 ETA7
+        0.00E+00  0.00E+00  0.00E+00  0.00E+00  0.00E+00  0.00E+00  2.39E-01
 
 ETA8
+        0.00E+00  0.00E+00  0.00E+00  0.00E+00  0.00E+00  0.00E+00  0.00E+00  2.39E-01
 


 SIGMA - CORR MATRIX FOR RANDOM EFFECTS - EPSILONS  ***


         EPS1      EPS2     
 
 EPS1
+        1.97E-01
 
 EPS2
+        0.00E+00  9.35E-01
 
1
 ************************************************************************************************************************
 ********************                                                                                ********************
 ********************               FIRST ORDER CONDITIONAL ESTIMATION WITH INTERACTION              ********************
 ********************                            STANDARD ERROR OF ESTIMATE                          ********************
 ********************                                                                                ********************
 ************************************************************************************************************************
 


 THETA - VECTOR OF FIXED EFFECTS PARAMETERS   *********


         TH 1      TH 2      TH 3      TH 4      TH 5      TH 6      TH 7      TH 8      TH 9      TH10     
 
         3.58E+00  1.79E-01  4.57E-01  4.03E-01  1.84E-02  3.34E-03  1.36E-01  1.67E-02  1.42E-01  7.96E-03
 


 OMEGA - COV MATRIX FOR RANDOM EFFECTS - ETAS  ********


         ETA1      ETA2      ETA3      ETA4      ETA5      ETA6      ETA7      ETA8     
 
 ETA1
+        3.56E-02
 
 ETA2
+       .........  4.78E-02
 
 ETA3
+       ......... .........  3.89E-02
 
 ETA4
+       ......... ......... .........  1.18E-03
 
 ETA5
+       ......... ......... ......... .........  5.21E+12
 
 ETA6
+       ......... ......... ......... ......... .........  1.50E-02
 
 ETA7
+       ......... ......... ......... ......... ......... ......... .........
 
 ETA8
+       ......... ......... ......... ......... ......... ......... ......... .........
 


 SIGMA - COV MATRIX FOR RANDOM EFFECTS - EPSILONS  ****


         EPS1      EPS2     
 
 EPS1
+        2.16E-03
 
 EPS2
+       .........  7.58E-01
 
1


 OMEGA - CORR MATRIX FOR RANDOM EFFECTS - ETAS  *******


         ETA1      ETA2      ETA3      ETA4      ETA5      ETA6      ETA7      ETA8     
 
 ETA1
+        4.09E-02
 
 ETA2
+       .........  5.05E-02
 
 ETA3
+       ......... .........  4.81E-02
 
 ETA4
+       ......... ......... .........  1.29E-01
 
 ETA5
+       ......... ......... ......... .........  2.72E+25
 
 ETA6
+       ......... ......... ......... ......... .........  3.13E-02
 
 ETA7
+       ......... ......... ......... ......... ......... ......... .........
 
 ETA8
+       ......... ......... ......... ......... ......... ......... ......... .........
 


 SIGMA - CORR MATRIX FOR RANDOM EFFECTS - EPSILONS  ***


         EPS1      EPS2     
 
 EPS1
+        5.49E-03
 
 EPS2
+       .........  4.05E-01
 
1
 ************************************************************************************************************************
 ********************                                                                                ********************
 ********************               FIRST ORDER CONDITIONAL ESTIMATION WITH INTERACTION              ********************
 ********************                          COVARIANCE MATRIX OF ESTIMATE                         ********************
 ********************                                                                                ********************
 ************************************************************************************************************************
 

            TH 1      TH 2      TH 3      TH 4      TH 5      TH 6      TH 7      TH 8      TH 9      TH10      OM11      OM12  
             OM13      OM14      OM15      OM16      OM17      OM18      OM22      OM23      OM24      OM25      OM26      OM27  
            OM28      OM33      OM34      OM35      OM36      OM37      OM38      OM44      OM45      OM46      OM47      OM48  
             OM55      OM56      OM57      OM58      OM66      OM67      OM68      OM77      OM78      OM88      SG11      SG12  
            SG22  
 
 TH 1
+        1.28E+01
 
 TH 2
+        4.89E-01  3.19E-02
 
 TH 3
+        9.97E-03  5.07E-04  2.09E-01
 
 TH 4
+       -1.26E+00 -5.89E-02 -1.15E-03  1.62E-01
 
 TH 5
+        3.93E-02  2.30E-03  2.83E-04 -4.08E-03  3.37E-04
 
 TH 6
+        4.25E-04  3.28E-06 -2.11E-05 -5.45E-06 -2.83E-08  1.12E-05
 
 TH 7
+       -1.40E-01  5.03E-06  4.20E-04  4.86E-05  6.24E-06 -9.33E-05  1.85E-02
 
 TH 8
+        7.02E-04  1.13E-04  6.28E-05 -4.79E-04  8.06E-06 -3.11E-07 -5.01E-06  2.79E-04
 
 TH 9
+        4.91E-03  3.67E-04  4.36E-03 -7.45E-04  6.23E-05 -2.06E-07  1.77E-04 -2.17E-06  2.02E-02
 
 TH10
+       -1.47E-02 -5.55E-04  4.87E-06  2.06E-03 -2.56E-05  4.49E-08 -1.26E-06 -8.89E-06 -8.09E-06  6.33E-05
 
 OM11
+       -5.61E-04 -1.04E-04 -7.90E-04  1.21E-04 -3.77E-05  1.62E-06 -3.45E-05 -5.11E-06 -6.39E-05  1.40E-06  1.27E-03
 
 OM12
+       ......... ......... ......... ......... ......... ......... ......... ......... ......... ......... ......... .........
 
 OM13
+       ......... ......... ......... ......... ......... ......... ......... ......... ......... ......... ......... .........
         .........
 
 OM14
+       ......... ......... ......... ......... ......... ......... ......... ......... ......... ......... ......... .........
         ......... .........
 
 OM15
+       ......... ......... ......... ......... ......... ......... ......... ......... ......... ......... ......... .........
         ......... ......... .........
 
 OM16
+       ......... ......... ......... ......... ......... ......... ......... ......... ......... ......... ......... .........
         ......... ......... ......... .........
 
 OM17
+       ......... ......... ......... ......... ......... ......... ......... ......... ......... ......... ......... .........
         ......... ......... ......... ......... .........
 
 OM18
+       ......... ......... ......... ......... ......... ......... ......... ......... ......... ......... ......... .........
         ......... ......... ......... ......... ......... .........
 
1

            TH 1      TH 2      TH 3      TH 4      TH 5      TH 6      TH 7      TH 8      TH 9      TH10      OM11      OM12  
             OM13      OM14      OM15      OM16      OM17      OM18      OM22      OM23      OM24      OM25      OM26      OM27  
            OM28      OM33      OM34      OM35      OM36      OM37      OM38      OM44      OM45      OM46      OM47      OM48  
             OM55      OM56      OM57      OM58      OM66      OM67      OM68      OM77      OM78      OM88      SG11      SG12  
            SG22  
 
 OM22
+       -8.96E-03 -4.79E-04 -4.69E-04  1.14E-03 -5.83E-05  9.04E-07  1.48E-04 -2.22E-05 -5.82E-05  1.11E-05  6.24E-05 .........
         ......... ......... ......... ......... ......... .........  2.29E-03
 
 OM23
+       ......... ......... ......... ......... ......... ......... ......... ......... ......... ......... ......... .........
         ......... ......... ......... ......... ......... ......... ......... .........
 
 OM24
+       ......... ......... ......... ......... ......... ......... ......... ......... ......... ......... ......... .........
         ......... ......... ......... ......... ......... ......... ......... ......... .........
 
 OM25
+       ......... ......... ......... ......... ......... ......... ......... ......... ......... ......... ......... .........
         ......... ......... ......... ......... ......... ......... ......... ......... ......... .........
 
 OM26
+       ......... ......... ......... ......... ......... ......... ......... ......... ......... ......... ......... .........
         ......... ......... ......... ......... ......... ......... ......... ......... ......... ......... .........
 
 OM27
+       ......... ......... ......... ......... ......... ......... ......... ......... ......... ......... ......... .........
         ......... ......... ......... ......... ......... ......... ......... ......... ......... ......... ......... .........
 
 OM28
+       ......... ......... ......... ......... ......... ......... ......... ......... ......... ......... ......... .........
         ......... ......... ......... ......... ......... ......... ......... ......... ......... ......... ......... .........
        .........
 
 OM33
+        3.72E-02  1.92E-03  7.70E-05 -5.05E-03  1.11E-04 -2.26E-07  4.00E-05  2.38E-06  2.84E-05 -6.48E-05 -1.41E-05 .........
         ......... ......... ......... ......... ......... ......... -3.55E-05 ......... ......... ......... ......... .........
        .........  1.51E-03
 
 OM34
+       ......... ......... ......... ......... ......... ......... ......... ......... ......... ......... ......... .........
         ......... ......... ......... ......... ......... ......... ......... ......... ......... ......... ......... .........
        ......... ......... .........
 
 OM35
+       ......... ......... ......... ......... ......... ......... ......... ......... ......... ......... ......... .........
         ......... ......... ......... ......... ......... ......... ......... ......... ......... ......... ......... .........
        ......... ......... ......... .........
 
 OM36
+       ......... ......... ......... ......... ......... ......... ......... ......... ......... ......... ......... .........
         ......... ......... ......... ......... ......... ......... ......... ......... ......... ......... ......... .........
        ......... ......... ......... ......... .........
 
 OM37
+       ......... ......... ......... ......... ......... ......... ......... ......... ......... ......... ......... .........
         ......... ......... ......... ......... ......... ......... ......... ......... ......... ......... ......... .........
        ......... ......... ......... ......... ......... .........
 
 OM38
+       ......... ......... ......... ......... ......... ......... ......... ......... ......... ......... ......... .........
         ......... ......... ......... ......... ......... ......... ......... ......... ......... ......... ......... .........
        ......... ......... ......... ......... ......... ......... .........
 
1

            TH 1      TH 2      TH 3      TH 4      TH 5      TH 6      TH 7      TH 8      TH 9      TH10      OM11      OM12  
             OM13      OM14      OM15      OM16      OM17      OM18      OM22      OM23      OM24      OM25      OM26      OM27  
            OM28      OM33      OM34      OM35      OM36      OM37      OM38      OM44      OM45      OM46      OM47      OM48  
             OM55      OM56      OM57      OM58      OM66      OM67      OM68      OM77      OM78      OM88      SG11      SG12  
            SG22  
 
 OM44
+       -9.84E-05 -2.83E-06  3.72E-07  1.70E-05  1.07E-07  2.03E-10 -9.48E-08 -3.78E-07 -3.58E-08  1.25E-06 -2.36E-07 .........
         ......... ......... ......... ......... ......... .........  4.02E-07 ......... ......... ......... ......... .........
        ......... -6.47E-07 ......... ......... ......... ......... .........  1.40E-06
 
 OM45
+       ......... ......... ......... ......... ......... ......... ......... ......... ......... ......... ......... .........
         ......... ......... ......... ......... ......... ......... ......... ......... ......... ......... ......... .........
        ......... ......... ......... ......... ......... ......... ......... ......... .........
 
 OM46
+       ......... ......... ......... ......... ......... ......... ......... ......... ......... ......... ......... .........
         ......... ......... ......... ......... ......... ......... ......... ......... ......... ......... ......... .........
        ......... ......... ......... ......... ......... ......... ......... ......... ......... .........
 
 OM47
+       ......... ......... ......... ......... ......... ......... ......... ......... ......... ......... ......... .........
         ......... ......... ......... ......... ......... ......... ......... ......... ......... ......... ......... .........
        ......... ......... ......... ......... ......... ......... ......... ......... ......... ......... .........
 
 OM48
+       ......... ......... ......... ......... ......... ......... ......... ......... ......... ......... ......... .........
         ......... ......... ......... ......... ......... ......... ......... ......... ......... ......... ......... .........
        ......... ......... ......... ......... ......... ......... ......... ......... ......... ......... ......... .........
 
 OM55
+       -3.95E+11 -1.15E+10  1.45E+09  6.78E+10  3.84E+08  7.64E+05 -2.87E+08 -1.50E+09 -1.77E+08  4.94E+09 -1.27E+09 .........
         ......... ......... ......... ......... ......... .........  1.93E+09 ......... ......... ......... ......... .........
        ......... -2.65E+09 ......... ......... ......... ......... .........  5.51E+09 ......... ......... ......... .........
          2.72E+25
 
 OM56
+       ......... ......... ......... ......... ......... ......... ......... ......... ......... ......... ......... .........
         ......... ......... ......... ......... ......... ......... ......... ......... ......... ......... ......... .........
        ......... ......... ......... ......... ......... ......... ......... ......... ......... ......... ......... .........
         ......... .........
 
 OM57
+       ......... ......... ......... ......... ......... ......... ......... ......... ......... ......... ......... .........
         ......... ......... ......... ......... ......... ......... ......... ......... ......... ......... ......... .........
        ......... ......... ......... ......... ......... ......... ......... ......... ......... ......... ......... .........
         ......... ......... .........
 
 OM58
+       ......... ......... ......... ......... ......... ......... ......... ......... ......... ......... ......... .........
         ......... ......... ......... ......... ......... ......... ......... ......... ......... ......... ......... .........
        ......... ......... ......... ......... ......... ......... ......... ......... ......... ......... ......... .........
         ......... ......... ......... .........
 
 OM66
+       -1.56E-03 -9.62E-05  2.15E-05  2.25E-04 -9.33E-06  1.55E-06 -8.07E-05 -2.42E-06  3.50E-05  3.01E-06 -1.07E-05 .........
         ......... ......... ......... ......... ......... ......... -1.09E-04 ......... ......... ......... ......... .........
        ......... -2.71E-06 ......... ......... ......... ......... ......... -1.02E-07 ......... ......... ......... .........
         -4.38E+08 ......... ......... .........  2.24E-04
 
1

            TH 1      TH 2      TH 3      TH 4      TH 5      TH 6      TH 7      TH 8      TH 9      TH10      OM11      OM12  
             OM13      OM14      OM15      OM16      OM17      OM18      OM22      OM23      OM24      OM25      OM26      OM27  
            OM28      OM33      OM34      OM35      OM36      OM37      OM38      OM44      OM45      OM46      OM47      OM48  
             OM55      OM56      OM57      OM58      OM66      OM67      OM68      OM77      OM78      OM88      SG11      SG12  
            SG22  
 
 OM67
+       ......... ......... ......... ......... ......... ......... ......... ......... ......... ......... ......... .........
         ......... ......... ......... ......... ......... ......... ......... ......... ......... ......... ......... .........
        ......... ......... ......... ......... ......... ......... ......... ......... ......... ......... ......... .........
         ......... ......... ......... ......... ......... .........
 
 OM68
+       ......... ......... ......... ......... ......... ......... ......... ......... ......... ......... ......... .........
         ......... ......... ......... ......... ......... ......... ......... ......... ......... ......... ......... .........
        ......... ......... ......... ......... ......... ......... ......... ......... ......... ......... ......... .........
         ......... ......... ......... ......... ......... ......... .........
 
 OM77
+       ......... ......... ......... ......... ......... ......... ......... ......... ......... ......... ......... .........
         ......... ......... ......... ......... ......... ......... ......... ......... ......... ......... ......... .........
        ......... ......... ......... ......... ......... ......... ......... ......... ......... ......... ......... .........
         ......... ......... ......... ......... ......... ......... ......... .........
 
 OM78
+       ......... ......... ......... ......... ......... ......... ......... ......... ......... ......... ......... .........
         ......... ......... ......... ......... ......... ......... ......... ......... ......... ......... ......... .........
        ......... ......... ......... ......... ......... ......... ......... ......... ......... ......... ......... .........
         ......... ......... ......... ......... ......... ......... ......... ......... .........
 
 OM88
+       ......... ......... ......... ......... ......... ......... ......... ......... ......... ......... ......... .........
         ......... ......... ......... ......... ......... ......... ......... ......... ......... ......... ......... .........
        ......... ......... ......... ......... ......... ......... ......... ......... ......... ......... ......... .........
         ......... ......... ......... ......... ......... ......... ......... ......... ......... .........
 
 SG11
+       -1.99E-04 -1.46E-05  4.37E-05  3.88E-05 -4.56E-07 -6.93E-08  1.17E-06  1.62E-07  8.28E-07  3.09E-07 -1.55E-06 .........
         ......... ......... ......... ......... ......... ......... -1.30E-06 ......... ......... ......... ......... .........
        ......... -5.94E-06 ......... ......... ......... ......... ......... -3.24E-08 ......... ......... ......... .........
         -1.07E+08 ......... ......... ......... -1.42E-06 ......... ......... ......... ......... .........  4.66E-06
 
 SG12
+       ......... ......... ......... ......... ......... ......... ......... ......... ......... ......... ......... .........
         ......... ......... ......... ......... ......... ......... ......... ......... ......... ......... ......... .........
        ......... ......... ......... ......... ......... ......... ......... ......... ......... ......... ......... .........
         ......... ......... ......... ......... ......... ......... ......... ......... ......... ......... ......... .........
 
 SG22
+        1.65E-03 -3.23E-04  1.51E-04  5.98E-04 -7.89E-05 -6.49E-05  7.92E-04  5.97E-04 -1.94E-03  1.26E-05  7.86E-04 .........
         ......... ......... ......... ......... ......... .........  1.23E-03 ......... ......... ......... ......... .........
        .........  1.28E-04 ......... ......... ......... ......... ......... -5.71E-06 ......... ......... ......... .........
         -1.88E+10 ......... ......... ......... -1.30E-03 ......... ......... ......... ......... ......... -2.18E-04 .........
         5.75E-01
 
1
 ************************************************************************************************************************
 ********************                                                                                ********************
 ********************               FIRST ORDER CONDITIONAL ESTIMATION WITH INTERACTION              ********************
 ********************                          CORRELATION MATRIX OF ESTIMATE                        ********************
 ********************                                                                                ********************
 ************************************************************************************************************************
 

            TH 1      TH 2      TH 3      TH 4      TH 5      TH 6      TH 7      TH 8      TH 9      TH10      OM11      OM12  
             OM13      OM14      OM15      OM16      OM17      OM18      OM22      OM23      OM24      OM25      OM26      OM27  
            OM28      OM33      OM34      OM35      OM36      OM37      OM38      OM44      OM45      OM46      OM47      OM48  
             OM55      OM56      OM57      OM58      OM66      OM67      OM68      OM77      OM78      OM88      SG11      SG12  
            SG22  
 
 TH 1
+        3.58E+00
 
 TH 2
+        7.65E-01  1.79E-01
 
 TH 3
+        6.09E-03  6.21E-03  4.57E-01
 
 TH 4
+       -8.72E-01 -8.19E-01 -6.22E-03  4.03E-01
 
 TH 5
+        5.99E-01  7.01E-01  3.38E-02 -5.51E-01  1.84E-02
 
 TH 6
+        3.55E-02  5.49E-03 -1.38E-02 -4.04E-03 -4.61E-04  3.34E-03
 
 TH 7
+       -2.87E-01  2.07E-04  6.75E-03  8.86E-04  2.50E-03 -2.05E-01  1.36E-01
 
 TH 8
+        1.18E-02  3.79E-02  8.23E-03 -7.12E-02  2.63E-02 -5.57E-03 -2.21E-03  1.67E-02
 
 TH 9
+        9.65E-03  1.45E-02  6.70E-02 -1.30E-02  2.39E-02 -4.34E-04  9.17E-03 -9.14E-04  1.42E-01
 
 TH10
+       -5.17E-01 -3.91E-01  1.34E-03  6.43E-01 -1.75E-01  1.69E-03 -1.16E-03 -6.69E-02 -7.15E-03  7.96E-03
 
 OM11
+       -4.40E-03 -1.64E-02 -4.85E-02  8.40E-03 -5.77E-02  1.36E-02 -7.11E-03 -8.60E-03 -1.26E-02  4.95E-03  3.56E-02
 
 OM12
+       ......... ......... ......... ......... ......... ......... ......... ......... ......... ......... ......... .........
 
 OM13
+       ......... ......... ......... ......... ......... ......... ......... ......... ......... ......... ......... .........
         .........
 
 OM14
+       ......... ......... ......... ......... ......... ......... ......... ......... ......... ......... ......... .........
         ......... .........
 
 OM15
+       ......... ......... ......... ......... ......... ......... ......... ......... ......... ......... ......... .........
         ......... ......... .........
 
 OM16
+       ......... ......... ......... ......... ......... ......... ......... ......... ......... ......... ......... .........
         ......... ......... ......... .........
 
 OM17
+       ......... ......... ......... ......... ......... ......... ......... ......... ......... ......... ......... .........
         ......... ......... ......... ......... .........
 
 OM18
+       ......... ......... ......... ......... ......... ......... ......... ......... ......... ......... ......... .........
         ......... ......... ......... ......... ......... .........
 
1

            TH 1      TH 2      TH 3      TH 4      TH 5      TH 6      TH 7      TH 8      TH 9      TH10      OM11      OM12  
             OM13      OM14      OM15      OM16      OM17      OM18      OM22      OM23      OM24      OM25      OM26      OM27  
            OM28      OM33      OM34      OM35      OM36      OM37      OM38      OM44      OM45      OM46      OM47      OM48  
             OM55      OM56      OM57      OM58      OM66      OM67      OM68      OM77      OM78      OM88      SG11      SG12  
            SG22  
 
 OM22
+       -5.24E-02 -5.62E-02 -2.14E-02  5.90E-02 -6.65E-02  5.65E-03  2.27E-02 -2.78E-02 -8.55E-03  2.92E-02  3.67E-02 .........
         ......... ......... ......... ......... ......... .........  4.78E-02
 
 OM23
+       ......... ......... ......... ......... ......... ......... ......... ......... ......... ......... ......... .........
         ......... ......... ......... ......... ......... ......... ......... .........
 
 OM24
+       ......... ......... ......... ......... ......... ......... ......... ......... ......... ......... ......... .........
         ......... ......... ......... ......... ......... ......... ......... ......... .........
 
 OM25
+       ......... ......... ......... ......... ......... ......... ......... ......... ......... ......... ......... .........
         ......... ......... ......... ......... ......... ......... ......... ......... ......... .........
 
 OM26
+       ......... ......... ......... ......... ......... ......... ......... ......... ......... ......... ......... .........
         ......... ......... ......... ......... ......... ......... ......... ......... ......... ......... .........
 
 OM27
+       ......... ......... ......... ......... ......... ......... ......... ......... ......... ......... ......... .........
         ......... ......... ......... ......... ......... ......... ......... ......... ......... ......... ......... .........
 
 OM28
+       ......... ......... ......... ......... ......... ......... ......... ......... ......... ......... ......... .........
         ......... ......... ......... ......... ......... ......... ......... ......... ......... ......... ......... .........
        .........
 
 OM33
+        2.67E-01  2.76E-01  4.33E-03 -3.22E-01  1.56E-01 -1.73E-03  7.55E-03  3.67E-03  5.14E-03 -2.09E-01 -1.01E-02 .........
         ......... ......... ......... ......... ......... ......... -1.91E-02 ......... ......... ......... ......... .........
        .........  3.89E-02
 
 OM34
+       ......... ......... ......... ......... ......... ......... ......... ......... ......... ......... ......... .........
         ......... ......... ......... ......... ......... ......... ......... ......... ......... ......... ......... .........
        ......... ......... .........
 
 OM35
+       ......... ......... ......... ......... ......... ......... ......... ......... ......... ......... ......... .........
         ......... ......... ......... ......... ......... ......... ......... ......... ......... ......... ......... .........
        ......... ......... ......... .........
 
 OM36
+       ......... ......... ......... ......... ......... ......... ......... ......... ......... ......... ......... .........
         ......... ......... ......... ......... ......... ......... ......... ......... ......... ......... ......... .........
        ......... ......... ......... ......... .........
 
 OM37
+       ......... ......... ......... ......... ......... ......... ......... ......... ......... ......... ......... .........
         ......... ......... ......... ......... ......... ......... ......... ......... ......... ......... ......... .........
        ......... ......... ......... ......... ......... .........
 
 OM38
+       ......... ......... ......... ......... ......... ......... ......... ......... ......... ......... ......... .........
         ......... ......... ......... ......... ......... ......... ......... ......... ......... ......... ......... .........
        ......... ......... ......... ......... ......... ......... .........
 
1

            TH 1      TH 2      TH 3      TH 4      TH 5      TH 6      TH 7      TH 8      TH 9      TH10      OM11      OM12  
             OM13      OM14      OM15      OM16      OM17      OM18      OM22      OM23      OM24      OM25      OM26      OM27  
            OM28      OM33      OM34      OM35      OM36      OM37      OM38      OM44      OM45      OM46      OM47      OM48  
             OM55      OM56      OM57      OM58      OM66      OM67      OM68      OM77      OM78      OM88      SG11      SG12  
            SG22  
 
 OM44
+       -2.33E-02 -1.34E-02  6.89E-04  3.56E-02  4.95E-03  5.13E-05 -5.89E-04 -1.92E-02 -2.13E-04  1.33E-01 -5.61E-03 .........
         ......... ......... ......... ......... ......... .........  7.11E-03 ......... ......... ......... ......... .........
        ......... -1.41E-02 ......... ......... ......... ......... .........  1.18E-03
 
 OM45
+       ......... ......... ......... ......... ......... ......... ......... ......... ......... ......... ......... .........
         ......... ......... ......... ......... ......... ......... ......... ......... ......... ......... ......... .........
        ......... ......... ......... ......... ......... ......... ......... ......... .........
 
 OM46
+       ......... ......... ......... ......... ......... ......... ......... ......... ......... ......... ......... .........
         ......... ......... ......... ......... ......... ......... ......... ......... ......... ......... ......... .........
        ......... ......... ......... ......... ......... ......... ......... ......... ......... .........
 
 OM47
+       ......... ......... ......... ......... ......... ......... ......... ......... ......... ......... ......... .........
         ......... ......... ......... ......... ......... ......... ......... ......... ......... ......... ......... .........
        ......... ......... ......... ......... ......... ......... ......... ......... ......... ......... .........
 
 OM48
+       ......... ......... ......... ......... ......... ......... ......... ......... ......... ......... ......... .........
         ......... ......... ......... ......... ......... ......... ......... ......... ......... ......... ......... .........
        ......... ......... ......... ......... ......... ......... ......... ......... ......... ......... ......... .........
 
 OM55
+       -2.12E-02 -1.24E-02  6.08E-04  3.23E-02  4.02E-03  4.38E-05 -4.05E-04 -1.72E-02 -2.38E-04  1.19E-01 -6.86E-03 .........
         ......... ......... ......... ......... ......... .........  7.76E-03 ......... ......... ......... ......... .........
        ......... -1.31E-02 ......... ......... ......... ......... .........  8.94E-01 ......... ......... ......... .........
          5.21E+12
 
 OM56
+       ......... ......... ......... ......... ......... ......... ......... ......... ......... ......... ......... .........
         ......... ......... ......... ......... ......... ......... ......... ......... ......... ......... ......... .........
        ......... ......... ......... ......... ......... ......... ......... ......... ......... ......... ......... .........
         ......... .........
 
 OM57
+       ......... ......... ......... ......... ......... ......... ......... ......... ......... ......... ......... .........
         ......... ......... ......... ......... ......... ......... ......... ......... ......... ......... ......... .........
        ......... ......... ......... ......... ......... ......... ......... ......... ......... ......... ......... .........
         ......... ......... .........
 
 OM58
+       ......... ......... ......... ......... ......... ......... ......... ......... ......... ......... ......... .........
         ......... ......... ......... ......... ......... ......... ......... ......... ......... ......... ......... .........
        ......... ......... ......... ......... ......... ......... ......... ......... ......... ......... ......... .........
         ......... ......... ......... .........
 
 OM66
+       -2.92E-02 -3.60E-02  3.15E-03  3.73E-02 -3.40E-02  3.10E-02 -3.96E-02 -9.71E-03  1.65E-02  2.53E-02 -2.00E-02 .........
         ......... ......... ......... ......... ......... ......... -1.52E-01 ......... ......... ......... ......... .........
        ......... -4.66E-03 ......... ......... ......... ......... ......... -5.79E-03 ......... ......... ......... .........
         -5.62E-03 ......... ......... .........  1.50E-02
 
1

            TH 1      TH 2      TH 3      TH 4      TH 5      TH 6      TH 7      TH 8      TH 9      TH10      OM11      OM12  
             OM13      OM14      OM15      OM16      OM17      OM18      OM22      OM23      OM24      OM25      OM26      OM27  
            OM28      OM33      OM34      OM35      OM36      OM37      OM38      OM44      OM45      OM46      OM47      OM48  
             OM55      OM56      OM57      OM58      OM66      OM67      OM68      OM77      OM78      OM88      SG11      SG12  
            SG22  
 
 OM67
+       ......... ......... ......... ......... ......... ......... ......... ......... ......... ......... ......... .........
         ......... ......... ......... ......... ......... ......... ......... ......... ......... ......... ......... .........
        ......... ......... ......... ......... ......... ......... ......... ......... ......... ......... ......... .........
         ......... ......... ......... ......... ......... .........
 
 OM68
+       ......... ......... ......... ......... ......... ......... ......... ......... ......... ......... ......... .........
         ......... ......... ......... ......... ......... ......... ......... ......... ......... ......... ......... .........
        ......... ......... ......... ......... ......... ......... ......... ......... ......... ......... ......... .........
         ......... ......... ......... ......... ......... ......... .........
 
 OM77
+       ......... ......... ......... ......... ......... ......... ......... ......... ......... ......... ......... .........
         ......... ......... ......... ......... ......... ......... ......... ......... ......... ......... ......... .........
        ......... ......... ......... ......... ......... ......... ......... ......... ......... ......... ......... .........
         ......... ......... ......... ......... ......... ......... ......... .........
 
 OM78
+       ......... ......... ......... ......... ......... ......... ......... ......... ......... ......... ......... .........
         ......... ......... ......... ......... ......... ......... ......... ......... ......... ......... ......... .........
        ......... ......... ......... ......... ......... ......... ......... ......... ......... ......... ......... .........
         ......... ......... ......... ......... ......... ......... ......... ......... .........
 
 OM88
+       ......... ......... ......... ......... ......... ......... ......... ......... ......... ......... ......... .........
         ......... ......... ......... ......... ......... ......... ......... ......... ......... ......... ......... .........
        ......... ......... ......... ......... ......... ......... ......... ......... ......... ......... ......... .........
         ......... ......... ......... ......... ......... ......... ......... ......... ......... .........
 
 SG11
+       -2.57E-02 -3.79E-02  4.43E-02  4.47E-02 -1.15E-02 -9.60E-03  3.99E-03  4.50E-03  2.70E-03  1.80E-02 -2.02E-02 .........
         ......... ......... ......... ......... ......... ......... -1.26E-02 ......... ......... ......... ......... .........
        ......... -7.07E-02 ......... ......... ......... ......... ......... -1.27E-02 ......... ......... ......... .........
         -9.49E-03 ......... ......... ......... -4.41E-02 ......... ......... ......... ......... .........  2.16E-03
 
 SG12
+       ......... ......... ......... ......... ......... ......... ......... ......... ......... ......... ......... .........
         ......... ......... ......... ......... ......... ......... ......... ......... ......... ......... ......... .........
        ......... ......... ......... ......... ......... ......... ......... ......... ......... ......... ......... .........
         ......... ......... ......... ......... ......... ......... ......... ......... ......... ......... ......... .........
 
 SG22
+        6.07E-04 -2.38E-03  4.36E-04  1.96E-03 -5.66E-03 -2.56E-02  7.68E-03  4.72E-02 -1.80E-02  2.09E-03  2.91E-02 .........
         ......... ......... ......... ......... ......... .........  3.39E-02 ......... ......... ......... ......... .........
        .........  4.35E-03 ......... ......... ......... ......... ......... -6.37E-03 ......... ......... ......... .........
         -4.77E-03 ......... ......... ......... -1.15E-01 ......... ......... ......... ......... ......... -1.33E-01 .........
         7.58E-01
 
1
 ************************************************************************************************************************
 ********************                                                                                ********************
 ********************               FIRST ORDER CONDITIONAL ESTIMATION WITH INTERACTION              ********************
 ********************                      INVERSE COVARIANCE MATRIX OF ESTIMATE                     ********************
 ********************                                                                                ********************
 ************************************************************************************************************************
 

            TH 1      TH 2      TH 3      TH 4      TH 5      TH 6      TH 7      TH 8      TH 9      TH10      OM11      OM12  
             OM13      OM14      OM15      OM16      OM17      OM18      OM22      OM23      OM24      OM25      OM26      OM27  
            OM28      OM33      OM34      OM35      OM36      OM37      OM38      OM44      OM45      OM46      OM47      OM48  
             OM55      OM56      OM57      OM58      OM66      OM67      OM68      OM77      OM78      OM88      SG11      SG12  
            SG22  
 
 TH 1
+        5.88E-01
 
 TH 2
+       -3.39E-01  1.36E+02
 
 TH 3
+        9.47E-03  4.62E-01  4.84E+00
 
 TH 4
+        4.09E+00  4.09E+01  1.14E-01  5.90E+01
 
 TH 5
+       -1.78E+01 -4.21E+02 -6.32E+00 -1.01E+02  6.57E+03
 
 TH 6
+        1.75E+01 -2.72E+01  7.90E+00  1.26E+02 -4.31E+02  9.40E+04
 
 TH 7
+        4.52E+00 -2.69E+00  1.46E-02  3.13E+01 -1.38E+02  6.04E+02  9.12E+01
 
 TH 8
+        6.15E+00  1.52E+01 -7.58E-01  5.84E+01 -2.01E+02  2.63E+02  4.86E+01  3.69E+03
 
 TH 9
+        2.00E-02  1.74E-01 -1.02E+00  1.45E-01 -9.66E+00 -3.07E+00 -3.52E-01  8.21E-01  4.97E+01
 
 TH10
+       -4.96E+00 -4.00E+02 -9.46E-01 -6.22E+02 -1.87E+03 -3.96E+02 -3.57E+01  1.21E+02  4.08E+00  3.11E+04
 
 OM11
+       -5.21E-01 -4.64E+00  2.71E+00 -1.25E+00  1.54E+02 -1.19E+02 -2.90E+00  9.09E+00  1.42E+00 -6.95E+01  7.97E+02
 
 OM12
+       ......... ......... ......... ......... ......... ......... ......... ......... ......... ......... ......... .........
 
 OM13
+       ......... ......... ......... ......... ......... ......... ......... ......... ......... ......... ......... .........
         .........
 
 OM14
+       ......... ......... ......... ......... ......... ......... ......... ......... ......... ......... ......... .........
         ......... .........
 
 OM15
+       ......... ......... ......... ......... ......... ......... ......... ......... ......... ......... ......... .........
         ......... ......... .........
 
 OM16
+       ......... ......... ......... ......... ......... ......... ......... ......... ......... ......... ......... .........
         ......... ......... ......... .........
 
 OM17
+       ......... ......... ......... ......... ......... ......... ......... ......... ......... ......... ......... .........
         ......... ......... ......... ......... .........
 
 OM18
+       ......... ......... ......... ......... ......... ......... ......... ......... ......... ......... ......... .........
         ......... ......... ......... ......... ......... .........
 
1

            TH 1      TH 2      TH 3      TH 4      TH 5      TH 6      TH 7      TH 8      TH 9      TH10      OM11      OM12  
             OM13      OM14      OM15      OM16      OM17      OM18      OM22      OM23      OM24      OM25      OM26      OM27  
            OM28      OM33      OM34      OM35      OM36      OM37      OM38      OM44      OM45      OM46      OM47      OM48  
             OM55      OM56      OM57      OM58      OM66      OM67      OM68      OM77      OM78      OM88      SG11      SG12  
            SG22  
 
 OM22
+       -4.23E-01 -1.47E+00  7.64E-01 -5.46E+00  7.55E+01 -1.03E+02 -6.41E+00  2.83E+01  4.13E-01  1.31E+01 -1.69E+01 .........
         ......... ......... ......... ......... ......... .........  4.52E+02
 
 OM23
+       ......... ......... ......... ......... ......... ......... ......... ......... ......... ......... ......... .........
         ......... ......... ......... ......... ......... ......... ......... .........
 
 OM24
+       ......... ......... ......... ......... ......... ......... ......... ......... ......... ......... ......... .........
         ......... ......... ......... ......... ......... ......... ......... ......... .........
 
 OM25
+       ......... ......... ......... ......... ......... ......... ......... ......... ......... ......... ......... .........
         ......... ......... ......... ......... ......... ......... ......... ......... ......... .........
 
 OM26
+       ......... ......... ......... ......... ......... ......... ......... ......... ......... ......... ......... .........
         ......... ......... ......... ......... ......... ......... ......... ......... ......... ......... .........
 
 OM27
+       ......... ......... ......... ......... ......... ......... ......... ......... ......... ......... ......... .........
         ......... ......... ......... ......... ......... ......... ......... ......... ......... ......... ......... .........
 
 OM28
+       ......... ......... ......... ......... ......... ......... ......... ......... ......... ......... ......... .........
         ......... ......... ......... ......... ......... ......... ......... ......... ......... ......... ......... .........
        .........
 
 OM33
+        5.25E-01 -1.42E+01 -3.72E-01  2.37E+01  8.01E+01  3.57E+01  2.40E+00  3.70E+01 -2.04E-01  1.90E+01  8.13E+00 .........
         ......... ......... ......... ......... ......... .........  7.17E-01 ......... ......... ......... ......... .........
        .........  7.42E+02
 
 OM34
+       ......... ......... ......... ......... ......... ......... ......... ......... ......... ......... ......... .........
         ......... ......... ......... ......... ......... ......... ......... ......... ......... ......... ......... .........
        ......... ......... .........
 
 OM35
+       ......... ......... ......... ......... ......... ......... ......... ......... ......... ......... ......... .........
         ......... ......... ......... ......... ......... ......... ......... ......... ......... ......... ......... .........
        ......... ......... ......... .........
 
 OM36
+       ......... ......... ......... ......... ......... ......... ......... ......... ......... ......... ......... .........
         ......... ......... ......... ......... ......... ......... ......... ......... ......... ......... ......... .........
        ......... ......... ......... ......... .........
 
 OM37
+       ......... ......... ......... ......... ......... ......... ......... ......... ......... ......... ......... .........
         ......... ......... ......... ......... ......... ......... ......... ......... ......... ......... ......... .........
        ......... ......... ......... ......... ......... .........
 
 OM38
+       ......... ......... ......... ......... ......... ......... ......... ......... ......... ......... ......... .........
         ......... ......... ......... ......... ......... ......... ......... ......... ......... ......... ......... .........
        ......... ......... ......... ......... ......... ......... .........
 
1

            TH 1      TH 2      TH 3      TH 4      TH 5      TH 6      TH 7      TH 8      TH 9      TH10      OM11      OM12  
             OM13      OM14      OM15      OM16      OM17      OM18      OM22      OM23      OM24      OM25      OM26      OM27  
            OM28      OM33      OM34      OM35      OM36      OM37      OM38      OM44      OM45      OM46      OM47      OM48  
             OM55      OM56      OM57      OM58      OM66      OM67      OM68      OM77      OM78      OM88      SG11      SG12  
            SG22  
 
 OM44
+       -7.76E-01  1.47E+02 -2.27E+00  2.50E+02  1.79E+02  2.89E+02  1.33E+00  6.25E+02 -1.56E+00 -2.13E+04 -3.56E+01 .........
         ......... ......... ......... ......... ......... .........  2.03E+01 ......... ......... ......... ......... .........
        .........  4.22E+01 ......... ......... ......... ......... .........  3.58E+06
 
 OM45
+       ......... ......... ......... ......... ......... ......... ......... ......... ......... ......... ......... .........
         ......... ......... ......... ......... ......... ......... ......... ......... ......... ......... ......... .........
        ......... ......... ......... ......... ......... ......... ......... ......... .........
 
 OM46
+       ......... ......... ......... ......... ......... ......... ......... ......... ......... ......... ......... .........
         ......... ......... ......... ......... ......... ......... ......... ......... ......... ......... ......... .........
        ......... ......... ......... ......... ......... ......... ......... ......... ......... .........
 
 OM47
+       ......... ......... ......... ......... ......... ......... ......... ......... ......... ......... ......... .........
         ......... ......... ......... ......... ......... ......... ......... ......... ......... ......... ......... .........
        ......... ......... ......... ......... ......... ......... ......... ......... ......... ......... .........
 
 OM48
+       ......... ......... ......... ......... ......... ......... ......... ......... ......... ......... ......... .........
         ......... ......... ......... ......... ......... ......... ......... ......... ......... ......... ......... .........
        ......... ......... ......... ......... ......... ......... ......... ......... ......... ......... ......... .........
 
 OM55
+       -1.05E-16 -6.55E-16  2.96E-16 -8.95E-16  2.37E-14 -2.59E-14 -1.35E-15  6.18E-15  1.57E-16 -2.19E-15  5.16E-14 .........
         ......... ......... ......... ......... ......... ......... -2.82E-14 ......... ......... ......... ......... .........
        .........  6.91E-15 ......... ......... ......... ......... ......... -7.23E-10 ......... ......... ......... .........
          1.83E-25
 
 OM56
+       ......... ......... ......... ......... ......... ......... ......... ......... ......... ......... ......... .........
         ......... ......... ......... ......... ......... ......... ......... ......... ......... ......... ......... .........
        ......... ......... ......... ......... ......... ......... ......... ......... ......... ......... ......... .........
         ......... .........
 
 OM57
+       ......... ......... ......... ......... ......... ......... ......... ......... ......... ......... ......... .........
         ......... ......... ......... ......... ......... ......... ......... ......... ......... ......... ......... .........
        ......... ......... ......... ......... ......... ......... ......... ......... ......... ......... ......... .........
         ......... ......... .........
 
 OM58
+       ......... ......... ......... ......... ......... ......... ......... ......... ......... ......... ......... .........
         ......... ......... ......... ......... ......... ......... ......... ......... ......... ......... ......... .........
        ......... ......... ......... ......... ......... ......... ......... ......... ......... ......... ......... .........
         ......... ......... ......... .........
 
 OM66
+        3.12E-01  1.44E+00 -4.19E-01 -2.32E+00  9.84E+01 -4.57E+02  1.82E+01  2.41E+01 -7.02E+00 -8.83E+01  2.83E+01 .........
         ......... ......... ......... ......... ......... .........  2.21E+02 ......... ......... ......... ......... .........
        ......... -7.51E+00 ......... ......... ......... ......... .........  4.91E+02 ......... ......... ......... .........
          3.31E-15 ......... ......... .........  4.68E+03
 
1

            TH 1      TH 2      TH 3      TH 4      TH 5      TH 6      TH 7      TH 8      TH 9      TH10      OM11      OM12  
             OM13      OM14      OM15      OM16      OM17      OM18      OM22      OM23      OM24      OM25      OM26      OM27  
            OM28      OM33      OM34      OM35      OM36      OM37      OM38      OM44      OM45      OM46      OM47      OM48  
             OM55      OM56      OM57      OM58      OM66      OM67      OM68      OM77      OM78      OM88      SG11      SG12  
            SG22  
 
 OM67
+       ......... ......... ......... ......... ......... ......... ......... ......... ......... ......... ......... .........
         ......... ......... ......... ......... ......... ......... ......... ......... ......... ......... ......... .........
        ......... ......... ......... ......... ......... ......... ......... ......... ......... ......... ......... .........
         ......... ......... ......... ......... ......... .........
 
 OM68
+       ......... ......... ......... ......... ......... ......... ......... ......... ......... ......... ......... .........
         ......... ......... ......... ......... ......... ......... ......... ......... ......... ......... ......... .........
        ......... ......... ......... ......... ......... ......... ......... ......... ......... ......... ......... .........
         ......... ......... ......... ......... ......... ......... .........
 
 OM77
+       ......... ......... ......... ......... ......... ......... ......... ......... ......... ......... ......... .........
         ......... ......... ......... ......... ......... ......... ......... ......... ......... ......... ......... .........
        ......... ......... ......... ......... ......... ......... ......... ......... ......... ......... ......... .........
         ......... ......... ......... ......... ......... ......... ......... .........
 
 OM78
+       ......... ......... ......... ......... ......... ......... ......... ......... ......... ......... ......... .........
         ......... ......... ......... ......... ......... ......... ......... ......... ......... ......... ......... .........
        ......... ......... ......... ......... ......... ......... ......... ......... ......... ......... ......... .........
         ......... ......... ......... ......... ......... ......... ......... ......... .........
 
 OM88
+       ......... ......... ......... ......... ......... ......... ......... ......... ......... ......... ......... .........
         ......... ......... ......... ......... ......... ......... ......... ......... ......... ......... ......... .........
        ......... ......... ......... ......... ......... ......... ......... ......... ......... ......... ......... .........
         ......... ......... ......... ......... ......... ......... ......... ......... ......... .........
 
 SG11
+       -1.32E+01  3.43E+01 -4.55E+01 -1.47E+02 -1.25E+02  1.02E+03 -1.05E+02 -4.60E+02  4.84E+00  1.29E+03  2.05E+02 .........
         ......... ......... ......... ......... ......... .........  1.92E+02 ......... ......... ......... ......... .........
        .........  7.38E+02 ......... ......... ......... ......... .........  9.12E+03 ......... ......... ......... .........
         -8.85E-13 ......... ......... .........  2.05E+03 ......... ......... ......... ......... .........  2.22E+05
 
 SG12
+       ......... ......... ......... ......... ......... ......... ......... ......... ......... ......... ......... .........
         ......... ......... ......... ......... ......... ......... ......... ......... ......... ......... ......... .........
        ......... ......... ......... ......... ......... ......... ......... ......... ......... ......... ......... .........
         ......... ......... ......... ......... ......... ......... ......... ......... ......... ......... ......... .........
 
 SG22
+       -2.19E-02  1.66E-03 -2.73E-02 -1.90E-01  9.69E-01  8.97E+00 -1.56E-01 -4.16E+00  1.49E-01 -4.69E-01 -9.04E-01 .........
         ......... ......... ......... ......... ......... ......... -3.85E-01 ......... ......... ......... ......... .........
        .........  2.35E-02 ......... ......... ......... ......... .........  1.62E+01 ......... ......... ......... .........
         -1.52E-15 ......... ......... .........  1.08E+01 ......... ......... ......... ......... .........  8.90E+01 .........
         1.81E+00
 
1
 
 
 
 
 
 
 
 
 
 
 
 
 
 
 
 
 
 
 
 
 ************************************************************************************************************************
 ********************                                                                                ********************
 ********************               FIRST ORDER CONDITIONAL ESTIMATION WITH INTERACTION              ********************
 ********************                      EIGENVALUES OF COR MATRIX OF ESTIMATE                     ********************
 ********************                                                                                ********************
 ************************************************************************************************************************
 

             1         2         3         4         5         6         7         8         9        10        11        12
             13        14        15        16        17        18
 
         6.29E-02  1.06E-01  1.72E-01  3.10E-01  7.64E-01  7.93E-01  8.34E-01  8.63E-01  9.23E-01  9.43E-01  9.86E-01  1.02E+00
          1.07E+00  1.11E+00  1.22E+00  1.28E+00  1.91E+00  3.63E+00
 
 Elapsed finaloutput time in seconds:     0.05
1
 PROBLEM NO.:         2
 SIMULATION FOR CMAX
0DATA CHECKOUT RUN:              NO
 DATA SET LOCATED ON UNIT NO.:    2
 THIS UNIT TO BE REWOUND:        NO
 NO. OF DATA RECS IN DATA SET:     1110
 NO. OF DATA ITEMS IN DATA SET:  15
 ID DATA ITEM IS DATA ITEM NO.:   1
 DEP VARIABLE IS DATA ITEM NO.:   4
 MDV DATA ITEM IS DATA ITEM NO.:  5
0INDICES PASSED TO SUBROUTINE PRED:
   6   2   3   0   0   0   0   0   0   0   0
0LABELS FOR DATA ITEMS:
 ID TIME AMT DV MDV EVID WT AGE SEX BUN SCR OCC CRCL COV1 COV2
0(NONBLANK) LABELS FOR PRED-DEFINED ITEMS:
 REP IOBS
0FORMAT FOR DATA:
 (1(8E9.0/),7E9.0)

 TOT. NO. OF OBS RECS:      951
 TOT. NO. OF INDIVIDUALS:       66
0MODEL SPECIFICATION FILE INPUT
 EST. RESCALED:   NO
0SIMULATION STEP OMITTED:    NO
 OBJ FUNC EVALUATED:         NO
 ORIGINAL DATA USED ON EACH NEW SIMULATION:         NO
 SEEDS RESET ON EACH NEW SUPERSET ITERATION:        YES
 SIMULATE WITH
   INITIAL ESTIMATE:        YES
   FINAL ESTIMATE:           NO
   PRIOR ROUTINE VAL.:       NO
0SIMULATION RANDOM METHOD SELECTED (RANMETHOD): 4U
SEED   1 RESET TO INITIAL: YES
 SOURCE   1:
   SEED1:             1   SEED2:             0   PSEUDO-NORMAL
0TABLES STEP OMITTED:    NO
 NO. OF TABLES:           1
 SEED NUMBER (SEED):    11456
 NPDTYPE:    0
 INTERPTYPE:    0
 RANMETHOD:             3U
 MC SAMPLES (ESAMPLE):    300
 WRES SQUARE ROOT TYPE (WRESCHOL): EIGENVALUE
0-- TABLE   1 --
0RECORDS ONLY:    ALL
04 COLUMNS APPENDED:    NO
 PRINTED:                NO
 HEADERS:               ONE
 FILE TO BE FORWARDED:   NO
 FORMAT:                S1PE11.4
 IDFORMAT:
 LFORMAT:
 RFORMAT:
 FIXED_EFFECT_ETAS:
0USER-CHOSEN ITEMS:
 REP ID TIME IOBS EVID
1
 ADDITIONAL PK PARAMETERS - ASSIGNMENT OF ROWS IN GG
 COMPT. NO.                             INDICES
              SCALE      BIOAVAIL.   ZERO-ORDER  ZERO-ORDER  ABSORB
                         FRACTION    RATE        DURATION    LAG
    1            *           *           *           *           6
    2            7           *           *           *           *
    3            *           *           *           *           *
    4            *           -           -           -           -
             - PARAMETER IS NOT ALLOWED FOR THIS MODEL
             * PARAMETER IS NOT SUPPLIED BY PK SUBROUTINE;
               WILL DEFAULT TO ONE IF APPLICABLE
0DATA ITEM INDICES USED BY PRED ARE:
   EVENT ID DATA ITEM IS DATA ITEM NO.:      6
   TIME DATA ITEM IS DATA ITEM NO.:          2
   DOSE AMOUNT DATA ITEM IS DATA ITEM NO.:   3

0PK SUBROUTINE CALLED WITH EVERY EVENT RECORD.
 PK SUBROUTINE NOT CALLED AT NONEVENT (ADDITIONAL OR LAGGED) DOSE TIMES.
0ERROR SUBROUTINE CALLED WITH EVERY EVENT RECORD.
1
 SIMULATION STEP PERFORMED
 SOURCE  1:
    SEED1:     713912911   SEED2:             0
 Elapsed simulation  time in seconds:     0.02
 ESTIMATION STEP OMITTED:                 YES
 Elapsed finaloutput time in seconds:     0.02
 #CPUT: Total CPU Time in Seconds,       93.951
Stop Time:
Mon Mar  6 16:34:47 CST 2023
Post run R code Penalty = 29.8391324613173
Post run R code text = Observed day 1 Cmax geomean = 567.9 simulated day 1 Cmax geo mean = 610.3
OFV = 8560.652162904296
success = True
covariance = True
correlation = True
Condition # = 57.7205317605977
Num Non fixed THETAs = 10
Num Non fixed OMEGAs = 6
Num Non fixed SIGMAs = 2
Original run directory = /home/jcraig/pydarwin/Example4/temp/5S070/089
