Mon 06/20/2022 
09:05 AM
$PROBLEM    2 compartment fitting
$INPUT       ID TIME AMT DV WTKG GENDER AGE DROP
$DATA      ..\..\datalarge.csv IGNORE=@
           
$SUBROUTINE ADVAN2 ;; advan2 
$PK      
  CWTKGONE = WTKG/70  ;; CENTERED ON ONE
  CWTKGZERO = WTKG-70  ;; CENTERED ON ZERO
  CAGE = AGE/40
;; thetas out of sequence
  TVV2=THETA(2) *CWTKGONE**THETA(4)
  V2=TVV2*EXP(ETA(2)) 
  TVCL= THETA(1) *EXP(CWTKGZERO*THETA(5))  
  CL=TVCL*EXP(ETA(1)) 
  K=CL/V2 
  ;; thetas out of sequence here
  ;; PK 1 compartment  
   ALAG1=THETA(6)
;; No D1 ; include D1 and lag, with diag or block OMEGA
  
  TVKA=THETA(3) 
  KA=TVKA    
  S2 	= V2/1000 
$ERROR     
 REP = IREP      
 IPRED =F  
 IOBS = F *EXP(EPS(1))+EPS(2)
 Y=IOBS
$THETA  ;; must be one THETA per line.
 (0.001,100)	; THETA(1) CL UNITS =  L/HR
 (0.001,500) 	; THETA(2) V  UNITS = L
 (0.001,2) 	; THETA(3) KA UNITS = 1/HR 
;; test for comments in blocks
;; test for comments in blocks

 ;; THETA 1 compartment  ;; comment
    ;;; comment ;; comment
   (-4,0.1,4) 	; THETA(4) POWER volume ~SEX    ;;; comment ;; comment
;; test for comments in blocks
   (-1,0.01,4) 	; THETA(5) EXPONENTIAL clearance~WT  
  
   (0.001,0.3) 	; ALAG1 THETA(6) 
$OMEGA   ;; must be one ETA/line
  0.2  		; ETA(1) CLEARANCE
$OMEGA
;; test for comments in blocks
  0.2 	; ETA(2) VOLUME
;; optional $OMEGA blocks
  
;; test for comments in blocks
 
 
$SIGMA  
;; test for comments in blocks

  0.3 	; EPS(1) proportional error
  0.3 	; EPS(2) additive error
$EST METHOD=COND INTER MAX = 9999 MSFO=MSF1 
$COV UNCOND PRINT=E
 
 ;; Phenotype 
 ;; OrderedDict([('ADVAN', 0), ('K23~WT', 1), ('KAETA', 0), ('V2~WT', 0), ('V2~GENDER', 1), ('CL~WT', 2), ('CL~AGE', 0), ('ETAD1LAG', 0), ('D1LAG', 0), ('RESERR', 0)])
;; Genotype 
 ;; [0, 1, 0, 0, 1, 2, 0, 0, 0, 0]
;; Num non-influential tokens = [False, True, False, False, False, False, False, False, False, False]  
NM-TRAN MESSAGES 
  
 WARNINGS AND ERRORS (IF ANY) FOR PROBLEM    1
             
 (WARNING  2) NM-TRAN INFERS THAT THE DATA ARE POPULATION.
  
License Registered to: SUNY at Buffalo Robert Bies
Expiration Date:    14 DEC 2022
Current Date:       20 JUN 2022
Days until program expires : 174
1NONLINEAR MIXED EFFECTS MODEL PROGRAM (NONMEM) VERSION 7.4.1
 ORIGINALLY DEVELOPED BY STUART BEAL, LEWIS SHEINER, AND ALISON BOECKMANN
 CURRENT DEVELOPERS ARE ROBERT BAUER, ICON DEVELOPMENT SOLUTIONS,
 AND ALISON BOECKMANN. IMPLEMENTATION, EFFICIENCY, AND STANDARDIZATION
 PERFORMED BY NOUS INFOSYSTEMS.

 PROBLEM NO.:         1
 2 compartment fitting
0DATA CHECKOUT RUN:              NO
 DATA SET LOCATED ON UNIT NO.:    2
 THIS UNIT TO BE REWOUND:        NO
 NO. OF DATA RECS IN DATA SET:      500
 NO. OF DATA ITEMS IN DATA SET:   9
 ID DATA ITEM IS DATA ITEM NO.:   1
 DEP VARIABLE IS DATA ITEM NO.:   4
 MDV DATA ITEM IS DATA ITEM NO.:  9
0INDICES PASSED TO SUBROUTINE PRED:
   8   2   3   0   0   0   0   0   0   0   0
0LABELS FOR DATA ITEMS:
 ID TIME AMT DV WTKG GENDER AGE EVID MDV
0FORMAT FOR DATA:
 (7E9.0,2F2.0)

 TOT. NO. OF OBS RECS:      450
 TOT. NO. OF INDIVIDUALS:       50
0LENGTH OF THETA:   6
0DEFAULT THETA BOUNDARY TEST OMITTED:    NO
0OMEGA HAS SIMPLE DIAGONAL FORM WITH DIMENSION:   2
0DEFAULT OMEGA BOUNDARY TEST OMITTED:    NO
0SIGMA HAS SIMPLE DIAGONAL FORM WITH DIMENSION:   2
0DEFAULT SIGMA BOUNDARY TEST OMITTED:    NO
0INITIAL ESTIMATE OF THETA:
 LOWER BOUND    INITIAL EST    UPPER BOUND
  0.1000E-02     0.1000E+03     0.1000E+07
  0.1000E-02     0.5000E+03     0.1000E+07
  0.1000E-02     0.2000E+01     0.1000E+07
 -0.4000E+01     0.1000E+00     0.4000E+01
 -0.1000E+01     0.1000E-01     0.4000E+01
  0.1000E-02     0.3000E+00     0.1000E+07
0INITIAL ESTIMATE OF OMEGA:
 0.2000E+00
 0.0000E+00   0.2000E+00
0INITIAL ESTIMATE OF SIGMA:
 0.3000E+00
 0.0000E+00   0.3000E+00
0COVARIANCE STEP OMITTED:        NO
 EIGENVLS. PRINTED:             YES
 SPECIAL COMPUTATION:            NO
 COMPRESSED FORMAT:              NO
 GRADIENT METHOD USED:     NOSLOW
 SIGDIGITS ETAHAT (SIGLO):                  -1
 SIGDIGITS GRADIENTS (SIGL):                -1
 EXCLUDE COV FOR FOCE (NOFCOV):              NO
 TURN OFF Cholesky Transposition of R Matrix (CHOLROFF): NO
 KNUTHSUMOFF:                                -1
 RESUME COV ANALYSIS (RESUME):               NO
 SIR SAMPLE SIZE (SIRSAMPLE):              -1
 NON-LINEARLY TRANSFORM THETAS DURING COV (THBND): 1
 PRECONDTIONING CYCLES (PRECOND):        0
 PRECONDTIONING TYPES (PRECONDS):        TOS
 FORCED PRECONDTIONING CYCLES (PFCOND):0
 PRECONDTIONING TYPE (PRETYPE):        0
 FORCED POS. DEFINITE SETTING: (FPOSDEF):0
1DOUBLE PRECISION PREDPP VERSION 7.4.1

 ONE COMPARTMENT MODEL WITH FIRST-ORDER ABSORPTION (ADVAN2)
0MAXIMUM NO. OF BASIC PK PARAMETERS:   3
0BASIC PK PARAMETERS (AFTER TRANSLATION):
   ELIMINATION RATE (K) IS BASIC PK PARAMETER NO.:  1
   ABSORPTION RATE (KA) IS BASIC PK PARAMETER NO.:  3

0COMPARTMENT ATTRIBUTES
 COMPT. NO.   FUNCTION   INITIAL    ON/OFF      DOSE      DEFAULT    DEFAULT
                         STATUS     ALLOWED    ALLOWED    FOR DOSE   FOR OBS.
    1         DEPOT        OFF        YES        YES        YES        NO
    2         CENTRAL      ON         NO         YES        NO         YES
    3         OUTPUT       OFF        YES        NO         NO         NO
1
 ADDITIONAL PK PARAMETERS - ASSIGNMENT OF ROWS IN GG
 COMPT. NO.                             INDICES
              SCALE      BIOAVAIL.   ZERO-ORDER  ZERO-ORDER  ABSORB
                         FRACTION    RATE        DURATION    LAG
    1            *           *           *           *           4
    2            5           *           *           *           *
    3            *           -           -           -           -
             - PARAMETER IS NOT ALLOWED FOR THIS MODEL
             * PARAMETER IS NOT SUPPLIED BY PK SUBROUTINE;
               WILL DEFAULT TO ONE IF APPLICABLE
0DATA ITEM INDICES USED BY PRED ARE:
   EVENT ID DATA ITEM IS DATA ITEM NO.:      8
   TIME DATA ITEM IS DATA ITEM NO.:          2
   DOSE AMOUNT DATA ITEM IS DATA ITEM NO.:   3

0PK SUBROUTINE CALLED WITH EVERY EVENT RECORD.
 PK SUBROUTINE NOT CALLED AT NONEVENT (ADDITIONAL OR LAGGED) DOSE TIMES.
0ERROR SUBROUTINE CALLED WITH EVERY EVENT RECORD.
1
 
 
 #TBLN:      1
 #METH: First Order Conditional Estimation with Interaction
 
 ESTIMATION STEP OMITTED:                 NO
 ANALYSIS TYPE:                           POPULATION
 NUMBER OF SADDLE POINT RESET ITERATIONS:      0
 GRADIENT METHOD USED:               NOSLOW
 CONDITIONAL ESTIMATES USED:              YES
 CENTERED ETA:                            NO
 EPS-ETA INTERACTION:                     YES
 LAPLACIAN OBJ. FUNC.:                    NO
 NO. OF FUNCT. EVALS. ALLOWED:            9999
 NO. OF SIG. FIGURES REQUIRED:            3
 INTERMEDIATE PRINTOUT:                   YES
 ESTIMATE OUTPUT TO MSF:                  YES
 IND. OBJ. FUNC. VALUES SORTED:           NO
 NUMERICAL DERIVATIVE
       FILE REQUEST (NUMDER):               NONE
 MAP (ETAHAT) ESTIMATION METHOD (OPTMAP):   0
 ETA HESSIAN EVALUATION METHOD (ETADER):    0
 INITIAL ETA FOR MAP ESTIMATION (MCETA):    0
 SIGDIGITS FOR MAP ESTIMATION (SIGLO):      100
 GRADIENT SIGDIGITS OF
       FIXED EFFECTS PARAMETERS (SIGL):     100
 NOPRIOR SETTING (NOPRIOR):                 OFF
 NOCOV SETTING (NOCOV):                     OFF
 DERCONT SETTING (DERCONT):                 OFF
 FINAL ETA RE-EVALUATION (FNLETA):          ON
 EXCLUDE NON-INFLUENTIAL (NON-INFL.) ETAS
       IN SHRINKAGE (ETASTYPE):             NO
 NON-INFL. ETA CORRECTION (NONINFETA):      OFF
 RAW OUTPUT FILE (FILE): NM_0_27.ext
 EXCLUDE TITLE (NOTITLE):                   NO
 EXCLUDE COLUMN LABELS (NOLABEL):           NO
 FORMAT FOR ADDITIONAL FILES (FORMAT):      S1PE12.5
 PARAMETER ORDER FOR OUTPUTS (ORDER):       TSOL
 WISHART PRIOR DF INTERPRETATION (WISHTYPE):0
 KNUTHSUMOFF:                               0
 INCLUDE LNTWOPI:                           NO
 INCLUDE CONSTANT TERM TO PRIOR (PRIORC):   NO
 INCLUDE CONSTANT TERM TO OMEGA (ETA) (OLNTWOPI):NO
 ADDITIONAL CONVERGENCE TEST (CTYPE=4)?:    NO
 EM OR BAYESIAN METHOD USED:                 NONE

 
 THE FOLLOWING LABELS ARE EQUIVALENT
 PRED=PREDI
 RES=RESI
 WRES=WRESI
 IWRS=IWRESI
 IPRD=IPREDI
 IRS=IRESI
 
 MONITORING OF SEARCH:

 
0ITERATION NO.:    0    OBJECTIVE VALUE:   4944.07941190489        NO. OF FUNC. EVALS.:  10
 CUMULATIVE NO. OF FUNC. EVALS.:       10
 NPARAMETR:  1.0000E+02  5.0000E+02  2.0000E+00  1.0000E-01  1.0000E-02  3.0000E-01  2.0000E-01  2.0000E-01  3.0000E-01  3.0000E-01

 PARAMETER:  1.0000E-01  1.0000E-01  1.0000E-01  1.0000E-01  1.0000E-01  1.0000E-01  1.0000E-01  1.0000E-01  1.0000E-01  1.0000E-01

 GRADIENT:  -3.6824E+01 -8.6638E+01 -6.4821E+01 -6.1968E+00  1.1315E+02  6.1069E+01  6.3619E+01  4.3784E+01  4.0801E+02  4.7487E+00

 
0ITERATION NO.:   23    OBJECTIVE VALUE:   4725.97177182142        NO. OF FUNC. EVALS.: 324
 CUMULATIVE NO. OF FUNC. EVALS.:      334
 NPARAMETR:  1.0018E+02  5.7794E+02  3.5206E+00  8.5811E-01  1.0403E-02  3.6051E-01  4.5200E-02  4.1337E-02  9.8309E-02  1.4745E-01

 PARAMETER:  1.0176E-01  2.4486E-01  6.6571E-01  4.8582E-01  1.0050E-01  2.8430E-01 -6.4362E-01 -6.8829E-01 -4.5783E-01 -2.5515E-01

 GRADIENT:  -3.9867E-02  6.6289E-02  1.1044E-01 -1.0997E-02  1.4834E+00 -2.1819E-01  1.0937E-02 -1.0892E-02 -8.2353E-02 -9.4952E-04

 
 #TERM:
0MINIMIZATION SUCCESSFUL
 NO. OF FUNCTION EVALUATIONS USED:      334
 NO. OF SIG. DIGITS IN FINAL EST.:  3.1

 ETABAR IS THE ARITHMETIC MEAN OF THE ETA-ESTIMATES,
 AND THE P-VALUE IS GIVEN FOR THE NULL HYPOTHESIS THAT THE TRUE MEAN IS 0.
 
 ETABAR:        -8.9146E-04 -2.2765E-03
 SE:             2.7680E-02  2.4699E-02
 N:                      50          50
 
 P VAL.:         9.7431E-01  9.2656E-01
 
 ETASHRINKSD(%)  7.0035E+00  1.3227E+01
 ETASHRINKVR(%)  1.3516E+01  2.4704E+01
 EBVSHRINKSD(%)  7.7393E+00  1.3565E+01
 EBVSHRINKVR(%)  1.4880E+01  2.5290E+01
 EPSSHRINKSD(%)  7.7580E+00  7.7580E+00
 EPSSHRINKVR(%)  1.4914E+01  1.4914E+01
 
  
 TOTAL DATA POINTS NORMALLY DISTRIBUTED (N):          450
 N*LOG(2PI) CONSTANT TO OBJECTIVE FUNCTION:    827.044679884205     
 OBJECTIVE FUNCTION VALUE WITHOUT CONSTANT:    4725.97177182142     
 OBJECTIVE FUNCTION VALUE WITH CONSTANT:       5553.01645170563     
 REPORTED OBJECTIVE FUNCTION DOES NOT CONTAIN CONSTANT
  
 TOTAL EFFECTIVE ETAS (NIND*NETA):                           100
  
 #TERE:
 Elapsed estimation  time in seconds:     1.39
 Elapsed covariance  time in seconds:     1.79
 Elapsed postprocess time in seconds:     0.00
1
 
 
 
 
 
 
 
 
 
 
 
 
 
 
 
 
 
 
 
 
 ************************************************************************************************************************
 ********************                                                                                ********************
 ********************               FIRST ORDER CONDITIONAL ESTIMATION WITH INTERACTION              ********************
 #OBJT:**************                       MINIMUM VALUE OF OBJECTIVE FUNCTION                      ********************
 ********************                                                                                ********************
 ************************************************************************************************************************
 





 #OBJV:********************************************     4725.972       **************************************************
1
 ************************************************************************************************************************
 ********************                                                                                ********************
 ********************               FIRST ORDER CONDITIONAL ESTIMATION WITH INTERACTION              ********************
 ********************                             FINAL PARAMETER ESTIMATE                           ********************
 ********************                                                                                ********************
 ************************************************************************************************************************
 


 THETA - VECTOR OF FIXED EFFECTS PARAMETERS   *********


         TH 1      TH 2      TH 3      TH 4      TH 5      TH 6     
 
         1.00E+02  5.78E+02  3.52E+00  8.58E-01  1.04E-02  3.61E-01
 


 OMEGA - COV MATRIX FOR RANDOM EFFECTS - ETAS  ********


         ETA1      ETA2     
 
 ETA1
+        4.52E-02
 
 ETA2
+        0.00E+00  4.13E-02
 


 SIGMA - COV MATRIX FOR RANDOM EFFECTS - EPSILONS  ****


         EPS1      EPS2     
 
 EPS1
+        9.83E-02
 
 EPS2
+        0.00E+00  1.47E-01
 
1


 OMEGA - CORR MATRIX FOR RANDOM EFFECTS - ETAS  *******


         ETA1      ETA2     
 
 ETA1
+        2.13E-01
 
 ETA2
+        0.00E+00  2.03E-01
 


 SIGMA - CORR MATRIX FOR RANDOM EFFECTS - EPSILONS  ***


         EPS1      EPS2     
 
 EPS1
+        3.14E-01
 
 EPS2
+        0.00E+00  3.84E-01
 
1
 ************************************************************************************************************************
 ********************                                                                                ********************
 ********************               FIRST ORDER CONDITIONAL ESTIMATION WITH INTERACTION              ********************
 ********************                            STANDARD ERROR OF ESTIMATE                          ********************
 ********************                                                                                ********************
 ************************************************************************************************************************
 


 THETA - VECTOR OF FIXED EFFECTS PARAMETERS   *********


         TH 1      TH 2      TH 3      TH 4      TH 5      TH 6     
 
         3.42E+00  2.08E+01  6.36E-01  3.12E-01  3.73E-03  2.60E-02
 


 OMEGA - COV MATRIX FOR RANDOM EFFECTS - ETAS  ********


         ETA1      ETA2     
 
 ETA1
+        1.11E-02
 
 ETA2
+       .........  8.90E-03
 


 SIGMA - COV MATRIX FOR RANDOM EFFECTS - EPSILONS  ****


         EPS1      EPS2     
 
 EPS1
+        7.35E-03
 
 EPS2
+       .........  1.24E-01
 
1


 OMEGA - CORR MATRIX FOR RANDOM EFFECTS - ETAS  *******


         ETA1      ETA2     
 
 ETA1
+        2.60E-02
 
 ETA2
+       .........  2.19E-02
 


 SIGMA - CORR MATRIX FOR RANDOM EFFECTS - EPSILONS  ***


         EPS1      EPS2     
 
 EPS1
+        1.17E-02
 
 EPS2
+       .........  1.62E-01
 
1
 ************************************************************************************************************************
 ********************                                                                                ********************
 ********************               FIRST ORDER CONDITIONAL ESTIMATION WITH INTERACTION              ********************
 ********************                          COVARIANCE MATRIX OF ESTIMATE                         ********************
 ********************                                                                                ********************
 ************************************************************************************************************************
 

            TH 1      TH 2      TH 3      TH 4      TH 5      TH 6      OM11      OM12      OM22      SG11      SG12      SG22  

 
 TH 1
+        1.17E+01
 
 TH 2
+        2.91E+01  4.32E+02
 
 TH 3
+       -2.64E-01 -1.18E+00  4.04E-01
 
 TH 4
+       -1.32E-01  8.37E-01 -2.65E-02  9.75E-02
 
 TH 5
+       -1.40E-03 -8.21E-03 -4.05E-04  5.50E-04  1.39E-05
 
 TH 6
+       -1.09E-02 -8.59E-02  1.56E-02 -6.61E-04 -1.52E-05  6.73E-04
 
 OM11
+        3.59E-03 -1.28E-02  1.05E-03 -1.65E-06 -7.51E-06  4.20E-05  1.22E-04
 
 OM12
+       ......... ......... ......... ......... ......... ......... ......... .........
 
 OM22
+        3.75E-03  1.93E-02 -1.12E-03 -4.53E-04 -4.70E-06 -2.97E-05  1.19E-05 .........  7.93E-05
 
 SG11
+       -7.01E-04 -2.86E-02 -1.58E-03  5.17E-04  7.89E-06 -5.35E-05 -2.21E-05 ......... -6.57E-06  5.40E-05
 
 SG12
+       ......... ......... ......... ......... ......... ......... ......... ......... ......... ......... .........
 
 SG22
+       -6.04E-02 -2.19E-01 -5.69E-03  9.64E-03 -2.07E-05  3.10E-05 -2.06E-04 ......... -3.54E-05 -7.24E-05 .........  1.55E-02
 
1
 ************************************************************************************************************************
 ********************                                                                                ********************
 ********************               FIRST ORDER CONDITIONAL ESTIMATION WITH INTERACTION              ********************
 ********************                          CORRELATION MATRIX OF ESTIMATE                        ********************
 ********************                                                                                ********************
 ************************************************************************************************************************
 

            TH 1      TH 2      TH 3      TH 4      TH 5      TH 6      OM11      OM12      OM22      SG11      SG12      SG22  

 
 TH 1
+        3.42E+00
 
 TH 2
+        4.09E-01  2.08E+01
 
 TH 3
+       -1.21E-01 -8.91E-02  6.36E-01
 
 TH 4
+       -1.24E-01  1.29E-01 -1.34E-01  3.12E-01
 
 TH 5
+       -1.10E-01 -1.06E-01 -1.71E-01  4.73E-01  3.73E-03
 
 TH 6
+       -1.23E-01 -1.59E-01  9.45E-01 -8.16E-02 -1.57E-01  2.60E-02
 
 OM11
+        9.50E-02 -5.57E-02  1.49E-01 -4.78E-04 -1.82E-01  1.46E-01  1.11E-02
 
 OM12
+       ......... ......... ......... ......... ......... ......... ......... .........
 
 OM22
+        1.23E-01  1.05E-01 -1.97E-01 -1.63E-01 -1.42E-01 -1.28E-01  1.21E-01 .........  8.90E-03
 
 SG11
+       -2.79E-02 -1.87E-01 -3.38E-01  2.25E-01  2.88E-01 -2.81E-01 -2.73E-01 ......... -1.00E-01  7.35E-03
 
 SG12
+       ......... ......... ......... ......... ......... ......... ......... ......... ......... ......... .........
 
 SG22
+       -1.42E-01 -8.47E-02 -7.20E-02  2.48E-01 -4.46E-02  9.62E-03 -1.50E-01 ......... -3.20E-02 -7.93E-02 .........  1.24E-01
 
1
 ************************************************************************************************************************
 ********************                                                                                ********************
 ********************               FIRST ORDER CONDITIONAL ESTIMATION WITH INTERACTION              ********************
 ********************                      INVERSE COVARIANCE MATRIX OF ESTIMATE                     ********************
 ********************                                                                                ********************
 ************************************************************************************************************************
 

            TH 1      TH 2      TH 3      TH 4      TH 5      TH 6      OM11      OM12      OM22      SG11      SG12      SG22  

 
 TH 1
+        1.15E-01
 
 TH 2
+       -9.25E-03  3.77E-03
 
 TH 3
+        2.76E-01 -7.23E-02  3.11E+01
 
 TH 4
+        3.14E-01 -1.06E-01  3.85E+00  1.87E+01
 
 TH 5
+       -4.05E+00  4.72E+00 -4.42E+01 -7.29E+02  1.11E+05
 
 TH 6
+       -5.53E+00  2.08E+00 -6.96E+02 -9.61E+01  2.78E+03  1.74E+04
 
 OM11
+       -5.88E+00  1.62E+00 -1.35E+01 -1.27E+02  7.82E+03  1.39E+02  1.06E+04
 
 OM12
+       ......... ......... ......... ......... ......... ......... ......... .........
 
 OM22
+        7.04E-01 -1.02E+00  2.24E+02  9.24E+01  9.52E+02 -4.26E+03 -1.58E+03 .........  1.54E+04
 
 SG11
+       -5.40E+00  2.81E+00  1.93E+02 -1.66E+02 -1.07E+03 -2.41E+03  5.07E+03 .........  2.09E+03  2.78E+04
 
 SG12
+       ......... ......... ......... ......... ......... ......... ......... ......... ......... ......... .........
 
 SG22
+        1.26E-01  9.11E-02  1.17E+01 -1.36E+01  7.33E+02 -2.39E+02  2.45E+02 .........  4.72E+01  3.99E+02 .........  8.59E+01
 
1
 
 
 
 
 
 
 
 
 
 
 
 
 
 
 
 
 
 
 
 
 ************************************************************************************************************************
 ********************                                                                                ********************
 ********************               FIRST ORDER CONDITIONAL ESTIMATION WITH INTERACTION              ********************
 ********************                      EIGENVALUES OF COR MATRIX OF ESTIMATE                     ********************
 ********************                                                                                ********************
 ************************************************************************************************************************
 

             1         2         3         4         5         6         7         8         9        10
 
         4.16E-02  2.63E-01  5.63E-01  6.91E-01  7.79E-01  1.02E+00  1.14E+00  1.24E+00  1.86E+00  2.40E+00
 
 Elapsed finaloutput time in seconds:     0.02
 #CPUT: Total CPU Time in Seconds,        3.234
Stop Time: 
Mon 06/20/2022 
09:06 AM
OFV = 4725.97177182142
success = True
covariance = True
correlation = True
Condition # = 57.67433402659634
Num Non fixed THETAs = 6
Num Non fixed OMEGAs = 2
Num Non fixed SIGMAs = 2
Original run directory = C:\fda\pydarwin\docs\Example2\0\27
