Tue Mar  7 14:34:43 CST 2023
$PROBLEM ORAL BOLUS WITH PLASMA AND URINE OBSERVATIONS  
  ; 
  ; NUMBER OF COMPARTMENTS        : 1 OR 2 OR 3
  ; 
  ; ABSORPTION                    : ZERO-ORDER OR FIRST-ORDER OR ZERO-ORDER FOLLOWED BY FIRST-ORDER
  ; 
  ; ELIMINATION                   : FIRST-ORDER OR MICHAELIS-MENTEN
  ; 
  ; BIOAVAILABLITY                : EITHER 1 OR BETWEEN 0 AND 1 (ASSOCIATED IIV IS ALSO SEARCHED)
  ;
  ; RESIDUAL ERROR FOR PLASMA OBS : PROPORTIONAL OR COMBINED
  ; RESIDUAL ERROR FOR URINE OBS  : ADDITIVE OR PROPORTIONAL OR COMBINED 


  ; ====================================================================================================
  ; DATA
  ; ====================================================================================================          

$INPUT       ID TIME AMT CMT DROP DV DVID EVID MDV 
$DATA      /home/jcraig/Example3/OralBolus_PlasmaUrine_ResetCpt4.csv IGNORE=@


  ; ====================================================================================================
  ; SUBROUTINE
  ; ====================================================================================================          
$SUBROUTINE ADVAN13 TOL = 6

$MODEL
  NCOMP =  4 
  COMP = (DEPOT) 
  COMP = (CENTRAL) 
  COMP = (PERIPH)
  COMP = (URINE)


  ; ===================================================================================================
  ; STRUCTURAL PARAMETERS 
  ; ===================================================================================================
$PK      

  KA = THETA(1) * EXP(ETA(1)) 

  VC = THETA(2) * EXP(ETA(2)) 

  VP = THETA(3) * EXP(ETA(3)) 

  CLQ = THETA(4) * EXP(ETA(4)) 

  CLC = THETA(5) * EXP(ETA(5))

  TEMP = EXP(THETA(6) + ETA(6)) 
  F1 = TEMP/(1 + TEMP)

  ; ====================================================================================================
  ; INITIAL VALUES FOR FIXED EFFECTS
  ; ====================================================================================================
$THETA  

  (0, 1) 	 ; THETA(1) TVKA 
  (0, 5) 	 ; THETA(2) TVVC 
  (0, 5) 	 ; THETA(3) TVVP 
  (0, 1) 	 ; THETA(4) TVCLQ 
  (0, 2) 	 ; THETA(5) TVCLC 
  3 	 ; THETA(6) TVLOGITF  


  ; ====================================================================================================
  ; INITIAL VALUES FOR OMEGA
  ; ====================================================================================================
$OMEGA 

  1 	 ; ETA(1) ETA ON KA 
  1 	 ; ETA(2) ETA ON VC 
  1 	 ; ETA(3) ETA ON VP 
  1 	 ; ETA(4) ETA ON CLQ 
  1 	 ; ETA(5) ETA ON CLC
  1 	 ; ETA(6) ETA ON LOGITF


  ; ====================================================================================================
  ; ODE MODEL 
  ; ====================================================================================================
$DES

  C = A(2)/VC 

  DADT(1) = - KA * A(1) 
  DADT(2) = KA * A(1) - CLC * C - CLQ * (A(2)/VC - A(3)/VP) 
  DADT(3) = CLQ * (A(2)/VC - A(3)/VP) 
  DADT(4) = CLC * C


  ; ===================================================================================================
  ; RESIDUAL ERROR MODEL
  ; ===================================================================================================
$ERROR  

  ; IPRED 
  IPREDC = A(2)/VC 
  IPREDU = A(4)

  ; RESIDUAL ERROR MODEL 
  IF (DVID == 1) Y = IPREDC * (1 + EPS(1))
  IF (DVID == 2) Y = IPREDU * (1 + EPS(2)) + EPS(3)


$SIGMA  

  0.01 	 ; EPS(1) VARIANCE OF PROPORTIONAL ERROR FOR PLASMA OBSERVATION
  0.01 	 ; EPS(2)) VARIANCE OF PROPORTIONAL ERROR FOR URINE OBSERVATIONS 
  0.1 	 ; EPS(3) VARIANCE OF ADDITIVE ERROR FOR URINE OBSERVATIONS


  ; ==================================================================================================
  ; ESTIMATION METHOD AND SE 
  ; ================================================================================================== 

$EST METHOD = 0 NOABORT MAX = 9999 SIGL = 6 NSIG = 2 PRINT = 5

$COV UNCOND PRINT = E


;; Phenotype 
;; OrderedDict([('ODE', 4), ('ELIM', 0), ('BIOAVAIL', 2), ('RESERRC', 0), ('RESERRU', 2)])
;; Genotype 
;; [4, 0, 2, 0, 2]
;; Num non-influential tokens = 0
NM-TRAN MESSAGES
  
 WARNINGS AND ERRORS (IF ANY) FOR PROBLEM    1
             
 (WARNING  2) NM-TRAN INFERS THAT THE DATA ARE POPULATION.
             
 (WARNING  3) THERE MAY BE AN ERROR IN THE ABBREVIATED CODE. THE FOLLOWING
 ONE OR MORE RANDOM VARIABLES ARE DEFINED WITH "IF" STATEMENTS THAT DO NOT
 PROVIDE DEFINITIONS FOR BOTH THE "THEN" AND "ELSE" CASES. IF ALL
 CONDITIONS FAIL, THE VALUES OF THESE VARIABLES WILL BE ZERO.
  
   Y

  
Note: Analytical 2nd Derivatives are constructed in FSUBS but are never used.
      You may insert $ABBR DERIV2=NO after the first $PROB to save FSUBS construction and compilation time
  

License Registered to: Certara USA
Expiration Date:    14 MAR 2023
Current Date:        7 MAR 2023
  **** WARNING!!! Days until program expires :   7 ****
  **** CONTACT idssoftware@iconplc.com FOR RENEWAL ****
1NONLINEAR MIXED EFFECTS MODEL PROGRAM (NONMEM) VERSION 7.5.1
 ORIGINALLY DEVELOPED BY STUART BEAL, LEWIS SHEINER, AND ALISON BOECKMANN
 CURRENT DEVELOPERS ARE ROBERT BAUER, ICON DEVELOPMENT SOLUTIONS,
 AND ALISON BOECKMANN. IMPLEMENTATION, EFFICIENCY, AND STANDARDIZATION
 PERFORMED BY NOUS INFOSYSTEMS.

 PROBLEM NO.:         1
 ORAL BOLUS WITH PLASMA AND URINE OBSERVATIONS
0DATA CHECKOUT RUN:              NO
 DATA SET LOCATED ON UNIT NO.:    2
 THIS UNIT TO BE REWOUND:        NO
 NO. OF DATA RECS IN DATA SET:     2200
 NO. OF DATA ITEMS IN DATA SET:   8
 ID DATA ITEM IS DATA ITEM NO.:   1
 DEP VARIABLE IS DATA ITEM NO.:   5
 MDV DATA ITEM IS DATA ITEM NO.:  8
0INDICES PASSED TO SUBROUTINE PRED:
   7   2   3   0   0   0   4   0   0   0   0
0LABELS FOR DATA ITEMS:
 ID TIME AMT CMT DV DVID EVID MDV
0FORMAT FOR DATA:
 (E3.0,2E4.0,E3.0,E19.0,3E2.0)

 TOT. NO. OF OBS RECS:     1300
 TOT. NO. OF INDIVIDUALS:      100
0LENGTH OF THETA:   6
0DEFAULT THETA BOUNDARY TEST OMITTED:    NO
0OMEGA HAS SIMPLE DIAGONAL FORM WITH DIMENSION:   6
0DEFAULT OMEGA BOUNDARY TEST OMITTED:    NO
0SIGMA HAS SIMPLE DIAGONAL FORM WITH DIMENSION:   3
0DEFAULT SIGMA BOUNDARY TEST OMITTED:    NO
0INITIAL ESTIMATE OF THETA:
 LOWER BOUND    INITIAL EST    UPPER BOUND
  0.0000E+00     0.1000E+01     0.1000E+07
  0.0000E+00     0.5000E+01     0.1000E+07
  0.0000E+00     0.5000E+01     0.1000E+07
  0.0000E+00     0.1000E+01     0.1000E+07
  0.0000E+00     0.2000E+01     0.1000E+07
 -0.1000E+07     0.3000E+01     0.1000E+07
0INITIAL ESTIMATE OF OMEGA:
 0.1000E+01
 0.0000E+00   0.1000E+01
 0.0000E+00   0.0000E+00   0.1000E+01
 0.0000E+00   0.0000E+00   0.0000E+00   0.1000E+01
 0.0000E+00   0.0000E+00   0.0000E+00   0.0000E+00   0.1000E+01
 0.0000E+00   0.0000E+00   0.0000E+00   0.0000E+00   0.0000E+00   0.1000E+01
0INITIAL ESTIMATE OF SIGMA:
 0.1000E-01
 0.0000E+00   0.1000E-01
 0.0000E+00   0.0000E+00   0.1000E+00
0COVARIANCE STEP OMITTED:        NO
 EIGENVLS. PRINTED:             YES
 SPECIAL COMPUTATION:            NO
 COMPRESSED FORMAT:              NO
 GRADIENT METHOD USED:     NOSLOW
 SIGDIGITS ETAHAT (SIGLO):                  -1
 SIGDIGITS GRADIENTS (SIGL):                -1
 EXCLUDE COV FOR FOCE (NOFCOV):              NO
 Cholesky Transposition of R Matrix (CHOLROFF):0
 KNUTHSUMOFF:                                -1
 RESUME COV ANALYSIS (RESUME):               NO
 SIR SAMPLE SIZE (SIRSAMPLE):
 NON-LINEARLY TRANSFORM THETAS DURING COV (THBND): 1
 PRECONDTIONING CYCLES (PRECOND):        0
 PRECONDTIONING TYPES (PRECONDS):        TOS
 FORCED PRECONDTIONING CYCLES (PFCOND):0
 PRECONDTIONING TYPE (PRETYPE):        0
 FORCED POS. DEFINITE SETTING DURING PRECONDITIONING: (FPOSDEF):0
 SIMPLE POS. DEFINITE SETTING: (POSDEF):-1
1DOUBLE PRECISION PREDPP VERSION 7.5.1

 GENERAL NONLINEAR KINETICS MODEL WITH STIFF/NONSTIFF EQUATIONS (LSODA, ADVAN13)
0MODEL SUBROUTINE USER-SUPPLIED - ID NO. 9999
0MAXIMUM NO. OF BASIC PK PARAMETERS:   5
0COMPARTMENT ATTRIBUTES
 COMPT. NO.   FUNCTION   INITIAL    ON/OFF      DOSE      DEFAULT    DEFAULT
                         STATUS     ALLOWED    ALLOWED    FOR DOSE   FOR OBS.
    1         DEPOT        ON         YES        YES        YES        NO
    2         CENTRAL      ON         YES        YES        NO         YES
    3         PERIPH       ON         YES        YES        NO         NO
    4         URINE        ON         YES        YES        NO         NO
    5         OUTPUT       OFF        YES        NO         NO         NO
 INITIAL (BASE) TOLERANCE SETTINGS:
 NRD (RELATIVE) VALUE(S) OF TOLERANCE:   6
 ANRD (ABSOLUTE) VALUE(S) OF TOLERANCE:  12
1
 ADDITIONAL PK PARAMETERS - ASSIGNMENT OF ROWS IN GG
 COMPT. NO.                             INDICES
              SCALE      BIOAVAIL.   ZERO-ORDER  ZERO-ORDER  ABSORB
                         FRACTION    RATE        DURATION    LAG
    1            *           6           *           *           *
    2            *           *           *           *           *
    3            *           *           *           *           *
    4            *           *           *           *           *
    5            *           -           -           -           -
             - PARAMETER IS NOT ALLOWED FOR THIS MODEL
             * PARAMETER IS NOT SUPPLIED BY PK SUBROUTINE;
               WILL DEFAULT TO ONE IF APPLICABLE
0DATA ITEM INDICES USED BY PRED ARE:
   EVENT ID DATA ITEM IS DATA ITEM NO.:      7
   TIME DATA ITEM IS DATA ITEM NO.:          2
   DOSE AMOUNT DATA ITEM IS DATA ITEM NO.:   3
   COMPT. NO. DATA ITEM IS DATA ITEM NO.:    4

0PK SUBROUTINE CALLED WITH EVERY EVENT RECORD.
 PK SUBROUTINE NOT CALLED AT NONEVENT (ADDITIONAL OR LAGGED) DOSE TIMES.
0ERROR SUBROUTINE CALLED WITH EVERY EVENT RECORD.
0ERROR SUBROUTINE INDICATES THAT DERIVATIVES OF COMPARTMENT AMOUNTS ARE USED.
0DES SUBROUTINE USES COMPACT STORAGE MODE.
1


 #TBLN:      1
 #METH: First Order

 ESTIMATION STEP OMITTED:                 NO
 ANALYSIS TYPE:                           POPULATION
 NUMBER OF SADDLE POINT RESET ITERATIONS:      0
 GRADIENT METHOD USED:               NOSLOW
 EPS-ETA INTERACTION:                     NO
 NO. OF FUNCT. EVALS. ALLOWED:            9999
 NO. OF SIG. FIGURES REQUIRED:            2
 INTERMEDIATE PRINTOUT:                   YES
 ESTIMATE OUTPUT TO MSF:                  NO
 ABORT WITH PRED EXIT CODE 1:             NO
 IND. OBJ. FUNC. VALUES SORTED:           NO
 NUMERICAL DERIVATIVE
       FILE REQUEST (NUMDER):               NONE
 MAP (ETAHAT) ESTIMATION METHOD (OPTMAP):   0
 ETA HESSIAN EVALUATION METHOD (ETADER):    0
 INITIAL ETA FOR MAP ESTIMATION (MCETA):    0
 SIGDIGITS FOR MAP ESTIMATION (SIGLO):      6
 GRADIENT SIGDIGITS OF
       FIXED EFFECTS PARAMETERS (SIGL):     6
 NOPRIOR SETTING (NOPRIOR):                 0
 NOCOV SETTING (NOCOV):                     OFF
 DERCONT SETTING (DERCONT):                 OFF
 FINAL ETA RE-EVALUATION (FNLETA):          1
 EXCLUDE NON-INFLUENTIAL (NON-INFL.) ETAS
       IN SHRINKAGE (ETASTYPE):             NO
 NON-INFL. ETA CORRECTION (NONINFETA):      0
 RAW OUTPUT FILE (FILE): NM_0_261.ext
 EXCLUDE TITLE (NOTITLE):                   NO
 EXCLUDE COLUMN LABELS (NOLABEL):           NO
 FORMAT FOR ADDITIONAL FILES (FORMAT):      S1PE12.5
 PARAMETER ORDER FOR OUTPUTS (ORDER):       TSOL
 KNUTHSUMOFF:                               0
 INCLUDE LNTWOPI:                           NO
 INCLUDE CONSTANT TERM TO PRIOR (PRIORC):   NO
 INCLUDE CONSTANT TERM TO OMEGA (ETA) (OLNTWOPI):NO
 ADDITIONAL CONVERGENCE TEST (CTYPE=4)?:    NO
 EM OR BAYESIAN METHOD USED:                 NONE

 TOLERANCES FOR ESTIMATION/EVALUATION STEP:
 NRD (RELATIVE) VALUE(S) OF TOLERANCE:   6
 ANRD (ABSOLUTE) VALUE(S) OF TOLERANCE:  12
 TOLERANCES FOR COVARIANCE STEP:
 NRD (RELATIVE) VALUE(S) OF TOLERANCE:   6
 ANRD (ABSOLUTE) VALUE(S) OF TOLERANCE:  12

 THE FOLLOWING LABELS ARE EQUIVALENT
 PRED=NPRED
 RES=NRES
 WRES=NWRES
 IWRS=NIWRES
 IPRD=NIPRED
 IRS=NIRES

 MONITORING OF SEARCH:


0ITERATION NO.:    0    OBJECTIVE VALUE:   14837.2155530047        NO. OF FUNC. EVALS.:  11
 CUMULATIVE NO. OF FUNC. EVALS.:       11
 NPARAMETR:  1.0000E+00  5.0000E+00  5.0000E+00  1.0000E+00  2.0000E+00  3.0000E+00  1.0000E+00  1.0000E+00  1.0000E+00  1.0000E+00
             1.0000E+00  1.0000E+00  1.0000E-02  1.0000E-02  1.0000E-01
 PARAMETER:  1.0000E-01  1.0000E-01  1.0000E-01  1.0000E-01  1.0000E-01  1.0000E-01  1.0000E-01  1.0000E-01  1.0000E-01  1.0000E-01
             1.0000E-01  1.0000E-01  1.0000E-01  1.0000E-01  1.0000E-01
 GRADIENT:   5.6241E+03 -2.1311E+04 -1.9208E+04  8.1826E+02  7.4283E+04  8.8080E+03 -1.5034E+02 -1.1940E+02  7.9518E+01 -9.8824E+01
            -2.9761E+01 -1.1640E+03 -9.7023E+03 -1.0710E+04 -4.8018E+03

0ITERATION NO.:    5    OBJECTIVE VALUE:   2834.53386719048        NO. OF FUNC. EVALS.:  60
 CUMULATIVE NO. OF FUNC. EVALS.:       71
 NPARAMETR:  1.0315E+00  8.6004E+00  4.8277E+00  8.4684E-01  1.5453E+00  1.3336E+01  5.5064E-01  5.1695E-01  5.0234E-01  6.8662E-01
             4.2001E-01  9.3325E-01  1.9554E-02  4.4853E-02  8.0584E-02
 PARAMETER:  1.3099E-01  6.4237E-01  6.4929E-02 -6.6244E-02 -1.5793E-01  4.4452E-01 -1.9834E-01 -2.2990E-01 -2.4424E-01 -8.7984E-02
            -3.3374E-01  6.5459E-02  4.3530E-01  8.5040E-01 -7.9339E-03
 GRADIENT:  -1.9142E+02  2.3868E+02  1.2152E+02  6.2656E+01  9.5430E+02 -4.7046E-02  5.0711E+01  1.6409E+01  8.1315E+00  1.9800E+01
             6.8886E+01 -1.9979E-08 -6.2650E+02 -3.1678E+02 -5.8245E+00

0ITERATION NO.:   10    OBJECTIVE VALUE:   2576.03208773710        NO. OF FUNC. EVALS.:  64
 CUMULATIVE NO. OF FUNC. EVALS.:      135
 NPARAMETR:  1.0100E+00  5.2239E+00  3.2332E+00  5.4402E-01  1.0778E+00  1.3101E+01  5.5415E-02  9.9934E-02  1.2730E-01  1.1918E-01
             1.0095E-01  5.0797E-01  9.3550E-03  6.7975E-02  5.5065E-03
 PARAMETER:  1.0993E-01  1.4380E-01 -3.3597E-01 -5.0877E-01 -5.1823E-01  4.3671E-01 -1.3465E+00 -1.0516E+00 -9.3060E-01 -9.6358E-01
            -1.0466E+00 -2.3867E-01  6.6664E-02  1.0583E+00 -1.3496E+00
 GRADIENT:  -4.2848E+02  1.3428E+02 -8.1051E+01 -1.8846E+02  2.6886E+02  1.2094E-02 -8.3356E+01  4.6694E+00 -4.9339E+01 -1.4442E+01
             3.0800E+01 -1.6257E-08 -5.2126E+02 -1.0736E+01 -1.3520E-01

0ITERATION NO.:   15    OBJECTIVE VALUE:   2495.03743494785        NO. OF FUNC. EVALS.:  64
 CUMULATIVE NO. OF FUNC. EVALS.:      199
 NPARAMETR:  1.0721E+00  5.7015E+00  3.6132E+00  5.3916E-01  1.0940E+00  1.2962E+01  1.0439E-01  8.2353E-02  2.2739E-01  1.3992E-01
             9.4434E-02  5.2989E-01  1.2585E-02  6.9718E-02  9.6553E-04
 PARAMETER:  1.6957E-01  2.3128E-01 -2.2484E-01 -5.1774E-01 -5.0332E-01  4.3207E-01 -1.0298E+00 -1.1484E+00 -6.4055E-01 -8.8335E-01
            -1.0799E+00 -2.1754E-01  2.1498E-01  1.0709E+00 -2.2201E+00
 GRADIENT:  -1.7823E+02  8.8270E+01  2.7517E+01 -4.7880E+01 -9.9104E+01  2.2013E-02 -2.1156E+01  2.7347E-01  5.7849E+00  1.3267E+01
             1.3317E+01 -1.3510E-08 -1.8369E+02  2.8714E+01 -6.7365E-03

0ITERATION NO.:   20    OBJECTIVE VALUE:   2474.80380645556        NO. OF FUNC. EVALS.:  62
 CUMULATIVE NO. OF FUNC. EVALS.:      261
 NPARAMETR:  1.1302E+00  5.9014E+00  3.5326E+00  5.6413E-01  1.1323E+00  1.2637E+01  1.3121E-01  8.7406E-02  1.9556E-01  5.3023E-02
             8.9271E-02  5.2055E+00  1.5740E-02  6.6803E-02  1.1305E-03
 PARAMETER:  2.2243E-01  2.6574E-01 -2.4739E-01 -4.7248E-01 -4.6893E-01  4.2125E-01 -9.1549E-01 -1.1186E+00 -7.1596E-01 -1.3685E+00
            -1.1080E+00  9.2486E-01  3.2681E-01  1.0496E+00 -2.1413E+00
 GRADIENT:   3.6718E+00 -5.2407E+00 -1.8913E-01 -8.5490E-01  3.6257E+00  3.0084E-02  5.2210E-01 -2.5400E-01 -1.8988E-02  2.8962E-01
            -4.9224E-02 -2.6656E-07  1.9890E+00  1.4450E-01 -1.6803E-02

0ITERATION NO.:   25    OBJECTIVE VALUE:   2473.44206178832        NO. OF FUNC. EVALS.:  79
 CUMULATIVE NO. OF FUNC. EVALS.:      340            RESET HESSIAN, TYPE II
 NPARAMETR:  1.1274E+00  5.9067E+00  3.5371E+00  5.6536E-01  1.1328E+00  5.4450E+00  1.3219E-01  8.8056E-02  1.9427E-01  4.7624E-02
             8.9337E-02  5.1887E+00  1.5765E-02  6.7097E-02  1.4672E-03
 PARAMETER:  2.1995E-01  2.6665E-01 -2.4613E-01 -4.7029E-01 -4.6844E-01  1.8150E-01 -9.1175E-01 -1.1149E+00 -7.1925E-01 -1.4222E+00
            -1.1077E+00  9.2324E-01  3.2760E-01  1.0518E+00 -2.0109E+00
 GRADIENT:  -3.9150E-01  1.4858E+01  8.8280E+00 -1.0995E+00  2.1816E+01  4.1028E+01 -1.3687E+00 -7.1307E-01 -1.7122E+00 -2.8479E-01
            -1.0512E+00 -4.3810E-01 -8.0945E+00 -5.7029E-01 -2.0893E-02

0ITERATION NO.:   30    OBJECTIVE VALUE:   2466.59231446096        NO. OF FUNC. EVALS.:  62
 CUMULATIVE NO. OF FUNC. EVALS.:      402
 NPARAMETR:  1.1253E+00  5.7961E+00  3.4238E+00  5.6668E-01  1.1174E+00  3.6710E+00  1.3503E-01  8.2567E-02  1.8496E-01  6.0747E-02
             8.7233E-02  7.3067E+00  1.6215E-02  6.5575E-02  1.6221E-03
 PARAMETER:  2.1806E-01  2.4774E-01 -2.7869E-01 -4.6796E-01 -4.8217E-01  1.2237E-01 -9.0111E-01 -1.1471E+00 -7.4381E-01 -1.3005E+00
            -1.1196E+00  1.0944E+00  3.4167E-01  1.0403E+00 -1.9607E+00
 GRADIENT:   5.8881E+00  5.7771E+00 -2.4155E+00  2.7913E-01  1.4655E+01  1.3815E+00  2.3174E+00  8.1521E-01  3.9152E+00  4.9433E-01
             1.6694E+00  7.5271E-01  1.8178E+01 -3.4750E+00 -2.1992E-02

0ITERATION NO.:   35    OBJECTIVE VALUE:   2466.04505610951        NO. OF FUNC. EVALS.:  60
 CUMULATIVE NO. OF FUNC. EVALS.:      462
 NPARAMETR:  1.1113E+00  5.6649E+00  3.4104E+00  5.7799E-01  1.1052E+00  3.4765E+00  1.2813E-01  8.3708E-02  1.6390E-01  6.1346E-02
             8.5457E-02  4.8084E+00  1.5751E-02  6.6798E-02  2.7193E-03
 PARAMETER:  2.0554E-01  2.2485E-01 -2.8262E-01 -4.4820E-01 -4.9310E-01  1.1588E-01 -9.2735E-01 -1.1402E+00 -8.0425E-01 -1.2956E+00
            -1.1299E+00  8.8518E-01  3.2716E-01  1.0495E+00 -1.7024E+00
 GRADIENT:  -7.3847E-01  1.3991E+00 -1.5578E-01 -1.9318E+00 -1.6224E+00  2.2825E+00 -3.7937E-01  5.7597E-01 -2.3400E-01  1.6563E-01
             1.1041E-01 -2.0791E-02  1.1557E+00  4.0653E-01 -3.0723E-02

0ITERATION NO.:   40    OBJECTIVE VALUE:   2465.43483949816        NO. OF FUNC. EVALS.:  65
 CUMULATIVE NO. OF FUNC. EVALS.:      527
 NPARAMETR:  1.0905E+00  5.5941E+00  3.4431E+00  5.9994E-01  1.1072E+00  3.4722E+00  1.2930E-01  8.3377E-02  1.4994E-01  6.3181E-02
             8.4633E-02  4.7629E+00  1.5747E-02  6.6010E-02  3.1506E-01
 PARAMETER:  1.8666E-01  2.1227E-01 -2.7306E-01 -4.1093E-01 -4.9134E-01  1.1574E-01 -9.2282E-01 -1.1422E+00 -8.4877E-01 -1.2809E+00
            -1.1347E+00  8.8043E-01  3.2703E-01  1.0436E+00  6.7380E-01
 GRADIENT:  -1.0346E+01  1.7959E+01  5.3781E+00  1.2420E+01 -2.7905E+01  7.3867E+00  1.6115E+00 -2.3196E+00 -1.2503E+00  4.6468E-01
            -1.3809E+00 -1.2307E-01 -1.6830E-01  2.5615E+01  2.4460E-01

0ITERATION NO.:   45    OBJECTIVE VALUE:   2464.60520600734        NO. OF FUNC. EVALS.:  63
 CUMULATIVE NO. OF FUNC. EVALS.:      590
 NPARAMETR:  1.1087E+00  5.6662E+00  3.4100E+00  5.8161E-01  1.1149E+00  3.6345E+00  1.2802E-01  8.3398E-02  1.6435E-01  5.7630E-02
             8.5797E-02  6.8290E+00  1.5772E-02  6.0648E-02  5.2934E-01
 PARAMETER:  2.0317E-01  2.2508E-01 -2.8272E-01 -4.4196E-01 -4.8435E-01  1.2115E-01 -9.2777E-01 -1.1421E+00 -8.0288E-01 -1.3269E+00
            -1.1279E+00  1.0606E+00  3.2781E-01  1.0013E+00  9.3323E-01
 GRADIENT:  -3.3905E-01 -2.3638E-01  2.5134E-01  5.3545E-01  1.0997E+00  1.1107E-01  9.9612E-02 -1.9846E-01 -9.5789E-02 -8.8163E-05
            -9.6274E-02 -5.2123E-02 -2.8167E-01 -8.2350E-01  1.1936E-02

0ITERATION NO.:   48    OBJECTIVE VALUE:   2464.60190679194        NO. OF FUNC. EVALS.:  40
 CUMULATIVE NO. OF FUNC. EVALS.:      630
 NPARAMETR:  1.1098E+00  5.6754E+00  3.4120E+00  5.8091E-01  1.1158E+00  3.6576E+00  1.2812E-01  8.3370E-02  1.6527E-01  5.7349E-02
             8.5838E-02  7.1200E+00  1.5788E-02  6.0715E-02  5.2432E-01
 PARAMETER:  2.0414E-01  2.2670E-01 -2.8215E-01 -4.4315E-01 -4.8359E-01  1.2192E-01 -9.2738E-01 -1.1422E+00 -8.0009E-01 -1.3293E+00
            -1.1276E+00  1.0815E+00  3.2834E-01  1.0018E+00  9.2847E-01
 GRADIENT:  -1.0467E-01  1.0589E-01  1.2255E-01  3.3139E-01  4.4140E-01  8.2123E-01  1.3239E-02 -1.4299E-01 -4.9893E-02 -4.6992E-03
            -1.2440E-01 -4.1253E-02 -1.3860E-01 -4.8899E-01 -4.0326E-02

 #TERM:
0MINIMIZATION SUCCESSFUL
 NO. OF FUNCTION EVALUATIONS USED:      630
 NO. OF SIG. DIGITS IN FINAL EST.:  3.0
  
 TOTAL DATA POINTS NORMALLY DISTRIBUTED (N):         1300
 N*LOG(2PI) CONSTANT TO OBJECTIVE FUNCTION:    2389.2401863321488     
 OBJECTIVE FUNCTION VALUE WITHOUT CONSTANT:    2464.6019067919401     
 OBJECTIVE FUNCTION VALUE WITH CONSTANT:       4853.8420931240889     
 REPORTED OBJECTIVE FUNCTION DOES NOT CONTAIN CONSTANT
  
 TOTAL EFFECTIVE ETAS (NIND*NETA):                           600
  
 #TERE:
 Elapsed estimation  time in seconds:    36.41
 Elapsed covariance  time in seconds:    17.66
 Elapsed postprocess time in seconds:     0.00
1
 
 
 
 
 
 
 
 
 
 
 
 
 
 
 
 
 
 
 
 
 ************************************************************************************************************************
 ********************                                                                                ********************
 ********************                                   FIRST ORDER                                  ********************
 #OBJT:**************                       MINIMUM VALUE OF OBJECTIVE FUNCTION                      ********************
 ********************                                                                                ********************
 ************************************************************************************************************************
 





 #OBJV:********************************************     2464.602       **************************************************
1
 ************************************************************************************************************************
 ********************                                                                                ********************
 ********************                                   FIRST ORDER                                  ********************
 ********************                             FINAL PARAMETER ESTIMATE                           ********************
 ********************                                                                                ********************
 ************************************************************************************************************************
 


 THETA - VECTOR OF FIXED EFFECTS PARAMETERS   *********


         TH 1      TH 2      TH 3      TH 4      TH 5      TH 6     
 
         1.11E+00  5.68E+00  3.41E+00  5.81E-01  1.12E+00  3.66E+00
 


 OMEGA - COV MATRIX FOR RANDOM EFFECTS - ETAS  ********


         ETA1      ETA2      ETA3      ETA4      ETA5      ETA6     
 
 ETA1
+        1.28E-01
 
 ETA2
+        0.00E+00  8.34E-02
 
 ETA3
+        0.00E+00  0.00E+00  1.65E-01
 
 ETA4
+        0.00E+00  0.00E+00  0.00E+00  5.73E-02
 
 ETA5
+        0.00E+00  0.00E+00  0.00E+00  0.00E+00  8.58E-02
 
 ETA6
+        0.00E+00  0.00E+00  0.00E+00  0.00E+00  0.00E+00  7.12E+00
 


 SIGMA - COV MATRIX FOR RANDOM EFFECTS - EPSILONS  ****


         EPS1      EPS2      EPS3     
 
 EPS1
+        1.58E-02
 
 EPS2
+        0.00E+00  6.07E-02
 
 EPS3
+        0.00E+00  0.00E+00  5.24E-01
 
1


 OMEGA - CORR MATRIX FOR RANDOM EFFECTS - ETAS  *******


         ETA1      ETA2      ETA3      ETA4      ETA5      ETA6     
 
 ETA1
+        3.58E-01
 
 ETA2
+        0.00E+00  2.89E-01
 
 ETA3
+        0.00E+00  0.00E+00  4.07E-01
 
 ETA4
+        0.00E+00  0.00E+00  0.00E+00  2.39E-01
 
 ETA5
+        0.00E+00  0.00E+00  0.00E+00  0.00E+00  2.93E-01
 
 ETA6
+        0.00E+00  0.00E+00  0.00E+00  0.00E+00  0.00E+00  2.67E+00
 


 SIGMA - CORR MATRIX FOR RANDOM EFFECTS - EPSILONS  ***


         EPS1      EPS2      EPS3     
 
 EPS1
+        1.26E-01
 
 EPS2
+        0.00E+00  2.46E-01
 
 EPS3
+        0.00E+00  0.00E+00  7.24E-01
 
1
 ************************************************************************************************************************
 ********************                                                                                ********************
 ********************                                   FIRST ORDER                                  ********************
 ********************                            STANDARD ERROR OF ESTIMATE                          ********************
 ********************                                                                                ********************
 ************************************************************************************************************************
 


 THETA - VECTOR OF FIXED EFFECTS PARAMETERS   *********


         TH 1      TH 2      TH 3      TH 4      TH 5      TH 6     
 
         6.20E-02  2.41E-01  1.70E-01  3.51E-02  3.40E-02  6.14E-01
 


 OMEGA - COV MATRIX FOR RANDOM EFFECTS - ETAS  ********


         ETA1      ETA2      ETA3      ETA4      ETA5      ETA6     
 
 ETA1
+        3.04E-02
 
 ETA2
+       .........  1.63E-02
 
 ETA3
+       ......... .........  3.94E-02
 
 ETA4
+       ......... ......... .........  5.83E-02
 
 ETA5
+       ......... ......... ......... .........  1.28E-02
 
 ETA6
+       ......... ......... ......... ......... .........  9.23E+00
 


 SIGMA - COV MATRIX FOR RANDOM EFFECTS - EPSILONS  ****


         EPS1      EPS2      EPS3     
 
 EPS1
+        9.03E-04
 
 EPS2
+       .........  6.72E-03
 
 EPS3
+       ......... .........  4.53E-01
 
1


 OMEGA - CORR MATRIX FOR RANDOM EFFECTS - ETAS  *******


         ETA1      ETA2      ETA3      ETA4      ETA5      ETA6     
 
 ETA1
+        4.24E-02
 
 ETA2
+       .........  2.82E-02
 
 ETA3
+       ......... .........  4.85E-02
 
 ETA4
+       ......... ......... .........  1.22E-01
 
 ETA5
+       ......... ......... ......... .........  2.18E-02
 
 ETA6
+       ......... ......... ......... ......... .........  1.73E+00
 


 SIGMA - CORR MATRIX FOR RANDOM EFFECTS - EPSILONS  ***


         EPS1      EPS2      EPS3     
 
 EPS1
+        3.59E-03
 
 EPS2
+       .........  1.36E-02
 
 EPS3
+       ......... .........  3.13E-01
 
1
 ************************************************************************************************************************
 ********************                                                                                ********************
 ********************                                   FIRST ORDER                                  ********************
 ********************                          COVARIANCE MATRIX OF ESTIMATE                         ********************
 ********************                                                                                ********************
 ************************************************************************************************************************
 

            TH 1      TH 2      TH 3      TH 4      TH 5      TH 6      OM11      OM12      OM13      OM14      OM15      OM16  
             OM22      OM23      OM24      OM25      OM26      OM33      OM34      OM35      OM36      OM44      OM45      OM46  
            OM55      OM56      OM66      SG11      SG12      SG13      SG22      SG23      SG33  
 
 TH 1
+        3.85E-03
 
 TH 2
+        6.10E-03  5.81E-02
 
 TH 3
+       -2.26E-03  1.32E-03  2.90E-02
 
 TH 4
+       -9.79E-04 -3.79E-03  2.47E-03  1.23E-03
 
 TH 5
+       -6.84E-05  1.75E-03  6.71E-04  2.13E-04  1.16E-03
 
 TH 6
+        3.56E-03  5.39E-02  3.26E-02 -3.39E-05  7.81E-03  3.77E-01
 
 OM11
+        6.97E-04  3.15E-03 -1.01E-03 -4.48E-04 -1.63E-05  1.76E-03  9.23E-04
 
 OM12
+       ......... ......... ......... ......... ......... ......... ......... .........
 
 OM13
+       ......... ......... ......... ......... ......... ......... ......... ......... .........
 
 OM14
+       ......... ......... ......... ......... ......... ......... ......... ......... ......... .........
 
 OM15
+       ......... ......... ......... ......... ......... ......... ......... ......... ......... ......... .........
 
 OM16
+       ......... ......... ......... ......... ......... ......... ......... ......... ......... ......... ......... .........
 
 OM22
+       -1.05E-04 -1.11E-04  1.31E-04  2.00E-04 -1.58E-05  2.62E-04 -1.05E-04 ......... ......... ......... ......... .........
          2.66E-04
 
 OM23
+       ......... ......... ......... ......... ......... ......... ......... ......... ......... ......... ......... .........
         ......... .........
 
 OM24
+       ......... ......... ......... ......... ......... ......... ......... ......... ......... ......... ......... .........
         ......... ......... .........
 
 OM25
+       ......... ......... ......... ......... ......... ......... ......... ......... ......... ......... ......... .........
         ......... ......... ......... .........
 
 OM26
+       ......... ......... ......... ......... ......... ......... ......... ......... ......... ......... ......... .........
         ......... ......... ......... ......... .........
 
 OM33
+        1.12E-03  4.29E-03 -7.15E-04 -8.04E-04  2.30E-04  4.72E-03  4.32E-04 ......... ......... ......... ......... .........
         -2.01E-04 ......... ......... ......... .........  1.55E-03
 
 OM34
+       ......... ......... ......... ......... ......... ......... ......... ......... ......... ......... ......... .........
         ......... ......... ......... ......... ......... ......... .........
 
1

            TH 1      TH 2      TH 3      TH 4      TH 5      TH 6      OM11      OM12      OM13      OM14      OM15      OM16  
             OM22      OM23      OM24      OM25      OM26      OM33      OM34      OM35      OM36      OM44      OM45      OM46  
            OM55      OM56      OM66      SG11      SG12      SG13      SG22      SG23      SG33  
 
 OM35
+       ......... ......... ......... ......... ......... ......... ......... ......... ......... ......... ......... .........
         ......... ......... ......... ......... ......... ......... ......... .........
 
 OM36
+       ......... ......... ......... ......... ......... ......... ......... ......... ......... ......... ......... .........
         ......... ......... ......... ......... ......... ......... ......... ......... .........
 
 OM44
+        1.21E-03  4.20E-04 -7.82E-04 -6.32E-05  1.19E-04 -1.02E-03  2.87E-04 ......... ......... ......... ......... .........
         -2.75E-04 ......... ......... ......... .........  7.62E-04 ......... ......... .........  3.39E-03
 
 OM45
+       ......... ......... ......... ......... ......... ......... ......... ......... ......... ......... ......... .........
         ......... ......... ......... ......... ......... ......... ......... ......... ......... ......... .........
 
 OM46
+       ......... ......... ......... ......... ......... ......... ......... ......... ......... ......... ......... .........
         ......... ......... ......... ......... ......... ......... ......... ......... ......... ......... ......... .........
 
 OM55
+       -2.83E-05 -1.11E-04  4.66E-04 -2.54E-05 -1.72E-04 -1.24E-03  1.43E-05 ......... ......... ......... ......... .........
         -7.93E-06 ......... ......... ......... ......... -4.12E-05 ......... ......... ......... -1.46E-04 ......... .........
         1.63E-04
 
 OM56
+       ......... ......... ......... ......... ......... ......... ......... ......... ......... ......... ......... .........
         ......... ......... ......... ......... ......... ......... ......... ......... ......... ......... ......... .........
        ......... .........
 
 OM66
+        3.66E-02  6.19E-01  4.70E-01  8.53E-03  1.22E-01  5.15E+00  8.96E-03 ......... ......... ......... ......... .........
         -1.26E-02 ......... ......... ......... .........  6.61E-02 ......... ......... .........  1.03E-02 ......... .........
        -2.48E-02 .........  8.52E+01
 
 SG11
+        2.90E-06 -3.06E-05 -2.16E-05  5.36E-06  1.63E-06  7.80E-06 -2.87E-07 ......... ......... ......... ......... .........
          3.79E-06 ......... ......... ......... ......... -7.81E-06 ......... ......... ......... -9.63E-06 ......... .........
         1.75E-07 ......... -3.40E-04  8.15E-07
 
 SG12
+       ......... ......... ......... ......... ......... ......... ......... ......... ......... ......... ......... .........
         ......... ......... ......... ......... ......... ......... ......... ......... ......... ......... ......... .........
        ......... ......... ......... ......... .........
 
 SG13
+       ......... ......... ......... ......... ......... ......... ......... ......... ......... ......... ......... .........
         ......... ......... ......... ......... ......... ......... ......... ......... ......... ......... ......... .........
        ......... ......... ......... ......... ......... .........
 
 SG22
+        1.26E-05  7.61E-06 -7.07E-05 -2.69E-05 -2.25E-05 -1.19E-03 -1.51E-05 ......... ......... ......... ......... .........
          8.53E-06 ......... ......... ......... .........  1.25E-05 ......... ......... .........  3.32E-05 ......... .........
         4.53E-07 ......... -1.89E-02 -4.78E-07 ......... .........  4.52E-05
 
 SG23
+       ......... ......... ......... ......... ......... ......... ......... ......... ......... ......... ......... .........
         ......... ......... ......... ......... ......... ......... ......... ......... ......... ......... ......... .........
        ......... ......... ......... ......... ......... ......... ......... .........
 
 SG33
+       -4.28E-03 -1.56E-02 -8.10E-03  4.79E-04 -1.05E-03  1.81E-02  6.22E-04 ......... ......... ......... ......... .........
         -1.41E-03 ......... ......... ......... ......... -3.00E-03 ......... ......... ......... -7.36E-03 ......... .........
         1.71E-03 .........  2.86E-01  4.33E-05 ......... ......... -1.65E-03 .........  2.05E-01
 
1
 ************************************************************************************************************************
 ********************                                                                                ********************
 ********************                                   FIRST ORDER                                  ********************
 ********************                          CORRELATION MATRIX OF ESTIMATE                        ********************
 ********************                                                                                ********************
 ************************************************************************************************************************
 

            TH 1      TH 2      TH 3      TH 4      TH 5      TH 6      OM11      OM12      OM13      OM14      OM15      OM16  
             OM22      OM23      OM24      OM25      OM26      OM33      OM34      OM35      OM36      OM44      OM45      OM46  
            OM55      OM56      OM66      SG11      SG12      SG13      SG22      SG23      SG33  
 
 TH 1
+        6.20E-02
 
 TH 2
+        4.08E-01  2.41E-01
 
 TH 3
+       -2.14E-01  3.22E-02  1.70E-01
 
 TH 4
+       -4.50E-01 -4.49E-01  4.13E-01  3.51E-02
 
 TH 5
+       -3.24E-02  2.14E-01  1.16E-01  1.79E-01  3.40E-02
 
 TH 6
+        9.35E-02  3.64E-01  3.11E-01 -1.57E-03  3.74E-01  6.14E-01
 
 OM11
+        3.70E-01  4.30E-01 -1.96E-01 -4.21E-01 -1.58E-02  9.45E-02  3.04E-02
 
 OM12
+       ......... ......... ......... ......... ......... ......... ......... .........
 
 OM13
+       ......... ......... ......... ......... ......... ......... ......... ......... .........
 
 OM14
+       ......... ......... ......... ......... ......... ......... ......... ......... ......... .........
 
 OM15
+       ......... ......... ......... ......... ......... ......... ......... ......... ......... ......... .........
 
 OM16
+       ......... ......... ......... ......... ......... ......... ......... ......... ......... ......... ......... .........
 
 OM22
+       -1.04E-01 -2.83E-02  4.69E-02  3.50E-01 -2.85E-02  2.62E-02 -2.12E-01 ......... ......... ......... ......... .........
          1.63E-02
 
 OM23
+       ......... ......... ......... ......... ......... ......... ......... ......... ......... ......... ......... .........
         ......... .........
 
 OM24
+       ......... ......... ......... ......... ......... ......... ......... ......... ......... ......... ......... .........
         ......... ......... .........
 
 OM25
+       ......... ......... ......... ......... ......... ......... ......... ......... ......... ......... ......... .........
         ......... ......... ......... .........
 
 OM26
+       ......... ......... ......... ......... ......... ......... ......... ......... ......... ......... ......... .........
         ......... ......... ......... ......... .........
 
 OM33
+        4.58E-01  4.51E-01 -1.06E-01 -5.82E-01  1.71E-01  1.95E-01  3.61E-01 ......... ......... ......... ......... .........
         -3.12E-01 ......... ......... ......... .........  3.94E-02
 
 OM34
+       ......... ......... ......... ......... ......... ......... ......... ......... ......... ......... ......... .........
         ......... ......... ......... ......... ......... ......... .........
 
1

            TH 1      TH 2      TH 3      TH 4      TH 5      TH 6      OM11      OM12      OM13      OM14      OM15      OM16  
             OM22      OM23      OM24      OM25      OM26      OM33      OM34      OM35      OM36      OM44      OM45      OM46  
            OM55      OM56      OM66      SG11      SG12      SG13      SG22      SG23      SG33  
 
 OM35
+       ......... ......... ......... ......... ......... ......... ......... ......... ......... ......... ......... .........
         ......... ......... ......... ......... ......... ......... ......... .........
 
 OM36
+       ......... ......... ......... ......... ......... ......... ......... ......... ......... ......... ......... .........
         ......... ......... ......... ......... ......... ......... ......... ......... .........
 
 OM44
+        3.34E-01  2.99E-02 -7.88E-02 -3.09E-02  6.01E-02 -2.85E-02  1.62E-01 ......... ......... ......... ......... .........
         -2.89E-01 ......... ......... ......... .........  3.32E-01 ......... ......... .........  5.83E-02
 
 OM45
+       ......... ......... ......... ......... ......... ......... ......... ......... ......... ......... ......... .........
         ......... ......... ......... ......... ......... ......... ......... ......... ......... ......... .........
 
 OM46
+       ......... ......... ......... ......... ......... ......... ......... ......... ......... ......... ......... .........
         ......... ......... ......... ......... ......... ......... ......... ......... ......... ......... ......... .........
 
 OM55
+       -3.57E-02 -3.60E-02  2.14E-01 -5.68E-02 -3.96E-01 -1.58E-01  3.69E-02 ......... ......... ......... ......... .........
         -3.81E-02 ......... ......... ......... ......... -8.19E-02 ......... ......... ......... -1.97E-01 ......... .........
         1.28E-02
 
 OM56
+       ......... ......... ......... ......... ......... ......... ......... ......... ......... ......... ......... .........
         ......... ......... ......... ......... ......... ......... ......... ......... ......... ......... ......... .........
        ......... .........
 
 OM66
+        6.39E-02  2.78E-01  2.99E-01  2.64E-02  3.88E-01  9.08E-01  3.20E-02 ......... ......... ......... ......... .........
         -8.36E-02 ......... ......... ......... .........  1.82E-01 ......... ......... .........  1.91E-02 ......... .........
        -2.11E-01 .........  9.23E+00
 
 SG11
+        5.19E-02 -1.41E-01 -1.40E-01  1.69E-01  5.31E-02  1.41E-02 -1.05E-02 ......... ......... ......... ......... .........
          2.57E-01 ......... ......... ......... ......... -2.20E-01 ......... ......... ......... -1.83E-01 ......... .........
         1.52E-02 ......... -4.08E-02  9.03E-04
 
 SG12
+       ......... ......... ......... ......... ......... ......... ......... ......... ......... ......... ......... .........
         ......... ......... ......... ......... ......... ......... ......... ......... ......... ......... ......... .........
        ......... ......... ......... ......... .........
 
 SG13
+       ......... ......... ......... ......... ......... ......... ......... ......... ......... ......... ......... .........
         ......... ......... ......... ......... ......... ......... ......... ......... ......... ......... ......... .........
        ......... ......... ......... ......... ......... .........
 
 SG22
+        3.03E-02  4.70E-03 -6.18E-02 -1.14E-01 -9.84E-02 -2.90E-01 -7.38E-02 ......... ......... ......... ......... .........
          7.79E-02 ......... ......... ......... .........  4.72E-02 ......... ......... .........  8.48E-02 ......... .........
         5.28E-03 ......... -3.05E-01 -7.88E-02 ......... .........  6.72E-03
 
 SG23
+       ......... ......... ......... ......... ......... ......... ......... ......... ......... ......... ......... .........
         ......... ......... ......... ......... ......... ......... ......... ......... ......... ......... ......... .........
        ......... ......... ......... ......... ......... ......... ......... .........
 
 SG33
+       -1.52E-01 -1.42E-01 -1.05E-01  3.01E-02 -6.84E-02  6.50E-02  4.51E-02 ......... ......... ......... ......... .........
         -1.91E-01 ......... ......... ......... ......... -1.68E-01 ......... ......... ......... -2.79E-01 ......... .........
         2.96E-01 .........  6.84E-02  1.06E-01 ......... ......... -5.42E-01 .........  4.53E-01
 
1
 ************************************************************************************************************************
 ********************                                                                                ********************
 ********************                                   FIRST ORDER                                  ********************
 ********************                      INVERSE COVARIANCE MATRIX OF ESTIMATE                     ********************
 ********************                                                                                ********************
 ************************************************************************************************************************
 

            TH 1      TH 2      TH 3      TH 4      TH 5      TH 6      OM11      OM12      OM13      OM14      OM15      OM16  
             OM22      OM23      OM24      OM25      OM26      OM33      OM34      OM35      OM36      OM44      OM45      OM46  
            OM55      OM56      OM66      SG11      SG12      SG13      SG22      SG23      SG33  
 
 TH 1
+        4.54E+02
 
 TH 2
+       -2.63E+01  3.55E+01
 
 TH 3
+        8.52E+00 -7.20E+00  7.00E+01
 
 TH 4
+        2.06E+02  8.88E+01 -2.09E+02  2.74E+03
 
 TH 5
+        7.31E+01 -5.69E+01  1.60E+01 -6.44E+02  1.44E+03
 
 TH 6
+        2.18E+00 -4.15E+00 -5.88E+00  1.84E+01 -8.81E+00  1.87E+01
 
 OM11
+       -6.47E+01 -6.94E+01  2.99E+01  1.54E+02  7.83E+01 -1.70E+01  1.62E+03
 
 OM12
+       ......... ......... ......... ......... ......... ......... ......... .........
 
 OM13
+       ......... ......... ......... ......... ......... ......... ......... ......... .........
 
 OM14
+       ......... ......... ......... ......... ......... ......... ......... ......... ......... .........
 
 OM15
+       ......... ......... ......... ......... ......... ......... ......... ......... ......... ......... .........
 
 OM16
+       ......... ......... ......... ......... ......... ......... ......... ......... ......... ......... ......... .........
 
 OM22
+       -1.67E+02 -8.55E+01  1.54E+02 -1.66E+03  4.84E+02 -9.16E+01  3.91E+02 ......... ......... ......... ......... .........
          6.63E+03
 
 OM23
+       ......... ......... ......... ......... ......... ......... ......... ......... ......... ......... ......... .........
         ......... .........
 
 OM24
+       ......... ......... ......... ......... ......... ......... ......... ......... ......... ......... ......... .........
         ......... ......... .........
 
 OM25
+       ......... ......... ......... ......... ......... ......... ......... ......... ......... ......... ......... .........
         ......... ......... ......... .........
 
 OM26
+       ......... ......... ......... ......... ......... ......... ......... ......... ......... ......... ......... .........
         ......... ......... ......... ......... .........
 
 OM33
+       -1.09E+02 -9.44E+00 -3.38E+01  8.85E+02 -3.80E+02 -5.76E+00 -8.11E+01 ......... ......... ......... ......... .........
          6.92E+01 ......... ......... ......... .........  1.44E+03
 
 OM34
+       ......... ......... ......... ......... ......... ......... ......... ......... ......... ......... ......... .........
         ......... ......... ......... ......... ......... ......... .........
 
1

            TH 1      TH 2      TH 3      TH 4      TH 5      TH 6      OM11      OM12      OM13      OM14      OM15      OM16  
             OM22      OM23      OM24      OM25      OM26      OM33      OM34      OM35      OM36      OM44      OM45      OM46  
            OM55      OM56      OM66      SG11      SG12      SG13      SG22      SG23      SG33  
 
 OM35
+       ......... ......... ......... ......... ......... ......... ......... ......... ......... ......... ......... .........
         ......... ......... ......... ......... ......... ......... ......... .........
 
 OM36
+       ......... ......... ......... ......... ......... ......... ......... ......... ......... ......... ......... .........
         ......... ......... ......... ......... ......... ......... ......... ......... .........
 
 OM44
+       -1.52E+02  1.19E+01  3.40E+01 -4.48E+02  7.09E+01 -1.54E+00 -9.46E+01 ......... ......... ......... ......... .........
          6.29E+02 ......... ......... ......... ......... -2.29E+02 ......... ......... .........  5.13E+02
 
 OM45
+       ......... ......... ......... ......... ......... ......... ......... ......... ......... ......... ......... .........
         ......... ......... ......... ......... ......... ......... ......... ......... ......... ......... .........
 
 OM46
+       ......... ......... ......... ......... ......... ......... ......... ......... ......... ......... ......... .........
         ......... ......... ......... ......... ......... ......... ......... ......... ......... ......... ......... .........
 
 OM55
+       -7.06E+01 -2.78E+01 -3.36E+02  4.10E+02  1.22E+03 -3.38E+00 -1.33E+02 ......... ......... ......... ......... .........
         -8.66E+01 ......... ......... ......... ......... -1.50E+02 ......... ......... .........  1.21E+02 ......... .........
         1.03E+04
 
 OM56
+       ......... ......... ......... ......... ......... ......... ......... ......... ......... ......... ......... .........
         ......... ......... ......... ......... ......... ......... ......... ......... ......... ......... ......... .........
        ......... .........
 
 OM66
+       -2.29E-01  1.09E-01 -3.31E-02 -5.96E-01 -5.47E-01 -1.06E+00  1.33E+00 ......... ......... ......... ......... .........
          5.45E+00 ......... ......... ......... .........  3.80E-02 ......... ......... .........  6.66E-02 ......... .........
         3.27E+00 .........  7.88E-02
 
 SG11
+       -6.12E+03  1.20E+03  2.00E+03 -7.79E+03 -6.07E+03 -6.25E+02 -4.49E+03 ......... ......... ......... ......... .........
         -1.18E+04 ......... ......... ......... .........  4.64E+03 ......... ......... .........  4.67E+03 ......... .........
        -1.06E+04 .........  2.92E+01  1.59E+06
 
 SG12
+       ......... ......... ......... ......... ......... ......... ......... ......... ......... ......... ......... .........
         ......... ......... ......... ......... ......... ......... ......... ......... ......... ......... ......... .........
        ......... ......... ......... ......... .........
 
 SG13
+       ......... ......... ......... ......... ......... ......... ......... ......... ......... ......... ......... .........
         ......... ......... ......... ......... ......... ......... ......... ......... ......... ......... ......... .........
        ......... ......... ......... ......... ......... .........
 
 SG22
+        2.30E+02  5.96E+00  1.27E+02  8.71E+02 -3.19E+02  9.56E+00  6.32E+02 ......... ......... ......... ......... .........
          5.61E+02 ......... ......... ......... .........  2.54E+02 ......... ......... .........  1.38E+02 ......... .........
        -3.15E+03 .........  5.02E+00  6.15E+03 ......... .........  3.72E+04
 
 SG23
+       ......... ......... ......... ......... ......... ......... ......... ......... ......... ......... ......... .........
         ......... ......... ......... ......... ......... ......... ......... ......... ......... ......... ......... .........
        ......... ......... ......... ......... ......... ......... ......... .........
 
 SG33
+        3.58E+00  1.51E+00  8.62E+00 -1.74E+01 -3.12E+00 -1.24E+00 -5.41E+00 ......... ......... ......... ......... .........
          7.86E+01 ......... ......... ......... .........  8.01E+00 ......... ......... .........  1.93E+01 ......... .........
        -1.23E+02 .........  2.76E-02  1.48E+01 ......... .........  3.34E+02 .........  1.06E+01
 
1
 
 
 
 
 
 
 
 
 
 
 
 
 
 
 
 
 
 
 
 
 ************************************************************************************************************************
 ********************                                                                                ********************
 ********************                                   FIRST ORDER                                  ********************
 ********************                      EIGENVALUES OF COR MATRIX OF ESTIMATE                     ********************
 ********************                                                                                ********************
 ************************************************************************************************************************
 

             1         2         3         4         5         6         7         8         9        10        11        12
             13        14        15
 
         7.60E-02  1.71E-01  2.63E-01  3.40E-01  4.30E-01  4.38E-01  5.88E-01  7.01E-01  7.25E-01  9.41E-01  1.30E+00  1.38E+00
          1.83E+00  2.58E+00  3.24E+00
 
 Elapsed finaloutput time in seconds:     0.10
 #CPUT: Total CPU Time in Seconds,       52.408
Stop Time:
Tue Mar  7 14:35:51 CST 2023
OFV = 2464.60190679194
success = True
covariance = True
correlation = True
Condition # = 42.676048741707184
Num Non fixed THETAs = 6
Num Non fixed OMEGAs = 6
Num Non fixed SIGMAs = 3
Original run directory = /home/jcraig/pydarwin/Example3/temp/0/261
