Tue 03/07/2023 
04:55 PM
$PROBLEM ORAL BOLUS WITH PLASMA AND URINE OBSERVATIONS  
  ; 
  ; NUMBER OF COMPARTMENTS        : 1 OR 2 OR 3
  ; 
  ; ABSORPTION                    : ZERO-ORDER OR FIRST-ORDER OR ZERO-ORDER FOLLOWED BY FIRST-ORDER
  ; 
  ; ELIMINATION                   : FIRST-ORDER OR MICHAELIS-MENTEN
  ; 
  ; BIOAVAILABLITY                : EITHER 1 OR BETWEEN 0 AND 1 (ASSOCIATED IIV IS ALSO SEARCHED)
  ;
  ; RESIDUAL ERROR FOR PLASMA OBS : PROPORTIONAL OR COMBINED
  ; RESIDUAL ERROR FOR URINE OBS  : ADDITIVE OR PROPORTIONAL OR COMBINED 


  ; ====================================================================================================
  ; DATA
  ; ====================================================================================================          

$INPUT       ID TIME AMT CMT DROP DV DVID EVID MDV 
$DATA      C:\Workspace\Example3/OralBolus_PlasmaUrine_ResetCpt4.csv IGNORE=@


  ; ====================================================================================================
  ; SUBROUTINE
  ; ====================================================================================================          
$SUBROUTINE ADVAN13 TOL = 6

$MODEL
  NCOMP =  4 
  COMP = (DEPOT) 
  COMP = (CENTRAL) 
  COMP = (PERIPH)
  COMP = (URINE)


  ; ===================================================================================================
  ; STRUCTURAL PARAMETERS 
  ; ===================================================================================================
$PK      

  KA = THETA(1) * EXP(ETA(1)) 

  VC = THETA(2) * EXP(ETA(2)) 

  VP = THETA(3) * EXP(ETA(3)) 

  CLQ = THETA(4) * EXP(ETA(4)) 

  CLC = THETA(5) * EXP(ETA(5))

  TEMP = EXP(THETA(6) + ETA(6)) 
  F1 = TEMP/(1 + TEMP)

  ; ====================================================================================================
  ; INITIAL VALUES FOR FIXED EFFECTS
  ; ====================================================================================================
$THETA  

  (0, 1) 	 ; THETA(1) TVKA 
  (0, 5) 	 ; THETA(2) TVVC 
  (0, 5) 	 ; THETA(3) TVVP 
  (0, 1) 	 ; THETA(4) TVCLQ 
  (0, 2) 	 ; THETA(5) TVCLC 
  3 	 ; THETA(6) TVLOGITF  


  ; ====================================================================================================
  ; INITIAL VALUES FOR OMEGA
  ; ====================================================================================================
$OMEGA 

  1 	 ; ETA(1) ETA ON KA 
  1 	 ; ETA(2) ETA ON VC 
  1 	 ; ETA(3) ETA ON VP 
  1 	 ; ETA(4) ETA ON CLQ 
  1 	 ; ETA(5) ETA ON CLC
  1 	 ; ETA(6) ETA ON LOGITF


  ; ====================================================================================================
  ; ODE MODEL 
  ; ====================================================================================================
$DES

  C = A(2)/VC 

  DADT(1) = - KA * A(1) 
  DADT(2) = KA * A(1) - CLC * C - CLQ * (A(2)/VC - A(3)/VP) 
  DADT(3) = CLQ * (A(2)/VC - A(3)/VP) 
  DADT(4) = CLC * C


  ; ===================================================================================================
  ; RESIDUAL ERROR MODEL
  ; ===================================================================================================
$ERROR  

  ; IPRED 
  IPREDC = A(2)/VC 
  IPREDU = A(4)

  ; RESIDUAL ERROR MODEL 
  IF (DVID == 1) Y = IPREDC * (1 + EPS(1))
  IF (DVID == 2) Y = IPREDU * (1 + EPS(2)) + EPS(3)


$SIGMA  

  0.01 	 ; EPS(1) VARIANCE OF PROPORTIONAL ERROR FOR PLASMA OBSERVATION
  0.01 	 ; EPS(2)) VARIANCE OF PROPORTIONAL ERROR FOR URINE OBSERVATIONS 
  0.1 	 ; EPS(3) VARIANCE OF ADDITIVE ERROR FOR URINE OBSERVATIONS


  ; ==================================================================================================
  ; ESTIMATION METHOD AND SE 
  ; ================================================================================================== 

$EST METHOD = 0 NOABORT MAX = 9999 SIGL = 6 NSIG = 2 PRINT = 5

$COV UNCOND PRINT = E


;; Phenotype 
;; OrderedDict([('ODE', 4), ('ELIM', 0), ('BIOAVAIL', 2), ('RESERRC', 0), ('RESERRU', 2)])
;; Genotype 
;; [4, 0, 2, 0, 2]
;; Num non-influential tokens = 0  
NM-TRAN MESSAGES 
  
 WARNINGS AND ERRORS (IF ANY) FOR PROBLEM    1
             
 (WARNING  2) NM-TRAN INFERS THAT THE DATA ARE POPULATION.
             
 (WARNING  3) THERE MAY BE AN ERROR IN THE ABBREVIATED CODE. THE FOLLOWING
 ONE OR MORE RANDOM VARIABLES ARE DEFINED WITH "IF" STATEMENTS THAT DO NOT
 PROVIDE DEFINITIONS FOR BOTH THE "THEN" AND "ELSE" CASES. IF ALL
 CONDITIONS FAIL, THE VALUES OF THESE VARIABLES WILL BE ZERO.
  
   Y

  
License Registered to: Certara USA
Expiration Date:    14 MAR 2023
Current Date:        7 MAR 2023
  **** WARNING!!! Days until program expires :   7 ****
  **** CONTACT idssoftware@iconplc.com FOR RENEWAL ****
1NONLINEAR MIXED EFFECTS MODEL PROGRAM (NONMEM) VERSION 7.4.3
 ORIGINALLY DEVELOPED BY STUART BEAL, LEWIS SHEINER, AND ALISON BOECKMANN
 CURRENT DEVELOPERS ARE ROBERT BAUER, ICON DEVELOPMENT SOLUTIONS,
 AND ALISON BOECKMANN. IMPLEMENTATION, EFFICIENCY, AND STANDARDIZATION
 PERFORMED BY NOUS INFOSYSTEMS.

 PROBLEM NO.:         1
 ORAL BOLUS WITH PLASMA AND URINE OBSERVATIONS
0DATA CHECKOUT RUN:              NO
 DATA SET LOCATED ON UNIT NO.:    2
 THIS UNIT TO BE REWOUND:        NO
 NO. OF DATA RECS IN DATA SET:     2200
 NO. OF DATA ITEMS IN DATA SET:   8
 ID DATA ITEM IS DATA ITEM NO.:   1
 DEP VARIABLE IS DATA ITEM NO.:   5
 MDV DATA ITEM IS DATA ITEM NO.:  8
0INDICES PASSED TO SUBROUTINE PRED:
   7   2   3   0   0   0   4   0   0   0   0
0LABELS FOR DATA ITEMS:
 ID TIME AMT CMT DV DVID EVID MDV
0FORMAT FOR DATA:
 (E3.0,2E4.0,E3.0,E19.0,3E2.0)

 TOT. NO. OF OBS RECS:     1300
 TOT. NO. OF INDIVIDUALS:      100
0LENGTH OF THETA:   6
0DEFAULT THETA BOUNDARY TEST OMITTED:    NO
0OMEGA HAS SIMPLE DIAGONAL FORM WITH DIMENSION:   6
0DEFAULT OMEGA BOUNDARY TEST OMITTED:    NO
0SIGMA HAS SIMPLE DIAGONAL FORM WITH DIMENSION:   3
0DEFAULT SIGMA BOUNDARY TEST OMITTED:    NO
0INITIAL ESTIMATE OF THETA:
 LOWER BOUND    INITIAL EST    UPPER BOUND
  0.0000E+00     0.1000E+01     0.1000E+07
  0.0000E+00     0.5000E+01     0.1000E+07
  0.0000E+00     0.5000E+01     0.1000E+07
  0.0000E+00     0.1000E+01     0.1000E+07
  0.0000E+00     0.2000E+01     0.1000E+07
 -0.1000E+07     0.3000E+01     0.1000E+07
0INITIAL ESTIMATE OF OMEGA:
 0.1000E+01
 0.0000E+00   0.1000E+01
 0.0000E+00   0.0000E+00   0.1000E+01
 0.0000E+00   0.0000E+00   0.0000E+00   0.1000E+01
 0.0000E+00   0.0000E+00   0.0000E+00   0.0000E+00   0.1000E+01
 0.0000E+00   0.0000E+00   0.0000E+00   0.0000E+00   0.0000E+00   0.1000E+01
0INITIAL ESTIMATE OF SIGMA:
 0.1000E-01
 0.0000E+00   0.1000E-01
 0.0000E+00   0.0000E+00   0.1000E+00
0COVARIANCE STEP OMITTED:        NO
 EIGENVLS. PRINTED:             YES
 SPECIAL COMPUTATION:            NO
 COMPRESSED FORMAT:              NO
 GRADIENT METHOD USED:     NOSLOW
 SIGDIGITS ETAHAT (SIGLO):                  -1
 SIGDIGITS GRADIENTS (SIGL):                -1
 EXCLUDE COV FOR FOCE (NOFCOV):              NO
 TURN OFF Cholesky Transposition of R Matrix (CHOLROFF): NO
 KNUTHSUMOFF:                                -1
 RESUME COV ANALYSIS (RESUME):               NO
 SIR SAMPLE SIZE (SIRSAMPLE):              -1
 NON-LINEARLY TRANSFORM THETAS DURING COV (THBND): 1
 PRECONDTIONING CYCLES (PRECOND):        0
 PRECONDTIONING TYPES (PRECONDS):        TOS
 FORCED PRECONDTIONING CYCLES (PFCOND):0
 PRECONDTIONING TYPE (PRETYPE):        0
 FORCED POS. DEFINITE SETTING: (FPOSDEF):0
1DOUBLE PRECISION PREDPP VERSION 7.4.3

 GENERAL NONLINEAR KINETICS MODEL WITH STIFF/NONSTIFF EQUATIONS (LSODA, ADVAN13)
0MODEL SUBROUTINE USER-SUPPLIED - ID NO. 9999
0MAXIMUM NO. OF BASIC PK PARAMETERS:   5
0COMPARTMENT ATTRIBUTES
 COMPT. NO.   FUNCTION   INITIAL    ON/OFF      DOSE      DEFAULT    DEFAULT
                         STATUS     ALLOWED    ALLOWED    FOR DOSE   FOR OBS.
    1         DEPOT        ON         YES        YES        YES        NO
    2         CENTRAL      ON         YES        YES        NO         YES
    3         PERIPH       ON         YES        YES        NO         NO
    4         URINE        ON         YES        YES        NO         NO
    5         OUTPUT       OFF        YES        NO         NO         NO
 INITIAL (BASE) TOLERANCE SETTINGS:
 NRD (RELATIVE) VALUE(S) OF TOLERANCE:   6
 ANRD (ABSOLUTE) VALUE(S) OF TOLERANCE:  12
1
 ADDITIONAL PK PARAMETERS - ASSIGNMENT OF ROWS IN GG
 COMPT. NO.                             INDICES
              SCALE      BIOAVAIL.   ZERO-ORDER  ZERO-ORDER  ABSORB
                         FRACTION    RATE        DURATION    LAG
    1            *           6           *           *           *
    2            *           *           *           *           *
    3            *           *           *           *           *
    4            *           *           *           *           *
    5            *           -           -           -           -
             - PARAMETER IS NOT ALLOWED FOR THIS MODEL
             * PARAMETER IS NOT SUPPLIED BY PK SUBROUTINE;
               WILL DEFAULT TO ONE IF APPLICABLE
0DATA ITEM INDICES USED BY PRED ARE:
   EVENT ID DATA ITEM IS DATA ITEM NO.:      7
   TIME DATA ITEM IS DATA ITEM NO.:          2
   DOSE AMOUNT DATA ITEM IS DATA ITEM NO.:   3
   COMPT. NO. DATA ITEM IS DATA ITEM NO.:    4

0PK SUBROUTINE CALLED WITH EVERY EVENT RECORD.
 PK SUBROUTINE NOT CALLED AT NONEVENT (ADDITIONAL OR LAGGED) DOSE TIMES.
0ERROR SUBROUTINE CALLED WITH EVERY EVENT RECORD.
0ERROR SUBROUTINE INDICATES THAT DERIVATIVES OF COMPARTMENT AMOUNTS ARE USED.
0DES SUBROUTINE USES COMPACT STORAGE MODE.
1


 #TBLN:      1
 #METH: First Order

 ESTIMATION STEP OMITTED:                 NO
 ANALYSIS TYPE:                           POPULATION
 NUMBER OF SADDLE POINT RESET ITERATIONS:      0
 GRADIENT METHOD USED:               NOSLOW
 EPS-ETA INTERACTION:                     NO
 NO. OF FUNCT. EVALS. ALLOWED:            9999
 NO. OF SIG. FIGURES REQUIRED:            2
 INTERMEDIATE PRINTOUT:                   YES
 ESTIMATE OUTPUT TO MSF:                  NO
 ABORT WITH PRED EXIT CODE 1:             NO
 IND. OBJ. FUNC. VALUES SORTED:           NO
 NUMERICAL DERIVATIVE
       FILE REQUEST (NUMDER):               NONE
 MAP (ETAHAT) ESTIMATION METHOD (OPTMAP):   0
 ETA HESSIAN EVALUATION METHOD (ETADER):    0
 INITIAL ETA FOR MAP ESTIMATION (MCETA):    0
 SIGDIGITS FOR MAP ESTIMATION (SIGLO):      6
 GRADIENT SIGDIGITS OF
       FIXED EFFECTS PARAMETERS (SIGL):     6
 NOPRIOR SETTING (NOPRIOR):                 OFF
 NOCOV SETTING (NOCOV):                     OFF
 DERCONT SETTING (DERCONT):                 OFF
 FINAL ETA RE-EVALUATION (FNLETA):          ON
 EXCLUDE NON-INFLUENTIAL (NON-INFL.) ETAS
       IN SHRINKAGE (ETASTYPE):             NO
 NON-INFL. ETA CORRECTION (NONINFETA):      OFF
 RAW OUTPUT FILE (FILE): NM_0_261.ext
 EXCLUDE TITLE (NOTITLE):                   NO
 EXCLUDE COLUMN LABELS (NOLABEL):           NO
 FORMAT FOR ADDITIONAL FILES (FORMAT):      S1PE12.5
 PARAMETER ORDER FOR OUTPUTS (ORDER):       TSOL
 WISHART PRIOR DF INTERPRETATION (WISHTYPE):0
 KNUTHSUMOFF:                               0
 INCLUDE LNTWOPI:                           NO
 INCLUDE CONSTANT TERM TO PRIOR (PRIORC):   NO
 INCLUDE CONSTANT TERM TO OMEGA (ETA) (OLNTWOPI):NO
 ADDITIONAL CONVERGENCE TEST (CTYPE=4)?:    NO
 EM OR BAYESIAN METHOD USED:                 NONE

 TOLERANCES FOR ESTIMATION/EVALUATION STEP:
 NRD (RELATIVE) VALUE(S) OF TOLERANCE:   6
 ANRD (ABSOLUTE) VALUE(S) OF TOLERANCE:  12
 TOLERANCES FOR COVARIANCE STEP:
 NRD (RELATIVE) VALUE(S) OF TOLERANCE:   6
 ANRD (ABSOLUTE) VALUE(S) OF TOLERANCE:  12

 THE FOLLOWING LABELS ARE EQUIVALENT
 PRED=NPRED
 RES=NRES
 WRES=NWRES
 IWRS=NIWRES
 IPRD=NIPRED
 IRS=NIRES

 MONITORING OF SEARCH:


0ITERATION NO.:    0    OBJECTIVE VALUE:   14837.2155530052        NO. OF FUNC. EVALS.:  11
 CUMULATIVE NO. OF FUNC. EVALS.:       11
 NPARAMETR:  1.0000E+00  5.0000E+00  5.0000E+00  1.0000E+00  2.0000E+00  3.0000E+00  1.0000E+00  1.0000E+00  1.0000E+00  1.0000E+00
             1.0000E+00  1.0000E+00  1.0000E-02  1.0000E-02  1.0000E-01
 PARAMETER:  1.0000E-01  1.0000E-01  1.0000E-01  1.0000E-01  1.0000E-01  1.0000E-01  1.0000E-01  1.0000E-01  1.0000E-01  1.0000E-01
             1.0000E-01  1.0000E-01  1.0000E-01  1.0000E-01  1.0000E-01
 GRADIENT:   5.6241E+03 -2.1311E+04 -1.9208E+04  8.1826E+02  7.4283E+04  8.8080E+03 -1.5034E+02 -1.1940E+02  7.9518E+01 -9.8824E+01
            -2.9761E+01 -1.1640E+03 -9.7023E+03 -1.0710E+04 -4.8018E+03

0ITERATION NO.:    5    OBJECTIVE VALUE:   2834.54045968200        NO. OF FUNC. EVALS.:  60
 CUMULATIVE NO. OF FUNC. EVALS.:       71
 NPARAMETR:  1.0315E+00  8.6005E+00  4.8277E+00  8.4684E-01  1.5453E+00  1.3336E+01  5.5064E-01  5.1695E-01  5.0234E-01  6.8662E-01
             4.2001E-01  9.3325E-01  1.9554E-02  4.4854E-02  8.0584E-02
 PARAMETER:  1.3100E-01  6.4238E-01  6.4933E-02 -6.6244E-02 -1.5793E-01  4.4452E-01 -1.9834E-01 -2.2990E-01 -2.4424E-01 -8.7984E-02
            -3.3374E-01  6.5460E-02  4.3529E-01  8.5041E-01 -7.9327E-03
 GRADIENT:  -1.9142E+02  2.3871E+02  1.2153E+02  6.2671E+01  9.5432E+02 -4.9284E-02  5.0711E+01  1.6404E+01  8.1275E+00  1.9798E+01
             6.8884E+01 -1.9978E-08 -6.2653E+02 -3.1677E+02 -5.8242E+00

0ITERATION NO.:   10    OBJECTIVE VALUE:   2576.04865773463        NO. OF FUNC. EVALS.:  64
 CUMULATIVE NO. OF FUNC. EVALS.:      135
 NPARAMETR:  1.0100E+00  5.2236E+00  3.2333E+00  5.4400E-01  1.0778E+00  1.3101E+01  5.5406E-02  9.9955E-02  1.2723E-01  1.1917E-01
             1.0093E-01  5.0796E-01  9.3548E-03  6.7978E-02  5.5059E-03
 PARAMETER:  1.0994E-01  1.4375E-01 -3.3594E-01 -5.0880E-01 -5.1824E-01  4.3671E-01 -1.3465E+00 -1.0515E+00 -9.3086E-01 -9.6360E-01
            -1.0467E+00 -2.3868E-01  6.6653E-02  1.0583E+00 -1.3497E+00
 GRADIENT:  -4.2843E+02  1.3411E+02 -8.0971E+01 -1.8866E+02  2.6916E+02  1.2093E-02 -8.3346E+01  4.6835E+00 -4.9426E+01 -1.4449E+01
             3.0765E+01 -1.6257E-08 -5.2127E+02 -1.0727E+01 -1.3519E-01

0ITERATION NO.:   15    OBJECTIVE VALUE:   2494.97182887352        NO. OF FUNC. EVALS.:  64
 CUMULATIVE NO. OF FUNC. EVALS.:      199
 NPARAMETR:  1.0722E+00  5.7016E+00  3.6136E+00  5.3932E-01  1.0941E+00  1.2962E+01  1.0436E-01  8.2359E-02  2.2731E-01  1.3997E-01
             9.4482E-02  5.3066E-01  1.2590E-02  6.9708E-02  9.6718E-04
 PARAMETER:  1.6968E-01  2.3132E-01 -2.2475E-01 -5.1745E-01 -5.0322E-01  4.3206E-01 -1.0299E+00 -1.1483E+00 -6.4072E-01 -8.8316E-01
            -1.0797E+00 -2.1681E-01  2.1516E-01  1.0709E+00 -2.2193E+00
 GRADIENT:  -1.7780E+02  8.8114E+01  2.7548E+01 -4.7695E+01 -9.8792E+01  2.1911E-02 -2.1126E+01  2.5154E-01  5.7866E+00  1.3275E+01
             1.3401E+01 -1.3534E-08 -1.8341E+02  2.8607E+01 -6.7687E-03

0ITERATION NO.:   20    OBJECTIVE VALUE:   2474.82739410397        NO. OF FUNC. EVALS.:  61
 CUMULATIVE NO. OF FUNC. EVALS.:      260
 NPARAMETR:  1.1293E+00  5.8935E+00  3.5366E+00  5.6525E-01  1.1319E+00  1.2641E+01  1.2957E-01  8.7350E-02  1.9488E-01  5.8485E-02
             8.9364E-02  4.9968E+00  1.5720E-02  6.6805E-02  1.1337E-03
 PARAMETER:  2.2161E-01  2.6441E-01 -2.4627E-01 -4.7048E-01 -4.6922E-01  4.2135E-01 -9.2176E-01 -1.1189E+00 -7.1768E-01 -1.3195E+00
            -1.1075E+00  9.0440E-01  3.2617E-01  1.0496E+00 -2.1399E+00
 GRADIENT:   1.9637E+00 -4.8920E+00 -2.1523E-01 -6.1086E-01  6.9443E-01  3.0300E-02  2.5340E-01 -8.7368E-02  5.0154E-02  7.1114E-01
             2.0358E-01 -2.5486E-07  2.0700E+00  4.4770E-01 -1.6701E-02

0ITERATION NO.:   25    OBJECTIVE VALUE:   2474.79034966756        NO. OF FUNC. EVALS.:  77
 CUMULATIVE NO. OF FUNC. EVALS.:      337
 NPARAMETR:  1.1271E+00  5.9043E+00  3.5338E+00  5.6543E-01  1.1325E+00  1.2636E+01  1.3226E-01  8.7815E-02  1.9455E-01  4.8146E-02
             8.9268E-02  5.1889E+00  1.5741E-02  6.6836E-02  1.1245E-03
 PARAMETER:  2.1963E-01  2.6624E-01 -2.4706E-01 -4.7017E-01 -4.6876E-01  4.2120E-01 -9.1149E-01 -1.1163E+00 -7.1854E-01 -1.4168E+00
            -1.1081E+00  9.2326E-01  3.2684E-01  1.0498E+00 -2.1439E+00
 GRADIENT:   7.8325E-02 -1.9612E-01 -1.2762E-04  1.0425E-01 -1.6424E-01  2.9952E-02  2.6275E-02 -8.5019E-02 -3.7225E-03 -5.8247E-03
            -1.4962E-02 -2.6564E-07 -1.2909E-01 -1.3363E-01 -1.6484E-02

0ITERATION NO.:   30    OBJECTIVE VALUE:   2467.05659742770        NO. OF FUNC. EVALS.:  65
 CUMULATIVE NO. OF FUNC. EVALS.:      402
 NPARAMETR:  1.1280E+00  5.8332E+00  3.4660E+00  5.6530E-01  1.1238E+00  3.8609E+00  1.3520E-01  8.5541E-02  1.8971E-01  5.6554E-02
             8.8736E-02  1.0657E+01  1.6143E-02  6.6177E-02  1.5466E-03
 PARAMETER:  2.2041E-01  2.5413E-01 -2.6642E-01 -4.7041E-01 -4.7641E-01  1.2870E-01 -9.0050E-01 -1.1294E+00 -7.3113E-01 -1.3363E+00
            -1.1110E+00  1.2831E+00  3.3945E-01  1.0449E+00 -1.9845E+00
 GRADIENT:   6.9602E+00  7.4933E+00  5.8412E+00 -3.7118E+00  3.1852E+01 -8.7193E+00  1.7769E+00  4.7465E+00  2.8179E+00  1.9524E-01
             3.5619E+00  1.5741E+00  1.0279E+01  6.0383E+00 -1.9612E-02

0ITERATION NO.:   35    OBJECTIVE VALUE:   2466.07054266244        NO. OF FUNC. EVALS.:  60
 CUMULATIVE NO. OF FUNC. EVALS.:      462
 NPARAMETR:  1.1142E+00  5.6575E+00  3.4127E+00  5.7681E-01  1.1039E+00  3.4634E+00  1.2881E-01  8.3367E-02  1.6677E-01  5.9547E-02
             8.5213E-02  4.6297E+00  1.5643E-02  6.6813E-02  2.4479E-03
 PARAMETER:  2.0812E-01  2.2354E-01 -2.8193E-01 -4.5025E-01 -4.9427E-01  1.1545E-01 -9.2472E-01 -1.1423E+00 -7.9558E-01 -1.3105E+00
            -1.1313E+00  8.6624E-01  3.2373E-01  1.0497E+00 -1.7550E+00
 GRADIENT:   4.4452E+00 -4.3325E+00  1.8603E+00 -1.3308E+00 -1.0032E-01  1.9832E+00  4.6957E-01 -2.3468E-01  8.1770E-01 -9.7789E-02
            -3.8282E-01 -2.0775E-01 -3.4772E+00 -1.1963E+00 -2.8176E-02

0ITERATION NO.:   40    OBJECTIVE VALUE:   2465.30480521283        NO. OF FUNC. EVALS.:  65
 CUMULATIVE NO. OF FUNC. EVALS.:      527
 NPARAMETR:  1.1015E+00  5.6260E+00  3.4445E+00  5.8784E-01  1.1056E+00  3.5408E+00  1.2996E-01  8.1561E-02  1.5759E-01  6.5158E-02
             8.3467E-02  5.3285E+00  1.5574E-02  6.5185E-02  4.0717E-01
 PARAMETER:  1.9668E-01  2.1796E-01 -2.7266E-01 -4.3131E-01 -4.9272E-01  1.1803E-01 -9.2027E-01 -1.1532E+00 -8.2389E-01 -1.2655E+00
            -1.1417E+00  9.3654E-01  3.2150E-01  1.0373E+00  8.0203E-01
 GRADIENT:  -6.2271E+00  1.6255E+01  1.1187E+01  5.8420E+00 -3.8757E+01  2.3674E+01  2.6083E+00 -3.0783E+00 -1.2351E+00  8.6552E-01
            -3.5884E+00 -3.9418E-01 -4.8157E+00  2.7083E+01  1.2089E+00

0ITERATION NO.:   45    OBJECTIVE VALUE:   2464.60640999850        NO. OF FUNC. EVALS.:  69
 CUMULATIVE NO. OF FUNC. EVALS.:      596
 NPARAMETR:  1.1107E+00  5.6691E+00  3.4071E+00  5.7978E-01  1.1143E+00  3.6261E+00  1.2842E-01  8.3470E-02  1.6547E-01  5.6394E-02
             8.5954E-02  6.7391E+00  1.5760E-02  6.0847E-02  5.2225E-01
 PARAMETER:  2.0503E-01  2.2560E-01 -2.8359E-01 -4.4511E-01 -4.8492E-01  1.2087E-01 -9.2623E-01 -1.1416E+00 -7.9949E-01 -1.3377E+00
            -1.1270E+00  1.0540E+00  3.2743E-01  1.0029E+00  9.2649E-01
 GRADIENT:   1.1605E+00 -1.8813E+00  1.0003E-01 -3.8153E-01 -2.4911E+00 -5.5087E+00  3.0554E-01  3.2391E-02  1.6728E-02 -7.3141E-02
             2.9617E-01  8.0165E-02 -7.2306E-01 -4.9667E-01  1.7794E-02

0ITERATION NO.:   47    OBJECTIVE VALUE:   2464.60164233123        NO. OF FUNC. EVALS.:  21
 CUMULATIVE NO. OF FUNC. EVALS.:      617
 NPARAMETR:  1.1106E+00  5.6766E+00  3.4097E+00  5.7986E-01  1.1155E+00  3.6479E+00  1.2823E-01  8.3420E-02  1.6606E-01  5.7184E-02
             8.5928E-02  6.9605E+00  1.5786E-02  6.0812E-02  5.2424E-01
 PARAMETER:  2.0491E-01  2.2692E-01 -2.8281E-01 -4.4497E-01 -4.8387E-01  1.2160E-01 -9.2698E-01 -1.1419E+00 -7.9771E-01 -1.3307E+00
            -1.1271E+00  1.0701E+00  3.2828E-01  1.0026E+00  9.2839E-01
 GRADIENT:   1.6797E-01 -5.3776E-02 -1.4413E-02 -1.2785E-01 -4.0349E-01  3.6663E-01  5.5172E-02 -6.6764E-03  6.2367E-02 -8.0361E-04
             2.3910E-02 -5.1372E-02 -9.5180E-02 -3.1224E-02  1.8687E-02

 #TERM:
0MINIMIZATION SUCCESSFUL
 NO. OF FUNCTION EVALUATIONS USED:      617
 NO. OF SIG. DIGITS IN FINAL EST.:  2.1
  
 TOTAL DATA POINTS NORMALLY DISTRIBUTED (N):         1300
 N*LOG(2PI) CONSTANT TO OBJECTIVE FUNCTION:    2389.2401863321488     
 OBJECTIVE FUNCTION VALUE WITHOUT CONSTANT:    2464.6016423312294     
 OBJECTIVE FUNCTION VALUE WITH CONSTANT:       4853.8418286633787     
 REPORTED OBJECTIVE FUNCTION DOES NOT CONTAIN CONSTANT
  
 TOTAL EFFECTIVE ETAS (NIND*NETA):                           600
  
 #TERE:
 Elapsed estimation  time in seconds:    72.06
 Elapsed covariance  time in seconds:    27.09
 Elapsed postprocess time in seconds:     0.00
1
 
 
 
 
 
 
 
 
 
 
 
 
 
 
 
 
 
 
 
 
 ************************************************************************************************************************
 ********************                                                                                ********************
 ********************                                   FIRST ORDER                                  ********************
 #OBJT:**************                       MINIMUM VALUE OF OBJECTIVE FUNCTION                      ********************
 ********************                                                                                ********************
 ************************************************************************************************************************
 





 #OBJV:********************************************     2464.602       **************************************************
1
 ************************************************************************************************************************
 ********************                                                                                ********************
 ********************                                   FIRST ORDER                                  ********************
 ********************                             FINAL PARAMETER ESTIMATE                           ********************
 ********************                                                                                ********************
 ************************************************************************************************************************
 


 THETA - VECTOR OF FIXED EFFECTS PARAMETERS   *********


         TH 1      TH 2      TH 3      TH 4      TH 5      TH 6     
 
         1.11E+00  5.68E+00  3.41E+00  5.80E-01  1.12E+00  3.65E+00
 


 OMEGA - COV MATRIX FOR RANDOM EFFECTS - ETAS  ********


         ETA1      ETA2      ETA3      ETA4      ETA5      ETA6     
 
 ETA1
+        1.28E-01
 
 ETA2
+        0.00E+00  8.34E-02
 
 ETA3
+        0.00E+00  0.00E+00  1.66E-01
 
 ETA4
+        0.00E+00  0.00E+00  0.00E+00  5.72E-02
 
 ETA5
+        0.00E+00  0.00E+00  0.00E+00  0.00E+00  8.59E-02
 
 ETA6
+        0.00E+00  0.00E+00  0.00E+00  0.00E+00  0.00E+00  6.96E+00
 


 SIGMA - COV MATRIX FOR RANDOM EFFECTS - EPSILONS  ****


         EPS1      EPS2      EPS3     
 
 EPS1
+        1.58E-02
 
 EPS2
+        0.00E+00  6.08E-02
 
 EPS3
+        0.00E+00  0.00E+00  5.24E-01
 
1


 OMEGA - CORR MATRIX FOR RANDOM EFFECTS - ETAS  *******


         ETA1      ETA2      ETA3      ETA4      ETA5      ETA6     
 
 ETA1
+        3.58E-01
 
 ETA2
+        0.00E+00  2.89E-01
 
 ETA3
+        0.00E+00  0.00E+00  4.08E-01
 
 ETA4
+        0.00E+00  0.00E+00  0.00E+00  2.39E-01
 
 ETA5
+        0.00E+00  0.00E+00  0.00E+00  0.00E+00  2.93E-01
 
 ETA6
+        0.00E+00  0.00E+00  0.00E+00  0.00E+00  0.00E+00  2.64E+00
 


 SIGMA - CORR MATRIX FOR RANDOM EFFECTS - EPSILONS  ***


         EPS1      EPS2      EPS3     
 
 EPS1
+        1.26E-01
 
 EPS2
+        0.00E+00  2.47E-01
 
 EPS3
+        0.00E+00  0.00E+00  7.24E-01
 
1
 ************************************************************************************************************************
 ********************                                                                                ********************
 ********************                                   FIRST ORDER                                  ********************
 ********************                            STANDARD ERROR OF ESTIMATE                          ********************
 ********************                                                                                ********************
 ************************************************************************************************************************
 


 THETA - VECTOR OF FIXED EFFECTS PARAMETERS   *********


         TH 1      TH 2      TH 3      TH 4      TH 5      TH 6     
 
         6.21E-02  2.41E-01  1.71E-01  3.50E-02  3.40E-02  6.06E-01
 


 OMEGA - COV MATRIX FOR RANDOM EFFECTS - ETAS  ********


         ETA1      ETA2      ETA3      ETA4      ETA5      ETA6     
 
 ETA1
+        3.04E-02
 
 ETA2
+       .........  1.63E-02
 
 ETA3
+       ......... .........  3.96E-02
 
 ETA4
+       ......... ......... .........  5.82E-02
 
 ETA5
+       ......... ......... ......... .........  1.28E-02
 
 ETA6
+       ......... ......... ......... ......... .........  8.92E+00
 


 SIGMA - COV MATRIX FOR RANDOM EFFECTS - EPSILONS  ****


         EPS1      EPS2      EPS3     
 
 EPS1
+        9.03E-04
 
 EPS2
+       .........  6.70E-03
 
 EPS3
+       ......... .........  4.49E-01
 
1


 OMEGA - CORR MATRIX FOR RANDOM EFFECTS - ETAS  *******


         ETA1      ETA2      ETA3      ETA4      ETA5      ETA6     
 
 ETA1
+        4.25E-02
 
 ETA2
+       .........  2.82E-02
 
 ETA3
+       ......... .........  4.86E-02
 
 ETA4
+       ......... ......... .........  1.22E-01
 
 ETA5
+       ......... ......... ......... .........  2.18E-02
 
 ETA6
+       ......... ......... ......... ......... .........  1.69E+00
 


 SIGMA - CORR MATRIX FOR RANDOM EFFECTS - EPSILONS  ***


         EPS1      EPS2      EPS3     
 
 EPS1
+        3.59E-03
 
 EPS2
+       .........  1.36E-02
 
 EPS3
+       ......... .........  3.10E-01
 
1
 ************************************************************************************************************************
 ********************                                                                                ********************
 ********************                                   FIRST ORDER                                  ********************
 ********************                          COVARIANCE MATRIX OF ESTIMATE                         ********************
 ********************                                                                                ********************
 ************************************************************************************************************************
 

            TH 1      TH 2      TH 3      TH 4      TH 5      TH 6      OM11      OM12      OM13      OM14      OM15      OM16  
             OM22      OM23      OM24      OM25      OM26      OM33      OM34      OM35      OM36      OM44      OM45      OM46  
            OM55      OM56      OM66      SG11      SG12      SG13      SG22      SG23      SG33  
 
 TH 1
+        3.85E-03
 
 TH 2
+        6.09E-03  5.80E-02
 
 TH 3
+       -2.27E-03  1.28E-03  2.91E-02
 
 TH 4
+       -9.79E-04 -3.77E-03  2.48E-03  1.22E-03
 
 TH 5
+       -6.82E-05  1.75E-03  6.64E-04  2.13E-04  1.16E-03
 
 TH 6
+        3.52E-03  5.30E-02  3.21E-02 -1.40E-05  7.67E-03  3.67E-01
 
 OM11
+        6.98E-04  3.15E-03 -1.01E-03 -4.48E-04 -1.63E-05  1.75E-03  9.25E-04
 
 OM12
+       ......... ......... ......... ......... ......... ......... ......... .........
 
 OM13
+       ......... ......... ......... ......... ......... ......... ......... ......... .........
 
 OM14
+       ......... ......... ......... ......... ......... ......... ......... ......... ......... .........
 
 OM15
+       ......... ......... ......... ......... ......... ......... ......... ......... ......... ......... .........
 
 OM16
+       ......... ......... ......... ......... ......... ......... ......... ......... ......... ......... ......... .........
 
 OM22
+       -1.05E-04 -1.15E-04  1.30E-04  2.01E-04 -1.54E-05  2.73E-04 -1.05E-04 ......... ......... ......... ......... .........
          2.66E-04
 
 OM23
+       ......... ......... ......... ......... ......... ......... ......... ......... ......... ......... ......... .........
         ......... .........
 
 OM24
+       ......... ......... ......... ......... ......... ......... ......... ......... ......... ......... ......... .........
         ......... ......... .........
 
 OM25
+       ......... ......... ......... ......... ......... ......... ......... ......... ......... ......... ......... .........
         ......... ......... ......... .........
 
 OM26
+       ......... ......... ......... ......... ......... ......... ......... ......... ......... ......... ......... .........
         ......... ......... ......... ......... .........
 
 OM33
+        1.13E-03  4.31E-03 -7.23E-04 -8.07E-04  2.31E-04  4.69E-03  4.36E-04 ......... ......... ......... ......... .........
         -2.02E-04 ......... ......... ......... .........  1.57E-03
 
 OM34
+       ......... ......... ......... ......... ......... ......... ......... ......... ......... ......... ......... .........
         ......... ......... ......... ......... ......... ......... .........
 
1

            TH 1      TH 2      TH 3      TH 4      TH 5      TH 6      OM11      OM12      OM13      OM14      OM15      OM16  
             OM22      OM23      OM24      OM25      OM26      OM33      OM34      OM35      OM36      OM44      OM45      OM46  
            OM55      OM56      OM66      SG11      SG12      SG13      SG22      SG23      SG33  
 
 OM35
+       ......... ......... ......... ......... ......... ......... ......... ......... ......... ......... ......... .........
         ......... ......... ......... ......... ......... ......... ......... .........
 
 OM36
+       ......... ......... ......... ......... ......... ......... ......... ......... ......... ......... ......... .........
         ......... ......... ......... ......... ......... ......... ......... ......... .........
 
 OM44
+        1.21E-03  4.46E-04 -7.79E-04 -7.38E-05  1.19E-04 -9.81E-04  2.86E-04 ......... ......... ......... ......... .........
         -2.74E-04 ......... ......... ......... .........  7.71E-04 ......... ......... .........  3.39E-03
 
 OM45
+       ......... ......... ......... ......... ......... ......... ......... ......... ......... ......... ......... .........
         ......... ......... ......... ......... ......... ......... ......... ......... ......... ......... .........
 
 OM46
+       ......... ......... ......... ......... ......... ......... ......... ......... ......... ......... ......... .........
         ......... ......... ......... ......... ......... ......... ......... ......... ......... ......... ......... .........
 
 OM55
+       -2.84E-05 -1.12E-04  4.68E-04 -2.49E-05 -1.72E-04 -1.23E-03  1.42E-05 ......... ......... ......... ......... .........
         -7.95E-06 ......... ......... ......... ......... -4.16E-05 ......... ......... ......... -1.46E-04 ......... .........
         1.63E-04
 
 OM56
+       ......... ......... ......... ......... ......... ......... ......... ......... ......... ......... ......... .........
         ......... ......... ......... ......... ......... ......... ......... ......... ......... ......... ......... .........
        ......... .........
 
 OM66
+        3.51E-02  5.93E-01  4.53E-01  8.58E-03  1.17E-01  4.89E+00  8.59E-03 ......... ......... ......... ......... .........
         -1.22E-02 ......... ......... ......... .........  6.42E-02 ......... ......... .........  1.05E-02 ......... .........
        -2.42E-02 .........  7.96E+01
 
 SG11
+        2.96E-06 -3.05E-05 -2.17E-05  5.33E-06  1.64E-06  8.09E-06 -2.71E-07 ......... ......... ......... ......... .........
          3.77E-06 ......... ......... ......... ......... -7.83E-06 ......... ......... ......... -9.61E-06 ......... .........
         1.69E-07 ......... -3.28E-04  8.15E-07
 
 SG12
+       ......... ......... ......... ......... ......... ......... ......... ......... ......... ......... ......... .........
         ......... ......... ......... ......... ......... ......... ......... ......... ......... ......... ......... .........
        ......... ......... ......... ......... .........
 
 SG13
+       ......... ......... ......... ......... ......... ......... ......... ......... ......... ......... ......... .........
         ......... ......... ......... ......... ......... ......... ......... ......... ......... ......... ......... .........
        ......... ......... ......... ......... ......... .........
 
 SG22
+        1.24E-05  6.85E-06 -7.07E-05 -2.70E-05 -2.21E-05 -1.17E-03 -1.51E-05 ......... ......... ......... ......... .........
          8.35E-06 ......... ......... ......... .........  1.25E-05 ......... ......... .........  3.24E-05 ......... .........
         6.59E-07 ......... -1.82E-02 -4.74E-07 ......... .........  4.49E-05
 
 SG23
+       ......... ......... ......... ......... ......... ......... ......... ......... ......... ......... ......... .........
         ......... ......... ......... ......... ......... ......... ......... ......... ......... ......... ......... .........
        ......... ......... ......... ......... ......... ......... ......... .........
 
 SG33
+       -4.24E-03 -1.54E-02 -8.07E-03  4.64E-04 -1.09E-03  1.66E-02  6.23E-04 ......... ......... ......... ......... .........
         -1.39E-03 ......... ......... ......... ......... -2.99E-03 ......... ......... ......... -7.29E-03 ......... .........
         1.70E-03 .........  2.59E-01  4.28E-05 ......... ......... -1.61E-03 .........  2.01E-01
 
1
 ************************************************************************************************************************
 ********************                                                                                ********************
 ********************                                   FIRST ORDER                                  ********************
 ********************                          CORRELATION MATRIX OF ESTIMATE                        ********************
 ********************                                                                                ********************
 ************************************************************************************************************************
 

            TH 1      TH 2      TH 3      TH 4      TH 5      TH 6      OM11      OM12      OM13      OM14      OM15      OM16  
             OM22      OM23      OM24      OM25      OM26      OM33      OM34      OM35      OM36      OM44      OM45      OM46  
            OM55      OM56      OM66      SG11      SG12      SG13      SG22      SG23      SG33  
 
 TH 1
+        6.21E-02
 
 TH 2
+        4.07E-01  2.41E-01
 
 TH 3
+       -2.14E-01  3.12E-02  1.71E-01
 
 TH 4
+       -4.51E-01 -4.48E-01  4.15E-01  3.50E-02
 
 TH 5
+       -3.23E-02  2.13E-01  1.15E-01  1.79E-01  3.40E-02
 
 TH 6
+        9.35E-02  3.64E-01  3.10E-01 -6.61E-04  3.73E-01  6.06E-01
 
 OM11
+        3.70E-01  4.31E-01 -1.95E-01 -4.21E-01 -1.58E-02  9.52E-02  3.04E-02
 
 OM12
+       ......... ......... ......... ......... ......... ......... ......... .........
 
 OM13
+       ......... ......... ......... ......... ......... ......... ......... ......... .........
 
 OM14
+       ......... ......... ......... ......... ......... ......... ......... ......... ......... .........
 
 OM15
+       ......... ......... ......... ......... ......... ......... ......... ......... ......... ......... .........
 
 OM16
+       ......... ......... ......... ......... ......... ......... ......... ......... ......... ......... ......... .........
 
 OM22
+       -1.04E-01 -2.92E-02  4.69E-02  3.52E-01 -2.78E-02  2.77E-02 -2.12E-01 ......... ......... ......... ......... .........
          1.63E-02
 
 OM23
+       ......... ......... ......... ......... ......... ......... ......... ......... ......... ......... ......... .........
         ......... .........
 
 OM24
+       ......... ......... ......... ......... ......... ......... ......... ......... ......... ......... ......... .........
         ......... ......... .........
 
 OM25
+       ......... ......... ......... ......... ......... ......... ......... ......... ......... ......... ......... .........
         ......... ......... ......... .........
 
 OM26
+       ......... ......... ......... ......... ......... ......... ......... ......... ......... ......... ......... .........
         ......... ......... ......... ......... .........
 
 OM33
+        4.59E-01  4.52E-01 -1.07E-01 -5.82E-01  1.71E-01  1.95E-01  3.62E-01 ......... ......... ......... ......... .........
         -3.13E-01 ......... ......... ......... .........  3.96E-02
 
 OM34
+       ......... ......... ......... ......... ......... ......... ......... ......... ......... ......... ......... .........
         ......... ......... ......... ......... ......... ......... .........
 
1

            TH 1      TH 2      TH 3      TH 4      TH 5      TH 6      OM11      OM12      OM13      OM14      OM15      OM16  
             OM22      OM23      OM24      OM25      OM26      OM33      OM34      OM35      OM36      OM44      OM45      OM46  
            OM55      OM56      OM66      SG11      SG12      SG13      SG22      SG23      SG33  
 
 OM35
+       ......... ......... ......... ......... ......... ......... ......... ......... ......... ......... ......... .........
         ......... ......... ......... ......... ......... ......... ......... .........
 
 OM36
+       ......... ......... ......... ......... ......... ......... ......... ......... ......... ......... ......... .........
         ......... ......... ......... ......... ......... ......... ......... ......... .........
 
 OM44
+        3.34E-01  3.18E-02 -7.85E-02 -3.63E-02  6.04E-02 -2.78E-02  1.62E-01 ......... ......... ......... ......... .........
         -2.89E-01 ......... ......... ......... .........  3.35E-01 ......... ......... .........  5.82E-02
 
 OM45
+       ......... ......... ......... ......... ......... ......... ......... ......... ......... ......... ......... .........
         ......... ......... ......... ......... ......... ......... ......... ......... ......... ......... .........
 
 OM46
+       ......... ......... ......... ......... ......... ......... ......... ......... ......... ......... ......... .........
         ......... ......... ......... ......... ......... ......... ......... ......... ......... ......... ......... .........
 
 OM55
+       -3.59E-02 -3.64E-02  2.15E-01 -5.56E-02 -3.97E-01 -1.59E-01  3.65E-02 ......... ......... ......... ......... .........
         -3.82E-02 ......... ......... ......... ......... -8.23E-02 ......... ......... ......... -1.96E-01 ......... .........
         1.28E-02
 
 OM56
+       ......... ......... ......... ......... ......... ......... ......... ......... ......... ......... ......... .........
         ......... ......... ......... ......... ......... ......... ......... ......... ......... ......... ......... .........
        ......... .........
 
 OM66
+        6.34E-02  2.76E-01  2.98E-01  2.75E-02  3.87E-01  9.05E-01  3.17E-02 ......... ......... ......... ......... .........
         -8.39E-02 ......... ......... ......... .........  1.82E-01 ......... ......... .........  2.03E-02 ......... .........
        -2.12E-01 .........  8.92E+00
 
 SG11
+        5.29E-02 -1.40E-01 -1.41E-01  1.69E-01  5.34E-02  1.48E-02 -9.85E-03 ......... ......... ......... ......... .........
          2.56E-01 ......... ......... ......... ......... -2.19E-01 ......... ......... ......... -1.83E-01 ......... .........
         1.47E-02 ......... -4.08E-02  9.03E-04
 
 SG12
+       ......... ......... ......... ......... ......... ......... ......... ......... ......... ......... ......... .........
         ......... ......... ......... ......... ......... ......... ......... ......... ......... ......... ......... .........
        ......... ......... ......... ......... .........
 
 SG13
+       ......... ......... ......... ......... ......... ......... ......... ......... ......... ......... ......... .........
         ......... ......... ......... ......... ......... ......... ......... ......... ......... ......... ......... .........
        ......... ......... ......... ......... ......... .........
 
 SG22
+        2.98E-02  4.25E-03 -6.19E-02 -1.15E-01 -9.72E-02 -2.88E-01 -7.41E-02 ......... ......... ......... ......... .........
          7.65E-02 ......... ......... ......... .........  4.73E-02 ......... ......... .........  8.32E-02 ......... .........
         7.70E-03 ......... -3.04E-01 -7.85E-02 ......... .........  6.70E-03
 
 SG23
+       ......... ......... ......... ......... ......... ......... ......... ......... ......... ......... ......... .........
         ......... ......... ......... ......... ......... ......... ......... ......... ......... ......... ......... .........
        ......... ......... ......... ......... ......... ......... ......... .........
 
 SG33
+       -1.52E-01 -1.43E-01 -1.06E-01  2.95E-02 -7.14E-02  6.13E-02  4.56E-02 ......... ......... ......... ......... .........
         -1.91E-01 ......... ......... ......... ......... -1.69E-01 ......... ......... ......... -2.79E-01 ......... .........
         2.96E-01 .........  6.46E-02  1.06E-01 ......... ......... -5.36E-01 .........  4.49E-01
 
1
 ************************************************************************************************************************
 ********************                                                                                ********************
 ********************                                   FIRST ORDER                                  ********************
 ********************                      INVERSE COVARIANCE MATRIX OF ESTIMATE                     ********************
 ********************                                                                                ********************
 ************************************************************************************************************************
 

            TH 1      TH 2      TH 3      TH 4      TH 5      TH 6      OM11      OM12      OM13      OM14      OM15      OM16  
             OM22      OM23      OM24      OM25      OM26      OM33      OM34      OM35      OM36      OM44      OM45      OM46  
            OM55      OM56      OM66      SG11      SG12      SG13      SG22      SG23      SG33  
 
 TH 1
+        4.53E+02
 
 TH 2
+       -2.62E+01  3.55E+01
 
 TH 3
+        8.44E+00 -7.22E+00  7.00E+01
 
 TH 4
+        2.05E+02  8.91E+01 -2.11E+02  2.75E+03
 
 TH 5
+        7.31E+01 -5.69E+01  1.64E+01 -6.47E+02  1.44E+03
 
 TH 6
+        2.15E+00 -4.15E+00 -5.93E+00  1.85E+01 -8.97E+00  1.86E+01
 
 OM11
+       -6.52E+01 -6.92E+01  2.96E+01  1.53E+02  7.86E+01 -1.68E+01  1.62E+03
 
 OM12
+       ......... ......... ......... ......... ......... ......... ......... .........
 
 OM13
+       ......... ......... ......... ......... ......... ......... ......... ......... .........
 
 OM14
+       ......... ......... ......... ......... ......... ......... ......... ......... ......... .........
 
 OM15
+       ......... ......... ......... ......... ......... ......... ......... ......... ......... ......... .........
 
 OM16
+       ......... ......... ......... ......... ......... ......... ......... ......... ......... ......... ......... .........
 
 OM22
+       -1.67E+02 -8.54E+01  1.54E+02 -1.66E+03  4.85E+02 -9.15E+01  3.92E+02 ......... ......... ......... ......... .........
          6.63E+03
 
 OM23
+       ......... ......... ......... ......... ......... ......... ......... ......... ......... ......... ......... .........
         ......... .........
 
 OM24
+       ......... ......... ......... ......... ......... ......... ......... ......... ......... ......... ......... .........
         ......... ......... .........
 
 OM25
+       ......... ......... ......... ......... ......... ......... ......... ......... ......... ......... ......... .........
         ......... ......... ......... .........
 
 OM26
+       ......... ......... ......... ......... ......... ......... ......... ......... ......... ......... ......... .........
         ......... ......... ......... ......... .........
 
 OM33
+       -1.09E+02 -9.50E+00 -3.39E+01  8.83E+02 -3.78E+02 -5.74E+00 -8.27E+01 ......... ......... ......... ......... .........
          7.00E+01 ......... ......... ......... .........  1.43E+03
 
 OM34
+       ......... ......... ......... ......... ......... ......... ......... ......... ......... ......... ......... .........
         ......... ......... ......... ......... ......... ......... .........
 
1

            TH 1      TH 2      TH 3      TH 4      TH 5      TH 6      OM11      OM12      OM13      OM14      OM15      OM16  
             OM22      OM23      OM24      OM25      OM26      OM33      OM34      OM35      OM36      OM44      OM45      OM46  
            OM55      OM56      OM66      SG11      SG12      SG13      SG22      SG23      SG33  
 
 OM35
+       ......... ......... ......... ......... ......... ......... ......... ......... ......... ......... ......... .........
         ......... ......... ......... ......... ......... ......... ......... .........
 
 OM36
+       ......... ......... ......... ......... ......... ......... ......... ......... ......... ......... ......... .........
         ......... ......... ......... ......... ......... ......... ......... ......... .........
 
 OM44
+       -1.51E+02  1.19E+01  3.36E+01 -4.42E+02  7.02E+01 -1.49E+00 -9.20E+01 ......... ......... ......... ......... .........
          6.24E+02 ......... ......... ......... ......... -2.28E+02 ......... ......... .........  5.12E+02
 
 OM45
+       ......... ......... ......... ......... ......... ......... ......... ......... ......... ......... ......... .........
         ......... ......... ......... ......... ......... ......... ......... ......... ......... ......... .........
 
 OM46
+       ......... ......... ......... ......... ......... ......... ......... ......... ......... ......... ......... .........
         ......... ......... ......... ......... ......... ......... ......... ......... ......... ......... ......... .........
 
 OM55
+       -7.00E+01 -2.78E+01 -3.35E+02  4.08E+02  1.22E+03 -2.96E+00 -1.31E+02 ......... ......... ......... ......... .........
         -8.51E+01 ......... ......... ......... ......... -1.49E+02 ......... ......... .........  1.22E+02 ......... .........
         1.03E+04
 
 OM56
+       ......... ......... ......... ......... ......... ......... ......... ......... ......... ......... ......... .........
         ......... ......... ......... ......... ......... ......... ......... ......... ......... ......... ......... .........
        ......... .........
 
 OM66
+       -2.32E-01  1.11E-01 -3.56E-02 -6.13E-01 -5.59E-01 -1.07E+00  1.34E+00 ......... ......... ......... ......... .........
          5.55E+00 ......... ......... ......... .........  2.72E-02 ......... ......... .........  6.94E-02 ......... .........
         3.35E+00 .........  8.17E-02
 
 SG11
+       -6.12E+03  1.20E+03  2.01E+03 -7.76E+03 -6.07E+03 -6.22E+02 -4.49E+03 ......... ......... ......... ......... .........
         -1.18E+04 ......... ......... ......... .........  4.63E+03 ......... ......... .........  4.64E+03 ......... .........
        -1.06E+04 .........  2.93E+01  1.59E+06
 
 SG12
+       ......... ......... ......... ......... ......... ......... ......... ......... ......... ......... ......... .........
         ......... ......... ......... ......... ......... ......... ......... ......... ......... ......... ......... .........
        ......... ......... ......... ......... .........
 
 SG13
+       ......... ......... ......... ......... ......... ......... ......... ......... ......... ......... ......... .........
         ......... ......... ......... ......... ......... ......... ......... ......... ......... ......... ......... .........
        ......... ......... ......... ......... ......... .........
 
 SG22
+        2.29E+02  6.68E+00  1.24E+02  8.87E+02 -3.21E+02  1.09E+01  6.31E+02 ......... ......... ......... ......... .........
          5.46E+02 ......... ......... ......... .........  2.47E+02 ......... ......... .........  1.41E+02 ......... .........
        -3.12E+03 .........  5.11E+00  6.05E+03 ......... .........  3.71E+04
 
 SG23
+       ......... ......... ......... ......... ......... ......... ......... ......... ......... ......... ......... .........
         ......... ......... ......... ......... ......... ......... ......... ......... ......... ......... ......... .........
        ......... ......... ......... ......... ......... ......... ......... .........
 
 SG33
+        3.62E+00  1.51E+00  8.63E+00 -1.74E+01 -2.93E+00 -1.24E+00 -5.49E+00 ......... ......... ......... ......... .........
          7.90E+01 ......... ......... ......... .........  7.97E+00 ......... ......... .........  1.94E+01 ......... .........
        -1.23E+02 .........  2.79E-02  1.15E+01 ......... .........  3.32E+02 .........  1.07E+01
 
1
 
 
 
 
 
 
 
 
 
 
 
 
 
 
 
 
 
 
 
 
 ************************************************************************************************************************
 ********************                                                                                ********************
 ********************                                   FIRST ORDER                                  ********************
 ********************                      EIGENVALUES OF COR MATRIX OF ESTIMATE                     ********************
 ********************                                                                                ********************
 ************************************************************************************************************************
 

             1         2         3         4         5         6         7         8         9        10        11        12
             13        14        15
 
         7.85E-02  1.71E-01  2.65E-01  3.42E-01  4.30E-01  4.39E-01  5.87E-01  7.02E-01  7.26E-01  9.41E-01  1.30E+00  1.38E+00
          1.82E+00  2.57E+00  3.24E+00
 
 Elapsed finaloutput time in seconds:     0.13
 #CPUT: Total CPU Time in Seconds,       98.094
Stop Time: 
Tue 03/07/2023 
04:57 PM
OFV = 2464.6016423312294
success = True
covariance = True
correlation = True
Condition # = 41.32571937193572
Num Non fixed THETAs = 6
Num Non fixed OMEGAs = 6
Num Non fixed SIGMAs = 3
Original run directory = C:\Users\jcraig\pydarwin\Example3\temp\0\261
