Sun Mar  5 03:45:58 PM PST 2023
$PROBLEM    2 compartment fitting
$INPUT       ID TIME AMT DROP DV MDV EVID WT AGE SEX BUN SCR OCC CRCL COV1 COV2

$DATA      /home/CertaraUser/examples/user/Example4/dataWithPeriod.csv IGNORE=@

$SUBROUTINE ADVAN4 ;; advan4 
$PK      
  CWTKGONE = WT/81  ;; WEIGHT CENTERED ON ONE
  CWTKGZERO = WT-81 ;; WEIGHT CENTERED ON ZERO
  CAGE = AGE/60     ;; AGE CENTERED ON ONE
  CCRCL = CRCL/85.6 ;; CRCL CENTERD ON ONE
  CCOV1 = COV1-15.4 ;; COVARIATE 1 CENTERED ON ZERO
  IF(OCC.EQ.1) IOVV = ETA(7) 
  IF(OCC.EQ.2) IOVV = ETA(8) 
  IF(OCC.EQ.3) IOVV = ETA(9)  
  TVV2=THETA(1) *EXP(CWTKGZERO*THETA(6))   *EXP(COV2*THETA(7))  *EXP(IOVV)
  V2=TVV2*EXP(ETA(2))   
  IF(OCC.EQ.1) IOVCL = ETA(4) 
  IF(OCC.EQ.2) IOVCL = ETA(5) 
  IF(OCC.EQ.3) IOVCL = ETA(6)
  TVCL= THETA(3)     *EXP(IOVCL)
  CL=TVCL*EXP(ETA(1)) 

  K=CL/V2      
  K23=THETA(4)
  K32=THETA(5)  
  ALAG1=THETA(8)
  ;; No D1    
  TVKA=THETA(2) 
  KA=TVKA  *EXP(ETA(3))     
  S2 = V2 
$ERROR     	
  REP = IREP      
  IPRED =F  
  IOBS = F *EXP(EPS(1))+EPS(2)
  Y=IOBS
$THETA      
  (0.001,100) 	; THETA(1) V  UNITS = L
  (0.001, 10) 	; THETA(2) KA UNITS = 1/HR    
  (0.001,2)	; THETA(3) CL UNITS =  L/HR
  (0.001,0.02)  	 ; THETA(4) K23 
  (0.001,0.3) 	 ; THETA(5) K32 
  ; init for K23~WT    
  (-1,0.01) 	; THETA(6) EXPONENTIAL volume ~WT    


  (-4,0.1) 	; THETA(7) EXPONENTIAL volume ~COV2 




  (0.001,0.1) 	; THETA(8) ALAG1   
$OMEGA    
  0.1  		; ETA(1) CLEARANCE 
  0.4  		; ETA(2) VOLUME  
$OMEGA ;; 2nd OMEGA block 
  0.1		; ETA(3) ETA ON KA  

$OMEGA BLOCK(1) ; ETA(4)
  0.1 
$OMEGA BLOCK SAME ; ETA(5)
$OMEGA BLOCK SAME ; ETA(6)
$OMEGA BLOCK(1) ; ETA(7)
  0.1 
$OMEGA BLOCK SAME ; ETA(8)
$OMEGA BLOCK SAME ; ETA(9)
$SIGMA   
  0.1 	; EPS(1) proportional error
  100 	; EPS(2) additive error

$EST METHOD=COND INTER MAX = 9999 MSFO=MSF1 PRINT = 10
$COV UNCOND PRINT=E  PRECOND=1 PRECONDS=TOS  MATRIX = R

$TABLE REP ID TIME DV EVID NOPRINT FILE = ORG.DAT ONEHEADER NOAPPEND

$PROB SIMULATION FOR CMAX

$INPUT       ID TIME AMT DROP DV MDV EVID WT AGE SEX BUN SCR OCC CRCL COV1 COV2
$DATA      /home/CertaraUser/examples/user/Example4/dataWithPeriod.csv IGNORE=@  REWIND
$MSFI = MSF1
$SIMULATION (1) ONLYSIM  
$TABLE REP ID TIME IOBS EVID  NOAPPEND NOPRINT FILE = SIM.DAT ONEHEADER NOAPPEND

;; Phenotype 
;; OrderedDict([('ADVAN', 1), ('K23~WT', 0), ('KAETA', 1), ('V2~WT', 2), ('V2~AGE', 0), ('V2~SEX', 0), ('V2~COV2', 1), ('CL~WT', 0), ('CL~AGE', 0), ('CL~CRCL', 0), ('CL~COV1', 0), ('IOVCL', 0), ('IOVV', 0), ('INITCL', 0), ('ETAD1LAG', 0), ('D1LAG', 0), ('RESERR', 0)])
;; Genotype 
;; [0, 1, 0, 1, 1, 1, 0, 0, 1, 0, 0, 0, 0, 0, 0, 0, 0, 0, 0, 0, 0, 0, 0]
;; Num non-influential tokens = 0
NM-TRAN MESSAGES
  
 WARNINGS AND ERRORS (IF ANY) FOR PROBLEM    1
             
 (WARNING  2) NM-TRAN INFERS THAT THE DATA ARE POPULATION.
             
 (WARNING  3) THERE MAY BE AN ERROR IN THE ABBREVIATED CODE. THE FOLLOWING
 ONE OR MORE RANDOM VARIABLES ARE DEFINED WITH "IF" STATEMENTS THAT DO NOT
 PROVIDE DEFINITIONS FOR BOTH THE "THEN" AND "ELSE" CASES. IF ALL
 CONDITIONS FAIL, THE VALUES OF THESE VARIABLES WILL BE ZERO.
  
   IOVV IOVCL

  
 WARNINGS AND ERRORS (IF ANY) FOR PROBLEM    2
             
 (WARNING  2) NM-TRAN INFERS THAT THE DATA ARE POPULATION.
  
Note: Analytical 2nd Derivatives are constructed in FSUBS but are never used.
      You may insert $ABBR DERIV2=NO after the first $PROB to save FSUBS construction and compilation time
  

License Registered to: Certara USA
Expiration Date:    14 MAR 2023
Current Date:        5 MAR 2023
  **** WARNING!!! Days until program expires :   9 ****
  **** CONTACT idssoftware@iconplc.com FOR RENEWAL ****
1NONLINEAR MIXED EFFECTS MODEL PROGRAM (NONMEM) VERSION 7.5.1
 ORIGINALLY DEVELOPED BY STUART BEAL, LEWIS SHEINER, AND ALISON BOECKMANN
 CURRENT DEVELOPERS ARE ROBERT BAUER, ICON DEVELOPMENT SOLUTIONS,
 AND ALISON BOECKMANN. IMPLEMENTATION, EFFICIENCY, AND STANDARDIZATION
 PERFORMED BY NOUS INFOSYSTEMS.

 PROBLEM NO.:         1
 2 compartment fitting
0DATA CHECKOUT RUN:              NO
 DATA SET LOCATED ON UNIT NO.:    2
 THIS UNIT TO BE REWOUND:        NO
 NO. OF DATA RECS IN DATA SET:     1110
 NO. OF DATA ITEMS IN DATA SET:  15
 ID DATA ITEM IS DATA ITEM NO.:   1
 DEP VARIABLE IS DATA ITEM NO.:   4
 MDV DATA ITEM IS DATA ITEM NO.:  5
0INDICES PASSED TO SUBROUTINE PRED:
   6   2   3   0   0   0   0   0   0   0   0
0LABELS FOR DATA ITEMS:
 ID TIME AMT DV MDV EVID WT AGE SEX BUN SCR OCC CRCL COV1 COV2
0(NONBLANK) LABELS FOR PRED-DEFINED ITEMS:
 REP
0FORMAT FOR DATA:
 (1(8E9.0/),7E9.0)

 TOT. NO. OF OBS RECS:      951
 TOT. NO. OF INDIVIDUALS:       66
0LENGTH OF THETA:   8
0DEFAULT THETA BOUNDARY TEST OMITTED:    NO
0OMEGA HAS BLOCK FORM:
  1
  0  2
  0  0  3
  0  0  0  4
  0  0  0  0  4
  0  0  0  0  0  4
  0  0  0  0  0  0  5
  0  0  0  0  0  0  0  5
  0  0  0  0  0  0  0  0  5
0DEFAULT OMEGA BOUNDARY TEST OMITTED:    NO
0SIGMA HAS SIMPLE DIAGONAL FORM WITH DIMENSION:   2
0DEFAULT SIGMA BOUNDARY TEST OMITTED:    NO
0INITIAL ESTIMATE OF THETA:
 LOWER BOUND    INITIAL EST    UPPER BOUND
  0.1000E-02     0.1000E+03     0.1000E+07
  0.1000E-02     0.1000E+02     0.1000E+07
  0.1000E-02     0.2000E+01     0.1000E+07
  0.1000E-02     0.2000E-01     0.1000E+07
  0.1000E-02     0.3000E+00     0.1000E+07
 -0.1000E+01     0.1000E-01     0.1000E+07
 -0.4000E+01     0.1000E+00     0.1000E+07
  0.1000E-02     0.1000E+00     0.1000E+07
0INITIAL ESTIMATE OF OMEGA:
 BLOCK SET NO.   BLOCK                                                                    FIXED
        1                                                                                   NO
                  0.1000E+00
        2                                                                                   NO
                  0.4000E+00
        3                                                                                   NO
                  0.1000E+00
        4                                                                                   NO
                  0.1000E+00
        5                                                                                   NO
                  0.1000E+00
0INITIAL ESTIMATE OF SIGMA:
 0.1000E+00
 0.0000E+00   0.1000E+03
0COVARIANCE STEP OMITTED:        NO
 R MATRIX SUBSTITUTED:          YES
 S MATRIX SUBSTITUTED:           NO
 EIGENVLS. PRINTED:             YES
 COMPRESSED FORMAT:              NO
 GRADIENT METHOD USED:     NOSLOW
 SIGDIGITS ETAHAT (SIGLO):                  -1
 SIGDIGITS GRADIENTS (SIGL):                -1
 EXCLUDE COV FOR FOCE (NOFCOV):              NO
 Cholesky Transposition of R Matrix (CHOLROFF):0
 KNUTHSUMOFF:                                -1
 RESUME COV ANALYSIS (RESUME):               NO
 SIR SAMPLE SIZE (SIRSAMPLE):
 NON-LINEARLY TRANSFORM THETAS DURING COV (THBND): 1
 PRECONDTIONING CYCLES (PRECOND):        1
 PRECONDTIONING TYPES (PRECONDS):        TOS
 FORCED PRECONDTIONING CYCLES (PFCOND):0
 PRECONDTIONING TYPE (PRETYPE):        0
 FORCED POS. DEFINITE SETTING DURING PRECONDITIONING: (FPOSDEF):0
 SIMPLE POS. DEFINITE SETTING: (POSDEF):-1
0TABLES STEP OMITTED:    NO
 NO. OF TABLES:           1
 SEED NUMBER (SEED):    11456
 NPDTYPE:    0
 INTERPTYPE:    0
 RANMETHOD:             3U
 MC SAMPLES (ESAMPLE):    300
 WRES SQUARE ROOT TYPE (WRESCHOL): EIGENVALUE
0-- TABLE   1 --
0RECORDS ONLY:    ALL
04 COLUMNS APPENDED:    NO
 PRINTED:                NO
 HEADERS:               ONE
 FILE TO BE FORWARDED:   NO
 FORMAT:                S1PE11.4
 IDFORMAT:
 LFORMAT:
 RFORMAT:
 FIXED_EFFECT_ETAS:
0USER-CHOSEN ITEMS:
 REP ID TIME DV EVID
1DOUBLE PRECISION PREDPP VERSION 7.5.1

 TWO COMPARTMENT MODEL WITH FIRST-ORDER ABSORPTION (ADVAN4)
0MAXIMUM NO. OF BASIC PK PARAMETERS:   5
0BASIC PK PARAMETERS (AFTER TRANSLATION):
   BASIC PK PARAMETER NO.  1: ELIMINATION RATE (K)
   BASIC PK PARAMETER NO.  2: CENTRAL-TO-PERIPH. RATE (K23)
   BASIC PK PARAMETER NO.  3: PERIPH.-TO-CENTRAL RATE (K32)
   BASIC PK PARAMETER NO.  5: ABSORPTION RATE (KA)
0COMPARTMENT ATTRIBUTES
 COMPT. NO.   FUNCTION   INITIAL    ON/OFF      DOSE      DEFAULT    DEFAULT
                         STATUS     ALLOWED    ALLOWED    FOR DOSE   FOR OBS.
    1         DEPOT        OFF        YES        YES        YES        NO
    2         CENTRAL      ON         NO         YES        NO         YES
    3         PERIPH.      ON         NO         YES        NO         NO
    4         OUTPUT       OFF        YES        NO         NO         NO
1
 ADDITIONAL PK PARAMETERS - ASSIGNMENT OF ROWS IN GG
 COMPT. NO.                             INDICES
              SCALE      BIOAVAIL.   ZERO-ORDER  ZERO-ORDER  ABSORB
                         FRACTION    RATE        DURATION    LAG
    1            *           *           *           *           6
    2            7           *           *           *           *
    3            *           *           *           *           *
    4            *           -           -           -           -
             - PARAMETER IS NOT ALLOWED FOR THIS MODEL
             * PARAMETER IS NOT SUPPLIED BY PK SUBROUTINE;
               WILL DEFAULT TO ONE IF APPLICABLE
0DATA ITEM INDICES USED BY PRED ARE:
   EVENT ID DATA ITEM IS DATA ITEM NO.:      6
   TIME DATA ITEM IS DATA ITEM NO.:          2
   DOSE AMOUNT DATA ITEM IS DATA ITEM NO.:   3

0PK SUBROUTINE CALLED WITH EVERY EVENT RECORD.
 PK SUBROUTINE NOT CALLED AT NONEVENT (ADDITIONAL OR LAGGED) DOSE TIMES.
0ERROR SUBROUTINE CALLED WITH EVERY EVENT RECORD.
1


 #TBLN:      1
 #METH: First Order Conditional Estimation with Interaction

 ESTIMATION STEP OMITTED:                 NO
 ANALYSIS TYPE:                           POPULATION
 NUMBER OF SADDLE POINT RESET ITERATIONS:      0
 GRADIENT METHOD USED:               NOSLOW
 CONDITIONAL ESTIMATES USED:              YES
 CENTERED ETA:                            NO
 EPS-ETA INTERACTION:                     YES
 LAPLACIAN OBJ. FUNC.:                    NO
 NO. OF FUNCT. EVALS. ALLOWED:            9999
 NO. OF SIG. FIGURES REQUIRED:            3
 INTERMEDIATE PRINTOUT:                   YES
 ESTIMATE OUTPUT TO MSF:                  YES
 IND. OBJ. FUNC. VALUES SORTED:           NO
 NUMERICAL DERIVATIVE
       FILE REQUEST (NUMDER):               NONE
 MAP (ETAHAT) ESTIMATION METHOD (OPTMAP):   0
 ETA HESSIAN EVALUATION METHOD (ETADER):    0
 INITIAL ETA FOR MAP ESTIMATION (MCETA):    0
 SIGDIGITS FOR MAP ESTIMATION (SIGLO):      100
 GRADIENT SIGDIGITS OF
       FIXED EFFECTS PARAMETERS (SIGL):     100
 NOPRIOR SETTING (NOPRIOR):                 0
 NOCOV SETTING (NOCOV):                     OFF
 DERCONT SETTING (DERCONT):                 OFF
 FINAL ETA RE-EVALUATION (FNLETA):          1
 EXCLUDE NON-INFLUENTIAL (NON-INFL.) ETAS
       IN SHRINKAGE (ETASTYPE):             NO
 NON-INFL. ETA CORRECTION (NONINFETA):      0
 RAW OUTPUT FILE (FILE): NM_5D08_15.ext
 EXCLUDE TITLE (NOTITLE):                   NO
 EXCLUDE COLUMN LABELS (NOLABEL):           NO
 FORMAT FOR ADDITIONAL FILES (FORMAT):      S1PE12.5
 PARAMETER ORDER FOR OUTPUTS (ORDER):       TSOL
 KNUTHSUMOFF:                               0
 INCLUDE LNTWOPI:                           NO
 INCLUDE CONSTANT TERM TO PRIOR (PRIORC):   NO
 INCLUDE CONSTANT TERM TO OMEGA (ETA) (OLNTWOPI):NO
 ADDITIONAL CONVERGENCE TEST (CTYPE=4)?:    NO
 EM OR BAYESIAN METHOD USED:                 NONE


 THE FOLLOWING LABELS ARE EQUIVALENT
 PRED=PREDI
 RES=RESI
 WRES=WRESI
 IWRS=IWRESI
 IPRD=IPREDI
 IRS=IRESI

 MONITORING OF SEARCH:


0ITERATION NO.:    0    OBJECTIVE VALUE:   10219.4060548239        NO. OF FUNC. EVALS.:  12
 CUMULATIVE NO. OF FUNC. EVALS.:       12
 NPARAMETR:  1.0000E+02  1.0000E+01  2.0000E+00  2.0000E-02  3.0000E-01  1.0000E-02  1.0000E-01  1.0000E-01  1.0000E-01  4.0000E-01
             1.0000E-01  1.0000E-01  1.0000E-01  1.0000E-01  1.0000E+02
 PARAMETER:  1.0000E-01  1.0000E-01  1.0000E-01  1.0000E-01  1.0000E-01  1.0000E-01  1.0000E-01  1.0000E-01  1.0000E-01  1.0000E-01
             1.0000E-01  1.0000E-01  1.0000E-01  1.0000E-01  1.0000E-01
 GRADIENT:   2.6347E+01 -1.3042E+01 -9.4508E+02 -5.0335E+01  5.0629E+01  1.0110E+03  1.3066E+03 -1.7015E+00 -7.4787E+02  2.1785E+01
            -3.9815E-02 -2.9885E+02  2.7528E+01 -6.0855E+01  3.8968E+01

0ITERATION NO.:   10    OBJECTIVE VALUE:   9063.76611126728        NO. OF FUNC. EVALS.: 140
 CUMULATIVE NO. OF FUNC. EVALS.:      152
 NPARAMETR:  1.0595E+02  1.0595E+01  1.1168E+01  1.3092E-01  1.0941E-01  6.5861E-03 -2.6707E-02  2.1073E-01  1.0133E+00  1.0829E-01
             1.1025E-01  5.0320E-04  2.3491E-02  6.6969E-02  1.0266E+00
 PARAMETER:  1.5779E-01  1.5777E-01  1.8203E+00  2.0225E+00 -9.1451E-01  9.6614E-02  6.8608E-02  8.5070E-01  1.2579E+00 -5.5333E-01
             1.4878E-01 -2.5460E+00 -6.2429E-01 -1.0047E-01 -2.1895E+00
 GRADIENT:   2.4390E+02 -3.0186E+01  6.5056E+01 -6.6887E+01 -2.1125E+02  1.9670E+03 -9.9835E+01 -3.1873E+01  7.4921E+01 -1.6088E+02
            -4.3871E+00 -4.1357E-01 -4.4164E+01 -1.0299E+02 -5.8867E+00

0ITERATION NO.:   20    OBJECTIVE VALUE:   8643.39200035333        NO. OF FUNC. EVALS.: 141
 CUMULATIVE NO. OF FUNC. EVALS.:      293
 NPARAMETR:  5.5607E+01  4.1648E+00  1.0202E+01  8.0775E-01  4.0151E-01  2.7954E-03 -4.2175E-04  2.0086E-01  2.2039E-01  1.1161E-01
             1.2611E-01  5.9539E-03  7.7400E-02  4.6950E-02  6.2787E-01
 PARAMETER: -4.8687E-01 -7.7605E-01  1.7299E+00  3.8486E+00  3.9230E-01  9.2841E-02  7.5202E-02  8.0250E-01  4.9512E-01 -5.3824E-01
             2.1598E-01 -1.3106E+00 -2.8089E-02 -2.7804E-01 -2.4353E+00
 GRADIENT:   8.6222E+01 -1.2868E+00  1.3334E+02  5.9012E+00  2.7356E+01  4.9029E+02  4.6690E+02  7.5892E+01  2.3830E-01 -5.3242E+01
            -4.0293E+01  8.8631E+00  5.3011E+00  1.1210E+02  4.9319E-01

0ITERATION NO.:   30    OBJECTIVE VALUE:   8574.69353886945        NO. OF FUNC. EVALS.: 130
 CUMULATIVE NO. OF FUNC. EVALS.:      423
 NPARAMETR:  3.3615E+01  2.4470E+00  8.0316E+00  1.3746E+00  4.1583E-01  7.1241E-04 -1.5715E-02  1.7311E-01  1.9741E-01  2.3511E-01
             2.5181E-01  1.1556E-03  5.3208E-02  3.8798E-02  9.3669E-01
 PARAMETER: -9.9022E-01 -1.3080E+00  1.4906E+00  4.3807E+00  4.2742E-01  9.0762E-02  7.1371E-02  6.5304E-01  4.4005E-01 -1.6571E-01
             5.6175E-01 -2.1303E+00 -2.1548E-01 -3.7340E-01 -2.2353E+00
 GRADIENT:  -2.9535E+00 -1.0604E+00  5.1003E+00 -2.5630E+00  7.3895E+00  2.8533E+00  1.2203E+01 -6.3647E+00  2.7925E+00  3.8144E+00
             9.0645E-01  2.3566E+00 -1.8792E-01 -7.0180E-01  6.2819E-01

0ITERATION NO.:   40    OBJECTIVE VALUE:   8562.69028468030        NO. OF FUNC. EVALS.: 270
 CUMULATIVE NO. OF FUNC. EVALS.:      693
 NPARAMETR:  1.9155E+01  1.5222E+00  8.2024E+00  2.6843E+00  4.0186E-01  3.6879E-03 -2.1503E-02  1.8898E-01  1.9131E-01  2.2620E-01
             1.6534E-01  1.5116E-05  5.6500E-02  3.8804E-02  9.2932E-01
 PARAMETER: -1.5527E+00 -1.7830E+00  1.5117E+00  5.0504E+00  3.9316E-01  9.3731E-02  6.9917E-02  7.4119E-01  4.2437E-01 -1.8502E-01
             3.5142E-01 -4.2986E+00 -1.8547E-01 -3.7332E-01 -2.2392E+00
 GRADIENT:  -2.7640E-01  1.8715E+00 -3.7071E+00 -1.3239E-01 -5.3799E+00 -2.8487E+01 -1.1985E-01 -3.9189E-01 -2.9966E-01 -1.5117E+00
             3.2490E-01  2.9184E-02 -3.0261E-01  5.6370E+00  3.4474E-01

0ITERATION NO.:   45    OBJECTIVE VALUE:   8562.65086337515        NO. OF FUNC. EVALS.: 140
 CUMULATIVE NO. OF FUNC. EVALS.:      833
 NPARAMETR:  1.9098E+01  1.5167E+00  8.2486E+00  2.6972E+00  4.0264E-01  3.8483E-03 -2.1637E-02  1.8925E-01  1.9162E-01  2.2970E-01
             1.6422E-01  1.4548E-05  5.6815E-02  3.8669E-02  8.8027E-01
 PARAMETER: -1.5556E+00 -1.7866E+00  1.5173E+00  5.0552E+00  3.9512E-01  9.3891E-02  6.9884E-02  7.4264E-01  4.2516E-01 -1.7735E-01
             3.4802E-01 -4.3177E+00 -1.8268E-01 -3.7506E-01 -2.2663E+00
 GRADIENT:   1.7068E-02  1.1628E-02  2.0400E-02  1.1054E-01 -8.0063E-02  5.5922E-01 -5.9266E-02  2.8221E-02  5.4793E-02 -5.3649E-03
            -1.0305E-02  2.8037E-02 -5.8200E-04  2.2821E-02 -1.8881E-03

 #TERM:
0MINIMIZATION SUCCESSFUL
 NO. OF FUNCTION EVALUATIONS USED:      833
 NO. OF SIG. DIGITS IN FINAL EST.:  3.4

 ETABAR IS THE ARITHMETIC MEAN OF THE ETA-ESTIMATES,
 AND THE P-VALUE IS GIVEN FOR THE NULL HYPOTHESIS THAT THE TRUE MEAN IS 0.

 ETABAR:         4.3627E-03 -1.3632E-02 -8.0260E-03 -6.6354E-06  1.1781E-05 -4.8145E-06  2.0767E-02 -7.4256E-03 -1.6714E-02
 SE:             5.1463E-02  5.3206E-02  4.3947E-02  6.1095E-06  5.1294E-06  4.3325E-06  1.5746E-02  1.1256E-02  1.5584E-02
 N:                      66          66          66          66          66          66          66          66          66

 P VAL.:         9.3244E-01  7.9778E-01  8.5509E-01  2.7744E-01  2.1631E-02  2.6646E-01  1.8722E-01  5.0944E-01  2.8349E-01

 ETASHRINKSD(%)  4.4891E+00  9.8108E+00  1.1898E+01  9.8699E+01  9.8907E+01  9.9077E+01  4.6331E+01  6.1637E+01  4.6887E+01
 ETASHRINKVR(%)  8.7767E+00  1.8659E+01  2.2381E+01  9.9983E+01  9.9988E+01  9.9991E+01  7.1197E+01  8.5283E+01  7.1790E+01
 EBVSHRINKSD(%)  3.4546E+00  9.4369E+00  1.1749E+01  9.8313E+01  9.8678E+01  9.8809E+01  4.1954E+01  6.0037E+01  5.3861E+01
 EBVSHRINKVR(%)  6.7899E+00  1.7983E+01  2.2118E+01  9.9972E+01  9.9983E+01  9.9986E+01  6.6307E+01  8.4029E+01  7.8712E+01
 RELATIVEINF(%)  1.0960E-09  0.0000E+00  7.7479E+01  0.0000E+00  0.0000E+00  0.0000E+00  0.0000E+00  0.0000E+00  0.0000E+00
 EPSSHRINKSD(%)  1.1081E+01  1.1081E+01
 EPSSHRINKVR(%)  2.0935E+01  2.0935E+01

  
 TOTAL DATA POINTS NORMALLY DISTRIBUTED (N):          951
 N*LOG(2PI) CONSTANT TO OBJECTIVE FUNCTION:    1747.8210901552875     
 OBJECTIVE FUNCTION VALUE WITHOUT CONSTANT:    8562.6508633751546     
 OBJECTIVE FUNCTION VALUE WITH CONSTANT:       10310.471953530443     
 REPORTED OBJECTIVE FUNCTION DOES NOT CONTAIN CONSTANT
  
 TOTAL EFFECTIVE ETAS (NIND*NETA):                           498
  
 #TERE:
 Elapsed estimation  time in seconds:    39.26
 TESTING R MATRIX FOR POSITIVE DEFINITNESS
 R MATRIX IS POSITIVE DEFINITE
 Elapsed covariance  time in seconds:    31.24
 Elapsed postprocess time in seconds:     0.11
1
 
 
 
 
 
 
 
 
 
 
 
 
 
 
 
 
 
 
 
 
 ************************************************************************************************************************
 ********************                                                                                ********************
 ********************               FIRST ORDER CONDITIONAL ESTIMATION WITH INTERACTION              ********************
 #OBJT:**************                       MINIMUM VALUE OF OBJECTIVE FUNCTION                      ********************
 ********************                                                                                ********************
 ************************************************************************************************************************
 





 #OBJV:********************************************     8562.651       **************************************************
1
 ************************************************************************************************************************
 ********************                                                                                ********************
 ********************               FIRST ORDER CONDITIONAL ESTIMATION WITH INTERACTION              ********************
 ********************                             FINAL PARAMETER ESTIMATE                           ********************
 ********************                                                                                ********************
 ************************************************************************************************************************
 


 THETA - VECTOR OF FIXED EFFECTS PARAMETERS   *********


         TH 1      TH 2      TH 3      TH 4      TH 5      TH 6      TH 7      TH 8     
 
         1.91E+01  1.52E+00  8.25E+00  2.70E+00  4.03E-01  3.85E-03 -2.16E-02  1.89E-01
 


 OMEGA - COV MATRIX FOR RANDOM EFFECTS - ETAS  ********


         ETA1      ETA2      ETA3      ETA4      ETA5      ETA6      ETA7      ETA8      ETA9     
 
 ETA1
+        1.92E-01
 
 ETA2
+        0.00E+00  2.30E-01
 
 ETA3
+        0.00E+00  0.00E+00  1.64E-01
 
 ETA4
+        0.00E+00  0.00E+00  0.00E+00  1.45E-05
 
 ETA5
+        0.00E+00  0.00E+00  0.00E+00  0.00E+00  1.45E-05
 
 ETA6
+        0.00E+00  0.00E+00  0.00E+00  0.00E+00  0.00E+00  1.45E-05
 
 ETA7
+        0.00E+00  0.00E+00  0.00E+00  0.00E+00  0.00E+00  0.00E+00  5.68E-02
 
 ETA8
+        0.00E+00  0.00E+00  0.00E+00  0.00E+00  0.00E+00  0.00E+00  0.00E+00  5.68E-02
 
 ETA9
+        0.00E+00  0.00E+00  0.00E+00  0.00E+00  0.00E+00  0.00E+00  0.00E+00  0.00E+00  5.68E-02
 


 SIGMA - COV MATRIX FOR RANDOM EFFECTS - EPSILONS  ****


         EPS1      EPS2     
 
 EPS1
+        3.87E-02
 
 EPS2
+        0.00E+00  8.80E-01
 
1


 OMEGA - CORR MATRIX FOR RANDOM EFFECTS - ETAS  *******


         ETA1      ETA2      ETA3      ETA4      ETA5      ETA6      ETA7      ETA8      ETA9     
 
 ETA1
+        4.38E-01
 
 ETA2
+        0.00E+00  4.79E-01
 
 ETA3
+        0.00E+00  0.00E+00  4.05E-01
 
 ETA4
+        0.00E+00  0.00E+00  0.00E+00  3.81E-03
 
 ETA5
+        0.00E+00  0.00E+00  0.00E+00  0.00E+00  3.81E-03
 
 ETA6
+        0.00E+00  0.00E+00  0.00E+00  0.00E+00  0.00E+00  3.81E-03
 
 ETA7
+        0.00E+00  0.00E+00  0.00E+00  0.00E+00  0.00E+00  0.00E+00  2.38E-01
 
 ETA8
+        0.00E+00  0.00E+00  0.00E+00  0.00E+00  0.00E+00  0.00E+00  0.00E+00  2.38E-01
 
 ETA9
+        0.00E+00  0.00E+00  0.00E+00  0.00E+00  0.00E+00  0.00E+00  0.00E+00  0.00E+00  2.38E-01
 


 SIGMA - CORR MATRIX FOR RANDOM EFFECTS - EPSILONS  ***


         EPS1      EPS2     
 
 EPS1
+        1.97E-01
 
 EPS2
+        0.00E+00  9.38E-01
 
1
 ************************************************************************************************************************
 ********************                                                                                ********************
 ********************               FIRST ORDER CONDITIONAL ESTIMATION WITH INTERACTION              ********************
 ********************                            STANDARD ERROR OF ESTIMATE                          ********************
 ********************                                                                                ********************
 ************************************************************************************************************************
 


 THETA - VECTOR OF FIXED EFFECTS PARAMETERS   *********


         TH 1      TH 2      TH 3      TH 4      TH 5      TH 6      TH 7      TH 8     
 
         3.24E+00  1.78E-01  4.60E-01  4.02E-01  1.83E-02  3.31E-03  1.67E-02  7.87E-03
 


 OMEGA - COV MATRIX FOR RANDOM EFFECTS - ETAS  ********


         ETA1      ETA2      ETA3      ETA4      ETA5      ETA6      ETA7      ETA8      ETA9     
 
 ETA1
+        3.61E-02
 
 ETA2
+       .........  4.85E-02
 
 ETA3
+       ......... .........  3.90E-02
 
 ETA4
+       ......... ......... .........  1.74E-04
 
 ETA5
+       ......... ......... ......... ......... .........
 
 ETA6
+       ......... ......... ......... ......... ......... .........
 
 ETA7
+       ......... ......... ......... ......... ......... .........  1.48E-02
 
 ETA8
+       ......... ......... ......... ......... ......... ......... ......... .........
 
 ETA9
+       ......... ......... ......... ......... ......... ......... ......... ......... .........
 


 SIGMA - COV MATRIX FOR RANDOM EFFECTS - EPSILONS  ****


         EPS1      EPS2     
 
 EPS1
+        2.16E-03
 
 EPS2
+       .........  7.60E-01
 
1


 OMEGA - CORR MATRIX FOR RANDOM EFFECTS - ETAS  *******


         ETA1      ETA2      ETA3      ETA4      ETA5      ETA6      ETA7      ETA8      ETA9     
 
 ETA1
+        4.12E-02
 
 ETA2
+       .........  5.06E-02
 
 ETA3
+       ......... .........  4.81E-02
 
 ETA4
+       ......... ......... .........  2.28E-02
 
 ETA5
+       ......... ......... ......... ......... .........
 
 ETA6
+       ......... ......... ......... ......... ......... .........
 
 ETA7
+       ......... ......... ......... ......... ......... .........  3.10E-02
 
 ETA8
+       ......... ......... ......... ......... ......... ......... ......... .........
 
 ETA9
+       ......... ......... ......... ......... ......... ......... ......... ......... .........
 


 SIGMA - CORR MATRIX FOR RANDOM EFFECTS - EPSILONS  ***


         EPS1      EPS2     
 
 EPS1
+        5.49E-03
 
 EPS2
+       .........  4.05E-01
 
1
 ************************************************************************************************************************
 ********************                                                                                ********************
 ********************               FIRST ORDER CONDITIONAL ESTIMATION WITH INTERACTION              ********************
 ********************                          COVARIANCE MATRIX OF ESTIMATE                         ********************
 ********************                                                                                ********************
 ************************************************************************************************************************
 

            TH 1      TH 2      TH 3      TH 4      TH 5      TH 6      TH 7      TH 8      OM11      OM12      OM13      OM14  
             OM15      OM16      OM17      OM18      OM19      OM22      OM23      OM24      OM25      OM26      OM27      OM28  
            OM29      OM33      OM34      OM35      OM36      OM37      OM38      OM39      OM44      OM45      OM46      OM47  
             OM48      OM49      OM55      OM56      OM57      OM58      OM59      OM66      OM67      OM68      OM69      OM77  
            OM78      OM79      OM88      OM89      OM99      SG11      SG12      SG22  
 
 TH 1
+        1.05E+01
 
 TH 2
+        4.60E-01  3.17E-02
 
 TH 3
+        1.10E-02  4.27E-04  2.12E-01
 
 TH 4
+       -1.19E+00 -5.86E-02 -9.78E-04  1.62E-01
 
 TH 5
+        3.71E-02  2.29E-03  2.75E-04 -4.06E-03  3.36E-04
 
 TH 6
+       -2.69E-04  3.23E-06 -1.95E-05 -5.19E-06 -3.35E-08  1.09E-05
 
 TH 7
+        5.66E-04  1.11E-04  6.90E-05 -4.70E-04  8.17E-06 -3.33E-07  2.79E-04
 
 TH 8
+       -1.38E-02 -5.49E-04  6.01E-06  2.04E-03 -2.55E-05  4.06E-08 -8.48E-06  6.19E-05
 
 OM11
+       -9.01E-04 -1.13E-04 -8.03E-04  1.39E-04 -3.94E-05  1.44E-06 -5.19E-06  1.75E-06  1.30E-03
 
 OM12
+       ......... ......... ......... ......... ......... ......... ......... ......... ......... .........
 
 OM13
+       ......... ......... ......... ......... ......... ......... ......... ......... ......... ......... .........
 
 OM14
+       ......... ......... ......... ......... ......... ......... ......... ......... ......... ......... ......... .........
 
 OM15
+       ......... ......... ......... ......... ......... ......... ......... ......... ......... ......... ......... .........
         .........
 
 OM16
+       ......... ......... ......... ......... ......... ......... ......... ......... ......... ......... ......... .........
         ......... .........
 
 OM17
+       ......... ......... ......... ......... ......... ......... ......... ......... ......... ......... ......... .........
         ......... ......... .........
 
 OM18
+       ......... ......... ......... ......... ......... ......... ......... ......... ......... ......... ......... .........
         ......... ......... ......... .........
 
 OM19
+       ......... ......... ......... ......... ......... ......... ......... ......... ......... ......... ......... .........
         ......... ......... ......... ......... .........
 
 OM22
+       -7.32E-03 -4.78E-04 -4.93E-04  1.12E-03 -5.90E-05  1.55E-06 -2.22E-05  1.08E-05  6.66E-05 ......... ......... .........
         ......... ......... ......... ......... .........  2.35E-03
 
1

            TH 1      TH 2      TH 3      TH 4      TH 5      TH 6      TH 7      TH 8      OM11      OM12      OM13      OM14  
             OM15      OM16      OM17      OM18      OM19      OM22      OM23      OM24      OM25      OM26      OM27      OM28  
            OM29      OM33      OM34      OM35      OM36      OM37      OM38      OM39      OM44      OM45      OM46      OM47  
             OM48      OM49      OM55      OM56      OM57      OM58      OM59      OM66      OM67      OM68      OM69      OM77  
            OM78      OM79      OM88      OM89      OM99      SG11      SG12      SG22  
 
 OM23
+       ......... ......... ......... ......... ......... ......... ......... ......... ......... ......... ......... .........
         ......... ......... ......... ......... ......... ......... .........
 
 OM24
+       ......... ......... ......... ......... ......... ......... ......... ......... ......... ......... ......... .........
         ......... ......... ......... ......... ......... ......... ......... .........
 
 OM25
+       ......... ......... ......... ......... ......... ......... ......... ......... ......... ......... ......... .........
         ......... ......... ......... ......... ......... ......... ......... ......... .........
 
 OM26
+       ......... ......... ......... ......... ......... ......... ......... ......... ......... ......... ......... .........
         ......... ......... ......... ......... ......... ......... ......... ......... ......... .........
 
 OM27
+       ......... ......... ......... ......... ......... ......... ......... ......... ......... ......... ......... .........
         ......... ......... ......... ......... ......... ......... ......... ......... ......... ......... .........
 
 OM28
+       ......... ......... ......... ......... ......... ......... ......... ......... ......... ......... ......... .........
         ......... ......... ......... ......... ......... ......... ......... ......... ......... ......... ......... .........
 
 OM29
+       ......... ......... ......... ......... ......... ......... ......... ......... ......... ......... ......... .........
         ......... ......... ......... ......... ......... ......... ......... ......... ......... ......... ......... .........
        .........
 
 OM33
+        3.54E-02  1.92E-03  7.12E-05 -5.05E-03  1.11E-04 -3.17E-08  2.33E-06 -6.43E-05 -1.48E-05 ......... ......... .........
         ......... ......... ......... ......... ......... -3.84E-05 ......... ......... ......... ......... ......... .........
        .........  1.52E-03
 
 OM34
+       ......... ......... ......... ......... ......... ......... ......... ......... ......... ......... ......... .........
         ......... ......... ......... ......... ......... ......... ......... ......... ......... ......... ......... .........
        ......... ......... .........
 
 OM35
+       ......... ......... ......... ......... ......... ......... ......... ......... ......... ......... ......... .........
         ......... ......... ......... ......... ......... ......... ......... ......... ......... ......... ......... .........
        ......... ......... ......... .........
 
 OM36
+       ......... ......... ......... ......... ......... ......... ......... ......... ......... ......... ......... .........
         ......... ......... ......... ......... ......... ......... ......... ......... ......... ......... ......... .........
        ......... ......... ......... ......... .........
 
 OM37
+       ......... ......... ......... ......... ......... ......... ......... ......... ......... ......... ......... .........
         ......... ......... ......... ......... ......... ......... ......... ......... ......... ......... ......... .........
        ......... ......... ......... ......... ......... .........
 
 OM38
+       ......... ......... ......... ......... ......... ......... ......... ......... ......... ......... ......... .........
         ......... ......... ......... ......... ......... ......... ......... ......... ......... ......... ......... .........
        ......... ......... ......... ......... ......... ......... .........
 
1

            TH 1      TH 2      TH 3      TH 4      TH 5      TH 6      TH 7      TH 8      OM11      OM12      OM13      OM14  
             OM15      OM16      OM17      OM18      OM19      OM22      OM23      OM24      OM25      OM26      OM27      OM28  
            OM29      OM33      OM34      OM35      OM36      OM37      OM38      OM39      OM44      OM45      OM46      OM47  
             OM48      OM49      OM55      OM56      OM57      OM58      OM59      OM66      OM67      OM68      OM69      OM77  
            OM78      OM79      OM88      OM89      OM99      SG11      SG12      SG22  
 
 OM39
+       ......... ......... ......... ......... ......... ......... ......... ......... ......... ......... ......... .........
         ......... ......... ......... ......... ......... ......... ......... ......... ......... ......... ......... .........
        ......... ......... ......... ......... ......... ......... ......... .........
 
 OM44
+       -5.37E-07 -5.42E-08  1.71E-07  8.58E-08 -1.15E-08 -5.09E-10  3.56E-10  7.63E-10 -1.26E-08 ......... ......... .........
         ......... ......... ......... ......... ......... -8.64E-09 ......... ......... ......... ......... ......... .........
        ......... -2.30E-10 ......... ......... ......... ......... ......... .........  3.02E-08
 
 OM45
+       ......... ......... ......... ......... ......... ......... ......... ......... ......... ......... ......... .........
         ......... ......... ......... ......... ......... ......... ......... ......... ......... ......... ......... .........
        ......... ......... ......... ......... ......... ......... ......... ......... ......... .........
 
 OM46
+       ......... ......... ......... ......... ......... ......... ......... ......... ......... ......... ......... .........
         ......... ......... ......... ......... ......... ......... ......... ......... ......... ......... ......... .........
        ......... ......... ......... ......... ......... ......... ......... ......... ......... ......... .........
 
 OM47
+       ......... ......... ......... ......... ......... ......... ......... ......... ......... ......... ......... .........
         ......... ......... ......... ......... ......... ......... ......... ......... ......... ......... ......... .........
        ......... ......... ......... ......... ......... ......... ......... ......... ......... ......... ......... .........
 
 OM48
+       ......... ......... ......... ......... ......... ......... ......... ......... ......... ......... ......... .........
         ......... ......... ......... ......... ......... ......... ......... ......... ......... ......... ......... .........
        ......... ......... ......... ......... ......... ......... ......... ......... ......... ......... ......... .........
         .........
 
 OM49
+       ......... ......... ......... ......... ......... ......... ......... ......... ......... ......... ......... .........
         ......... ......... ......... ......... ......... ......... ......... ......... ......... ......... ......... .........
        ......... ......... ......... ......... ......... ......... ......... ......... ......... ......... ......... .........
         ......... .........
 
 OM55
+       ......... ......... ......... ......... ......... ......... ......... ......... ......... ......... ......... .........
         ......... ......... ......... ......... ......... ......... ......... ......... ......... ......... ......... .........
        ......... ......... ......... ......... ......... ......... ......... ......... ......... ......... ......... .........
         ......... ......... .........
 
 OM56
+       ......... ......... ......... ......... ......... ......... ......... ......... ......... ......... ......... .........
         ......... ......... ......... ......... ......... ......... ......... ......... ......... ......... ......... .........
        ......... ......... ......... ......... ......... ......... ......... ......... ......... ......... ......... .........
         ......... ......... ......... .........
 
 OM57
+       ......... ......... ......... ......... ......... ......... ......... ......... ......... ......... ......... .........
         ......... ......... ......... ......... ......... ......... ......... ......... ......... ......... ......... .........
        ......... ......... ......... ......... ......... ......... ......... ......... ......... ......... ......... .........
         ......... ......... ......... ......... .........
 
1

            TH 1      TH 2      TH 3      TH 4      TH 5      TH 6      TH 7      TH 8      OM11      OM12      OM13      OM14  
             OM15      OM16      OM17      OM18      OM19      OM22      OM23      OM24      OM25      OM26      OM27      OM28  
            OM29      OM33      OM34      OM35      OM36      OM37      OM38      OM39      OM44      OM45      OM46      OM47  
             OM48      OM49      OM55      OM56      OM57      OM58      OM59      OM66      OM67      OM68      OM69      OM77  
            OM78      OM79      OM88      OM89      OM99      SG11      SG12      SG22  
 
 OM58
+       ......... ......... ......... ......... ......... ......... ......... ......... ......... ......... ......... .........
         ......... ......... ......... ......... ......... ......... ......... ......... ......... ......... ......... .........
        ......... ......... ......... ......... ......... ......... ......... ......... ......... ......... ......... .........
         ......... ......... ......... ......... ......... .........
 
 OM59
+       ......... ......... ......... ......... ......... ......... ......... ......... ......... ......... ......... .........
         ......... ......... ......... ......... ......... ......... ......... ......... ......... ......... ......... .........
        ......... ......... ......... ......... ......... ......... ......... ......... ......... ......... ......... .........
         ......... ......... ......... ......... ......... ......... .........
 
 OM66
+       ......... ......... ......... ......... ......... ......... ......... ......... ......... ......... ......... .........
         ......... ......... ......... ......... ......... ......... ......... ......... ......... ......... ......... .........
        ......... ......... ......... ......... ......... ......... ......... ......... ......... ......... ......... .........
         ......... ......... ......... ......... ......... ......... ......... .........
 
 OM67
+       ......... ......... ......... ......... ......... ......... ......... ......... ......... ......... ......... .........
         ......... ......... ......... ......... ......... ......... ......... ......... ......... ......... ......... .........
        ......... ......... ......... ......... ......... ......... ......... ......... ......... ......... ......... .........
         ......... ......... ......... ......... ......... ......... ......... ......... .........
 
 OM68
+       ......... ......... ......... ......... ......... ......... ......... ......... ......... ......... ......... .........
         ......... ......... ......... ......... ......... ......... ......... ......... ......... ......... ......... .........
        ......... ......... ......... ......... ......... ......... ......... ......... ......... ......... ......... .........
         ......... ......... ......... ......... ......... ......... ......... ......... ......... .........
 
 OM69
+       ......... ......... ......... ......... ......... ......... ......... ......... ......... ......... ......... .........
         ......... ......... ......... ......... ......... ......... ......... ......... ......... ......... ......... .........
        ......... ......... ......... ......... ......... ......... ......... ......... ......... ......... ......... .........
         ......... ......... ......... ......... ......... ......... ......... ......... ......... ......... .........
 
 OM77
+       -2.04E-03 -9.47E-05  1.71E-05  2.23E-04 -9.10E-06  1.26E-06 -2.23E-06  3.08E-06 -1.16E-05 ......... ......... .........
         ......... ......... ......... ......... ......... -9.80E-05 ......... ......... ......... ......... ......... .........
        ......... -2.55E-06 ......... ......... ......... ......... ......... ......... -8.18E-09 ......... ......... .........
         ......... ......... ......... ......... ......... ......... ......... ......... ......... ......... .........  2.19E-04
 
 OM78
+       ......... ......... ......... ......... ......... ......... ......... ......... ......... ......... ......... .........
         ......... ......... ......... ......... ......... ......... ......... ......... ......... ......... ......... .........
        ......... ......... ......... ......... ......... ......... ......... ......... ......... ......... ......... .........
         ......... ......... ......... ......... ......... ......... ......... ......... ......... ......... ......... .........
        .........
 
 OM79
+       ......... ......... ......... ......... ......... ......... ......... ......... ......... ......... ......... .........
         ......... ......... ......... ......... ......... ......... ......... ......... ......... ......... ......... .........
        ......... ......... ......... ......... ......... ......... ......... ......... ......... ......... ......... .........
         ......... ......... ......... ......... ......... ......... ......... ......... ......... ......... ......... .........
        ......... .........
 
1

            TH 1      TH 2      TH 3      TH 4      TH 5      TH 6      TH 7      TH 8      OM11      OM12      OM13      OM14  
             OM15      OM16      OM17      OM18      OM19      OM22      OM23      OM24      OM25      OM26      OM27      OM28  
            OM29      OM33      OM34      OM35      OM36      OM37      OM38      OM39      OM44      OM45      OM46      OM47  
             OM48      OM49      OM55      OM56      OM57      OM58      OM59      OM66      OM67      OM68      OM69      OM77  
            OM78      OM79      OM88      OM89      OM99      SG11      SG12      SG22  
 
 OM88
+       ......... ......... ......... ......... ......... ......... ......... ......... ......... ......... ......... .........
         ......... ......... ......... ......... ......... ......... ......... ......... ......... ......... ......... .........
        ......... ......... ......... ......... ......... ......... ......... ......... ......... ......... ......... .........
         ......... ......... ......... ......... ......... ......... ......... ......... ......... ......... ......... .........
        ......... ......... .........
 
 OM89
+       ......... ......... ......... ......... ......... ......... ......... ......... ......... ......... ......... .........
         ......... ......... ......... ......... ......... ......... ......... ......... ......... ......... ......... .........
        ......... ......... ......... ......... ......... ......... ......... ......... ......... ......... ......... .........
         ......... ......... ......... ......... ......... ......... ......... ......... ......... ......... ......... .........
        ......... ......... ......... .........
 
 OM99
+       ......... ......... ......... ......... ......... ......... ......... ......... ......... ......... ......... .........
         ......... ......... ......... ......... ......... ......... ......... ......... ......... ......... ......... .........
        ......... ......... ......... ......... ......... ......... ......... ......... ......... ......... ......... .........
         ......... ......... ......... ......... ......... ......... ......... ......... ......... ......... ......... .........
        ......... ......... ......... ......... .........
 
 SG11
+       -1.85E-04 -1.47E-05  4.48E-05  3.97E-05 -4.46E-07 -6.69E-08  1.33E-07  3.50E-07 -1.63E-06 ......... ......... .........
         ......... ......... ......... ......... ......... -1.35E-06 ......... ......... ......... ......... ......... .........
        ......... -5.94E-06 ......... ......... ......... ......... ......... .........  7.96E-11 ......... ......... .........
         ......... ......... ......... ......... ......... ......... ......... ......... ......... ......... ......... -1.46E-06
        ......... ......... ......... ......... .........  4.66E-06
 
 SG12
+       ......... ......... ......... ......... ......... ......... ......... ......... ......... ......... ......... .........
         ......... ......... ......... ......... ......... ......... ......... ......... ......... ......... ......... .........
        ......... ......... ......... ......... ......... ......... ......... ......... ......... ......... ......... .........
         ......... ......... ......... ......... ......... ......... ......... ......... ......... ......... ......... .........
        ......... ......... ......... ......... ......... ......... .........
 
 SG22
+        6.61E-03 -3.74E-04  5.32E-05  6.99E-04 -7.61E-05 -6.16E-05  5.91E-04  1.82E-05  8.18E-04 ......... ......... .........
         ......... ......... ......... ......... .........  1.12E-03 ......... ......... ......... ......... ......... .........
        .........  1.02E-04 ......... ......... ......... ......... ......... ......... -2.87E-07 ......... ......... .........
         ......... ......... ......... ......... ......... ......... ......... ......... ......... ......... ......... -1.23E-03
        ......... ......... ......... ......... ......... -2.18E-04 .........  5.77E-01
 
1
 ************************************************************************************************************************
 ********************                                                                                ********************
 ********************               FIRST ORDER CONDITIONAL ESTIMATION WITH INTERACTION              ********************
 ********************                          CORRELATION MATRIX OF ESTIMATE                        ********************
 ********************                                                                                ********************
 ************************************************************************************************************************
 

            TH 1      TH 2      TH 3      TH 4      TH 5      TH 6      TH 7      TH 8      OM11      OM12      OM13      OM14  
             OM15      OM16      OM17      OM18      OM19      OM22      OM23      OM24      OM25      OM26      OM27      OM28  
            OM29      OM33      OM34      OM35      OM36      OM37      OM38      OM39      OM44      OM45      OM46      OM47  
             OM48      OM49      OM55      OM56      OM57      OM58      OM59      OM66      OM67      OM68      OM69      OM77  
            OM78      OM79      OM88      OM89      OM99      SG11      SG12      SG22  
 
 TH 1
+        3.24E+00
 
 TH 2
+        7.97E-01  1.78E-01
 
 TH 3
+        7.35E-03  5.20E-03  4.60E-01
 
 TH 4
+       -9.09E-01 -8.18E-01 -5.28E-03  4.02E-01
 
 TH 5
+        6.24E-01  7.00E-01  3.25E-02 -5.51E-01  1.83E-02
 
 TH 6
+       -2.51E-02  5.49E-03 -1.28E-02 -3.90E-03 -5.52E-04  3.31E-03
 
 TH 7
+        1.05E-02  3.72E-02  8.97E-03 -7.00E-02  2.67E-02 -6.04E-03  1.67E-02
 
 TH 8
+       -5.40E-01 -3.92E-01  1.66E-03  6.44E-01 -1.77E-01  1.56E-03 -6.46E-02  7.87E-03
 
 OM11
+       -7.70E-03 -1.76E-02 -4.84E-02  9.56E-03 -5.95E-02  1.21E-02 -8.63E-03  6.16E-03  3.61E-02
 
 OM12
+       ......... ......... ......... ......... ......... ......... ......... ......... ......... .........
 
 OM13
+       ......... ......... ......... ......... ......... ......... ......... ......... ......... ......... .........
 
 OM14
+       ......... ......... ......... ......... ......... ......... ......... ......... ......... ......... ......... .........
 
 OM15
+       ......... ......... ......... ......... ......... ......... ......... ......... ......... ......... ......... .........
         .........
 
 OM16
+       ......... ......... ......... ......... ......... ......... ......... ......... ......... ......... ......... .........
         ......... .........
 
 OM17
+       ......... ......... ......... ......... ......... ......... ......... ......... ......... ......... ......... .........
         ......... ......... .........
 
 OM18
+       ......... ......... ......... ......... ......... ......... ......... ......... ......... ......... ......... .........
         ......... ......... ......... .........
 
 OM19
+       ......... ......... ......... ......... ......... ......... ......... ......... ......... ......... ......... .........
         ......... ......... ......... ......... .........
 
 OM22
+       -4.65E-02 -5.53E-02 -2.21E-02  5.76E-02 -6.63E-02  9.66E-03 -2.74E-02  2.84E-02  3.81E-02 ......... ......... .........
         ......... ......... ......... ......... .........  4.85E-02
 
1

            TH 1      TH 2      TH 3      TH 4      TH 5      TH 6      TH 7      TH 8      OM11      OM12      OM13      OM14  
             OM15      OM16      OM17      OM18      OM19      OM22      OM23      OM24      OM25      OM26      OM27      OM28  
            OM29      OM33      OM34      OM35      OM36      OM37      OM38      OM39      OM44      OM45      OM46      OM47  
             OM48      OM49      OM55      OM56      OM57      OM58      OM59      OM66      OM67      OM68      OM69      OM77  
            OM78      OM79      OM88      OM89      OM99      SG11      SG12      SG22  
 
 OM23
+       ......... ......... ......... ......... ......... ......... ......... ......... ......... ......... ......... .........
         ......... ......... ......... ......... ......... ......... .........
 
 OM24
+       ......... ......... ......... ......... ......... ......... ......... ......... ......... ......... ......... .........
         ......... ......... ......... ......... ......... ......... ......... .........
 
 OM25
+       ......... ......... ......... ......... ......... ......... ......... ......... ......... ......... ......... .........
         ......... ......... ......... ......... ......... ......... ......... ......... .........
 
 OM26
+       ......... ......... ......... ......... ......... ......... ......... ......... ......... ......... ......... .........
         ......... ......... ......... ......... ......... ......... ......... ......... ......... .........
 
 OM27
+       ......... ......... ......... ......... ......... ......... ......... ......... ......... ......... ......... .........
         ......... ......... ......... ......... ......... ......... ......... ......... ......... ......... .........
 
 OM28
+       ......... ......... ......... ......... ......... ......... ......... ......... ......... ......... ......... .........
         ......... ......... ......... ......... ......... ......... ......... ......... ......... ......... ......... .........
 
 OM29
+       ......... ......... ......... ......... ......... ......... ......... ......... ......... ......... ......... .........
         ......... ......... ......... ......... ......... ......... ......... ......... ......... ......... ......... .........
        .........
 
 OM33
+        2.80E-01  2.76E-01  3.97E-03 -3.22E-01  1.56E-01 -2.46E-04  3.59E-03 -2.10E-01 -1.05E-02 ......... ......... .........
         ......... ......... ......... ......... ......... -2.03E-02 ......... ......... ......... ......... ......... .........
        .........  3.90E-02
 
 OM34
+       ......... ......... ......... ......... ......... ......... ......... ......... ......... ......... ......... .........
         ......... ......... ......... ......... ......... ......... ......... ......... ......... ......... ......... .........
        ......... ......... .........
 
 OM35
+       ......... ......... ......... ......... ......... ......... ......... ......... ......... ......... ......... .........
         ......... ......... ......... ......... ......... ......... ......... ......... ......... ......... ......... .........
        ......... ......... ......... .........
 
 OM36
+       ......... ......... ......... ......... ......... ......... ......... ......... ......... ......... ......... .........
         ......... ......... ......... ......... ......... ......... ......... ......... ......... ......... ......... .........
        ......... ......... ......... ......... .........
 
 OM37
+       ......... ......... ......... ......... ......... ......... ......... ......... ......... ......... ......... .........
         ......... ......... ......... ......... ......... ......... ......... ......... ......... ......... ......... .........
        ......... ......... ......... ......... ......... .........
 
 OM38
+       ......... ......... ......... ......... ......... ......... ......... ......... ......... ......... ......... .........
         ......... ......... ......... ......... ......... ......... ......... ......... ......... ......... ......... .........
        ......... ......... ......... ......... ......... ......... .........
 
1

            TH 1      TH 2      TH 3      TH 4      TH 5      TH 6      TH 7      TH 8      OM11      OM12      OM13      OM14  
             OM15      OM16      OM17      OM18      OM19      OM22      OM23      OM24      OM25      OM26      OM27      OM28  
            OM29      OM33      OM34      OM35      OM36      OM37      OM38      OM39      OM44      OM45      OM46      OM47  
             OM48      OM49      OM55      OM56      OM57      OM58      OM59      OM66      OM67      OM68      OM69      OM77  
            OM78      OM79      OM88      OM89      OM99      SG11      SG12      SG22  
 
 OM39
+       ......... ......... ......... ......... ......... ......... ......... ......... ......... ......... ......... .........
         ......... ......... ......... ......... ......... ......... ......... ......... ......... ......... ......... .........
        ......... ......... ......... ......... ......... ......... ......... .........
 
 OM44
+       -9.54E-04 -1.75E-03  2.14E-03  1.23E-03 -3.60E-03 -8.86E-04  1.23E-04  5.58E-04 -2.01E-03 ......... ......... .........
         ......... ......... ......... ......... ......... -1.02E-03 ......... ......... ......... ......... ......... .........
        ......... -3.39E-05 ......... ......... ......... ......... ......... .........  1.74E-04
 
 OM45
+       ......... ......... ......... ......... ......... ......... ......... ......... ......... ......... ......... .........
         ......... ......... ......... ......... ......... ......... ......... ......... ......... ......... ......... .........
        ......... ......... ......... ......... ......... ......... ......... ......... ......... .........
 
 OM46
+       ......... ......... ......... ......... ......... ......... ......... ......... ......... ......... ......... .........
         ......... ......... ......... ......... ......... ......... ......... ......... ......... ......... ......... .........
        ......... ......... ......... ......... ......... ......... ......... ......... ......... ......... .........
 
 OM47
+       ......... ......... ......... ......... ......... ......... ......... ......... ......... ......... ......... .........
         ......... ......... ......... ......... ......... ......... ......... ......... ......... ......... ......... .........
        ......... ......... ......... ......... ......... ......... ......... ......... ......... ......... ......... .........
 
 OM48
+       ......... ......... ......... ......... ......... ......... ......... ......... ......... ......... ......... .........
         ......... ......... ......... ......... ......... ......... ......... ......... ......... ......... ......... .........
        ......... ......... ......... ......... ......... ......... ......... ......... ......... ......... ......... .........
         .........
 
 OM49
+       ......... ......... ......... ......... ......... ......... ......... ......... ......... ......... ......... .........
         ......... ......... ......... ......... ......... ......... ......... ......... ......... ......... ......... .........
        ......... ......... ......... ......... ......... ......... ......... ......... ......... ......... ......... .........
         ......... .........
 
 OM55
+       ......... ......... ......... ......... ......... ......... ......... ......... ......... ......... ......... .........
         ......... ......... ......... ......... ......... ......... ......... ......... ......... ......... ......... .........
        ......... ......... ......... ......... ......... ......... ......... ......... ......... ......... ......... .........
         ......... ......... .........
 
 OM56
+       ......... ......... ......... ......... ......... ......... ......... ......... ......... ......... ......... .........
         ......... ......... ......... ......... ......... ......... ......... ......... ......... ......... ......... .........
        ......... ......... ......... ......... ......... ......... ......... ......... ......... ......... ......... .........
         ......... ......... ......... .........
 
 OM57
+       ......... ......... ......... ......... ......... ......... ......... ......... ......... ......... ......... .........
         ......... ......... ......... ......... ......... ......... ......... ......... ......... ......... ......... .........
        ......... ......... ......... ......... ......... ......... ......... ......... ......... ......... ......... .........
         ......... ......... ......... ......... .........
 
1

            TH 1      TH 2      TH 3      TH 4      TH 5      TH 6      TH 7      TH 8      OM11      OM12      OM13      OM14  
             OM15      OM16      OM17      OM18      OM19      OM22      OM23      OM24      OM25      OM26      OM27      OM28  
            OM29      OM33      OM34      OM35      OM36      OM37      OM38      OM39      OM44      OM45      OM46      OM47  
             OM48      OM49      OM55      OM56      OM57      OM58      OM59      OM66      OM67      OM68      OM69      OM77  
            OM78      OM79      OM88      OM89      OM99      SG11      SG12      SG22  
 
 OM58
+       ......... ......... ......... ......... ......... ......... ......... ......... ......... ......... ......... .........
         ......... ......... ......... ......... ......... ......... ......... ......... ......... ......... ......... .........
        ......... ......... ......... ......... ......... ......... ......... ......... ......... ......... ......... .........
         ......... ......... ......... ......... ......... .........
 
 OM59
+       ......... ......... ......... ......... ......... ......... ......... ......... ......... ......... ......... .........
         ......... ......... ......... ......... ......... ......... ......... ......... ......... ......... ......... .........
        ......... ......... ......... ......... ......... ......... ......... ......... ......... ......... ......... .........
         ......... ......... ......... ......... ......... ......... .........
 
 OM66
+       ......... ......... ......... ......... ......... ......... ......... ......... ......... ......... ......... .........
         ......... ......... ......... ......... ......... ......... ......... ......... ......... ......... ......... .........
        ......... ......... ......... ......... ......... ......... ......... ......... ......... ......... ......... .........
         ......... ......... ......... ......... ......... ......... ......... .........
 
 OM67
+       ......... ......... ......... ......... ......... ......... ......... ......... ......... ......... ......... .........
         ......... ......... ......... ......... ......... ......... ......... ......... ......... ......... ......... .........
        ......... ......... ......... ......... ......... ......... ......... ......... ......... ......... ......... .........
         ......... ......... ......... ......... ......... ......... ......... ......... .........
 
 OM68
+       ......... ......... ......... ......... ......... ......... ......... ......... ......... ......... ......... .........
         ......... ......... ......... ......... ......... ......... ......... ......... ......... ......... ......... .........
        ......... ......... ......... ......... ......... ......... ......... ......... ......... ......... ......... .........
         ......... ......... ......... ......... ......... ......... ......... ......... ......... .........
 
 OM69
+       ......... ......... ......... ......... ......... ......... ......... ......... ......... ......... ......... .........
         ......... ......... ......... ......... ......... ......... ......... ......... ......... ......... ......... .........
        ......... ......... ......... ......... ......... ......... ......... ......... ......... ......... ......... .........
         ......... ......... ......... ......... ......... ......... ......... ......... ......... ......... .........
 
 OM77
+       -4.26E-02 -3.59E-02  2.52E-03  3.75E-02 -3.35E-02  2.58E-02 -9.01E-03  2.65E-02 -2.17E-02 ......... ......... .........
         ......... ......... ......... ......... ......... -1.37E-01 ......... ......... ......... ......... ......... .........
        ......... -4.43E-03 ......... ......... ......... ......... ......... ......... -3.18E-03 ......... ......... .........
         ......... ......... ......... ......... ......... ......... ......... ......... ......... ......... .........  1.48E-02
 
 OM78
+       ......... ......... ......... ......... ......... ......... ......... ......... ......... ......... ......... .........
         ......... ......... ......... ......... ......... ......... ......... ......... ......... ......... ......... .........
        ......... ......... ......... ......... ......... ......... ......... ......... ......... ......... ......... .........
         ......... ......... ......... ......... ......... ......... ......... ......... ......... ......... ......... .........
        .........
 
 OM79
+       ......... ......... ......... ......... ......... ......... ......... ......... ......... ......... ......... .........
         ......... ......... ......... ......... ......... ......... ......... ......... ......... ......... ......... .........
        ......... ......... ......... ......... ......... ......... ......... ......... ......... ......... ......... .........
         ......... ......... ......... ......... ......... ......... ......... ......... ......... ......... ......... .........
        ......... .........
 
1

            TH 1      TH 2      TH 3      TH 4      TH 5      TH 6      TH 7      TH 8      OM11      OM12      OM13      OM14  
             OM15      OM16      OM17      OM18      OM19      OM22      OM23      OM24      OM25      OM26      OM27      OM28  
            OM29      OM33      OM34      OM35      OM36      OM37      OM38      OM39      OM44      OM45      OM46      OM47  
             OM48      OM49      OM55      OM56      OM57      OM58      OM59      OM66      OM67      OM68      OM69      OM77  
            OM78      OM79      OM88      OM89      OM99      SG11      SG12      SG22  
 
 OM88
+       ......... ......... ......... ......... ......... ......... ......... ......... ......... ......... ......... .........
         ......... ......... ......... ......... ......... ......... ......... ......... ......... ......... ......... .........
        ......... ......... ......... ......... ......... ......... ......... ......... ......... ......... ......... .........
         ......... ......... ......... ......... ......... ......... ......... ......... ......... ......... ......... .........
        ......... ......... .........
 
 OM89
+       ......... ......... ......... ......... ......... ......... ......... ......... ......... ......... ......... .........
         ......... ......... ......... ......... ......... ......... ......... ......... ......... ......... ......... .........
        ......... ......... ......... ......... ......... ......... ......... ......... ......... ......... ......... .........
         ......... ......... ......... ......... ......... ......... ......... ......... ......... ......... ......... .........
        ......... ......... ......... .........
 
 OM99
+       ......... ......... ......... ......... ......... ......... ......... ......... ......... ......... ......... .........
         ......... ......... ......... ......... ......... ......... ......... ......... ......... ......... ......... .........
        ......... ......... ......... ......... ......... ......... ......... ......... ......... ......... ......... .........
         ......... ......... ......... ......... ......... ......... ......... ......... ......... ......... ......... .........
        ......... ......... ......... ......... .........
 
 SG11
+       -2.65E-02 -3.82E-02  4.51E-02  4.58E-02 -1.13E-02 -9.38E-03  3.68E-03  2.06E-02 -2.09E-02 ......... ......... .........
         ......... ......... ......... ......... ......... -1.29E-02 ......... ......... ......... ......... ......... .........
        ......... -7.06E-02 ......... ......... ......... ......... ......... .........  2.12E-04 ......... ......... .........
         ......... ......... ......... ......... ......... ......... ......... ......... ......... ......... ......... -4.58E-02
        ......... ......... ......... ......... .........  2.16E-03
 
 SG12
+       ......... ......... ......... ......... ......... ......... ......... ......... ......... ......... ......... .........
         ......... ......... ......... ......... ......... ......... ......... ......... ......... ......... ......... .........
        ......... ......... ......... ......... ......... ......... ......... ......... ......... ......... ......... .........
         ......... ......... ......... ......... ......... ......... ......... ......... ......... ......... ......... .........
        ......... ......... ......... ......... ......... ......... .........
 
 SG22
+        2.68E-03 -2.76E-03  1.52E-04  2.29E-03 -5.46E-03 -2.45E-02  4.66E-02  3.04E-03  2.99E-02 ......... ......... .........
         ......... ......... ......... ......... .........  3.05E-02 ......... ......... ......... ......... ......... .........
        .........  3.46E-03 ......... ......... ......... ......... ......... ......... -2.18E-03 ......... ......... .........
         ......... ......... ......... ......... ......... ......... ......... ......... ......... ......... ......... -1.10E-01
        ......... ......... ......... ......... ......... -1.33E-01 .........  7.60E-01
 
1
 ************************************************************************************************************************
 ********************                                                                                ********************
 ********************               FIRST ORDER CONDITIONAL ESTIMATION WITH INTERACTION              ********************
 ********************                      INVERSE COVARIANCE MATRIX OF ESTIMATE                     ********************
 ********************                                                                                ********************
 ************************************************************************************************************************
 

            TH 1      TH 2      TH 3      TH 4      TH 5      TH 6      TH 7      TH 8      OM11      OM12      OM13      OM14  
             OM15      OM16      OM17      OM18      OM19      OM22      OM23      OM24      OM25      OM26      OM27      OM28  
            OM29      OM33      OM34      OM35      OM36      OM37      OM38      OM39      OM44      OM45      OM46      OM47  
             OM48      OM49      OM55      OM56      OM57      OM58      OM59      OM66      OM67      OM68      OM69      OM77  
            OM78      OM79      OM88      OM89      OM99      SG11      SG12      SG22  
 
 TH 1
+        6.44E-01
 
 TH 2
+       -3.53E-01  1.36E+02
 
 TH 3
+        1.01E-02  4.59E-01  4.75E+00
 
 TH 4
+        4.24E+00  4.08E+01  1.11E-01  5.84E+01
 
 TH 5
+       -1.84E+01 -4.21E+02 -6.31E+00 -9.80E+01  6.56E+03
 
 TH 6
+        1.80E+01 -2.73E+01  7.78E+00  1.23E+02 -4.03E+02  9.22E+04
 
 TH 7
+        6.39E+00  1.54E+01 -8.39E-01  5.75E+01 -2.02E+02  2.57E+02  3.69E+03
 
 TH 8
+       -5.16E+00 -4.00E+02 -8.38E-01 -6.22E+02 -1.87E+03 -4.00E+02  1.23E+02  3.12E+04
 
 OM11
+       -5.46E-01 -4.61E+00  2.67E+00 -1.25E+00  1.55E+02 -1.15E+02  8.52E+00 -6.94E+01  7.77E+02
 
 OM12
+       ......... ......... ......... ......... ......... ......... ......... ......... ......... .........
 
 OM13
+       ......... ......... ......... ......... ......... ......... ......... ......... ......... ......... .........
 
 OM14
+       ......... ......... ......... ......... ......... ......... ......... ......... ......... ......... ......... .........
 
 OM15
+       ......... ......... ......... ......... ......... ......... ......... ......... ......... ......... ......... .........
         .........
 
 OM16
+       ......... ......... ......... ......... ......... ......... ......... ......... ......... ......... ......... .........
         ......... .........
 
 OM17
+       ......... ......... ......... ......... ......... ......... ......... ......... ......... ......... ......... .........
         ......... ......... .........
 
 OM18
+       ......... ......... ......... ......... ......... ......... ......... ......... ......... ......... ......... .........
         ......... ......... ......... .........
 
 OM19
+       ......... ......... ......... ......... ......... ......... ......... ......... ......... ......... ......... .........
         ......... ......... ......... ......... .........
 
 OM22
+       -4.38E-01 -1.43E+00  7.83E-01 -5.20E+00  7.44E+01 -9.39E+01  2.72E+01  1.01E+01 -1.71E+01 ......... ......... .........
         ......... ......... ......... ......... .........  4.37E+02
 
1

            TH 1      TH 2      TH 3      TH 4      TH 5      TH 6      TH 7      TH 8      OM11      OM12      OM13      OM14  
             OM15      OM16      OM17      OM18      OM19      OM22      OM23      OM24      OM25      OM26      OM27      OM28  
            OM29      OM33      OM34      OM35      OM36      OM37      OM38      OM39      OM44      OM45      OM46      OM47  
             OM48      OM49      OM55      OM56      OM57      OM58      OM59      OM66      OM67      OM68      OM69      OM77  
            OM78      OM79      OM88      OM89      OM99      SG11      SG12      SG22  
 
 OM23
+       ......... ......... ......... ......... ......... ......... ......... ......... ......... ......... ......... .........
         ......... ......... ......... ......... ......... ......... .........
 
 OM24
+       ......... ......... ......... ......... ......... ......... ......... ......... ......... ......... ......... .........
         ......... ......... ......... ......... ......... ......... ......... .........
 
 OM25
+       ......... ......... ......... ......... ......... ......... ......... ......... ......... ......... ......... .........
         ......... ......... ......... ......... ......... ......... ......... ......... .........
 
 OM26
+       ......... ......... ......... ......... ......... ......... ......... ......... ......... ......... ......... .........
         ......... ......... ......... ......... ......... ......... ......... ......... ......... .........
 
 OM27
+       ......... ......... ......... ......... ......... ......... ......... ......... ......... ......... ......... .........
         ......... ......... ......... ......... ......... ......... ......... ......... ......... ......... .........
 
 OM28
+       ......... ......... ......... ......... ......... ......... ......... ......... ......... ......... ......... .........
         ......... ......... ......... ......... ......... ......... ......... ......... ......... ......... ......... .........
 
 OM29
+       ......... ......... ......... ......... ......... ......... ......... ......... ......... ......... ......... .........
         ......... ......... ......... ......... ......... ......... ......... ......... ......... ......... ......... .........
        .........
 
 OM33
+        5.46E-01 -1.42E+01 -3.71E-01  2.36E+01  7.94E+01  3.59E+01  3.64E+01  2.22E+01  8.05E+00 ......... ......... .........
         ......... ......... ......... ......... .........  1.63E+00 ......... ......... ......... ......... ......... .........
        .........  7.40E+02
 
 OM34
+       ......... ......... ......... ......... ......... ......... ......... ......... ......... ......... ......... .........
         ......... ......... ......... ......... ......... ......... ......... ......... ......... ......... ......... .........
        ......... ......... .........
 
 OM35
+       ......... ......... ......... ......... ......... ......... ......... ......... ......... ......... ......... .........
         ......... ......... ......... ......... ......... ......... ......... ......... ......... ......... ......... .........
        ......... ......... ......... .........
 
 OM36
+       ......... ......... ......... ......... ......... ......... ......... ......... ......... ......... ......... .........
         ......... ......... ......... ......... ......... ......... ......... ......... ......... ......... ......... .........
        ......... ......... ......... ......... .........
 
 OM37
+       ......... ......... ......... ......... ......... ......... ......... ......... ......... ......... ......... .........
         ......... ......... ......... ......... ......... ......... ......... ......... ......... ......... ......... .........
        ......... ......... ......... ......... ......... .........
 
 OM38
+       ......... ......... ......... ......... ......... ......... ......... ......... ......... ......... ......... .........
         ......... ......... ......... ......... ......... ......... ......... ......... ......... ......... ......... .........
        ......... ......... ......... ......... ......... ......... .........
 
1

            TH 1      TH 2      TH 3      TH 4      TH 5      TH 6      TH 7      TH 8      OM11      OM12      OM13      OM14  
             OM15      OM16      OM17      OM18      OM19      OM22      OM23      OM24      OM25      OM26      OM27      OM28  
            OM29      OM33      OM34      OM35      OM36      OM37      OM38      OM39      OM44      OM45      OM46      OM47  
             OM48      OM49      OM55      OM56      OM57      OM58      OM59      OM66      OM67      OM68      OM69      OM77  
            OM78      OM79      OM88      OM89      OM99      SG11      SG12      SG22  
 
 OM39
+       ......... ......... ......... ......... ......... ......... ......... ......... ......... ......... ......... .........
         ......... ......... ......... ......... ......... ......... ......... ......... ......... ......... ......... .........
        ......... ......... ......... ......... ......... ......... ......... .........
 
 OM44
+       -8.32E+00 -3.32E+01 -2.73E+01 -4.16E+01  1.89E+03  1.16E+03 -1.57E+02 -6.05E+02  3.47E+02 ......... ......... .........
         ......... ......... ......... ......... .........  1.94E+02 ......... ......... ......... ......... ......... .........
        ......... -4.47E+01 ......... ......... ......... ......... ......... .........  3.31E+07
 
 OM45
+       ......... ......... ......... ......... ......... ......... ......... ......... ......... ......... ......... .........
         ......... ......... ......... ......... ......... ......... ......... ......... ......... ......... ......... .........
        ......... ......... ......... ......... ......... ......... ......... ......... ......... .........
 
 OM46
+       ......... ......... ......... ......... ......... ......... ......... ......... ......... ......... ......... .........
         ......... ......... ......... ......... ......... ......... ......... ......... ......... ......... ......... .........
        ......... ......... ......... ......... ......... ......... ......... ......... ......... ......... .........
 
 OM47
+       ......... ......... ......... ......... ......... ......... ......... ......... ......... ......... ......... .........
         ......... ......... ......... ......... ......... ......... ......... ......... ......... ......... ......... .........
        ......... ......... ......... ......... ......... ......... ......... ......... ......... ......... ......... .........
 
 OM48
+       ......... ......... ......... ......... ......... ......... ......... ......... ......... ......... ......... .........
         ......... ......... ......... ......... ......... ......... ......... ......... ......... ......... ......... .........
        ......... ......... ......... ......... ......... ......... ......... ......... ......... ......... ......... .........
         .........
 
 OM49
+       ......... ......... ......... ......... ......... ......... ......... ......... ......... ......... ......... .........
         ......... ......... ......... ......... ......... ......... ......... ......... ......... ......... ......... .........
        ......... ......... ......... ......... ......... ......... ......... ......... ......... ......... ......... .........
         ......... .........
 
 OM55
+       ......... ......... ......... ......... ......... ......... ......... ......... ......... ......... ......... .........
         ......... ......... ......... ......... ......... ......... ......... ......... ......... ......... ......... .........
        ......... ......... ......... ......... ......... ......... ......... ......... ......... ......... ......... .........
         ......... ......... .........
 
 OM56
+       ......... ......... ......... ......... ......... ......... ......... ......... ......... ......... ......... .........
         ......... ......... ......... ......... ......... ......... ......... ......... ......... ......... ......... .........
        ......... ......... ......... ......... ......... ......... ......... ......... ......... ......... ......... .........
         ......... ......... ......... .........
 
 OM57
+       ......... ......... ......... ......... ......... ......... ......... ......... ......... ......... ......... .........
         ......... ......... ......... ......... ......... ......... ......... ......... ......... ......... ......... .........
        ......... ......... ......... ......... ......... ......... ......... ......... ......... ......... ......... .........
         ......... ......... ......... ......... .........
 
1

            TH 1      TH 2      TH 3      TH 4      TH 5      TH 6      TH 7      TH 8      OM11      OM12      OM13      OM14  
             OM15      OM16      OM17      OM18      OM19      OM22      OM23      OM24      OM25      OM26      OM27      OM28  
            OM29      OM33      OM34      OM35      OM36      OM37      OM38      OM39      OM44      OM45      OM46      OM47  
             OM48      OM49      OM55      OM56      OM57      OM58      OM59      OM66      OM67      OM68      OM69      OM77  
            OM78      OM79      OM88      OM89      OM99      SG11      SG12      SG22  
 
 OM58
+       ......... ......... ......... ......... ......... ......... ......... ......... ......... ......... ......... .........
         ......... ......... ......... ......... ......... ......... ......... ......... ......... ......... ......... .........
        ......... ......... ......... ......... ......... ......... ......... ......... ......... ......... ......... .........
         ......... ......... ......... ......... ......... .........
 
 OM59
+       ......... ......... ......... ......... ......... ......... ......... ......... ......... ......... ......... .........
         ......... ......... ......... ......... ......... ......... ......... ......... ......... ......... ......... .........
        ......... ......... ......... ......... ......... ......... ......... ......... ......... ......... ......... .........
         ......... ......... ......... ......... ......... ......... .........
 
 OM66
+       ......... ......... ......... ......... ......... ......... ......... ......... ......... ......... ......... .........
         ......... ......... ......... ......... ......... ......... ......... ......... ......... ......... ......... .........
        ......... ......... ......... ......... ......... ......... ......... ......... ......... ......... ......... .........
         ......... ......... ......... ......... ......... ......... ......... .........
 
 OM67
+       ......... ......... ......... ......... ......... ......... ......... ......... ......... ......... ......... .........
         ......... ......... ......... ......... ......... ......... ......... ......... ......... ......... ......... .........
        ......... ......... ......... ......... ......... ......... ......... ......... ......... ......... ......... .........
         ......... ......... ......... ......... ......... ......... ......... ......... .........
 
 OM68
+       ......... ......... ......... ......... ......... ......... ......... ......... ......... ......... ......... .........
         ......... ......... ......... ......... ......... ......... ......... ......... ......... ......... ......... .........
        ......... ......... ......... ......... ......... ......... ......... ......... ......... ......... ......... .........
         ......... ......... ......... ......... ......... ......... ......... ......... ......... .........
 
 OM69
+       ......... ......... ......... ......... ......... ......... ......... ......... ......... ......... ......... .........
         ......... ......... ......... ......... ......... ......... ......... ......... ......... ......... ......... .........
        ......... ......... ......... ......... ......... ......... ......... ......... ......... ......... ......... .........
         ......... ......... ......... ......... ......... ......... ......... ......... ......... ......... .........
 
 OM77
+        3.70E-01  1.58E+00 -4.45E-01 -1.91E+00  9.24E+01 -5.01E+02  2.06E+01 -9.31E+01  3.19E+01 ......... ......... .........
         ......... ......... ......... ......... .........  1.98E+02 ......... ......... ......... ......... ......... .........
        ......... -6.95E+00 ......... ......... ......... ......... ......... .........  1.49E+03 ......... ......... .........
         ......... ......... ......... ......... ......... ......... ......... ......... ......... ......... .........  4.74E+03
 
 OM78
+       ......... ......... ......... ......... ......... ......... ......... ......... ......... ......... ......... .........
         ......... ......... ......... ......... ......... ......... ......... ......... ......... ......... ......... .........
        ......... ......... ......... ......... ......... ......... ......... ......... ......... ......... ......... .........
         ......... ......... ......... ......... ......... ......... ......... ......... ......... ......... ......... .........
        .........
 
 OM79
+       ......... ......... ......... ......... ......... ......... ......... ......... ......... ......... ......... .........
         ......... ......... ......... ......... ......... ......... ......... ......... ......... ......... ......... .........
        ......... ......... ......... ......... ......... ......... ......... ......... ......... ......... ......... .........
         ......... ......... ......... ......... ......... ......... ......... ......... ......... ......... ......... .........
        ......... .........
 
1

            TH 1      TH 2      TH 3      TH 4      TH 5      TH 6      TH 7      TH 8      OM11      OM12      OM13      OM14  
             OM15      OM16      OM17      OM18      OM19      OM22      OM23      OM24      OM25      OM26      OM27      OM28  
            OM29      OM33      OM34      OM35      OM36      OM37      OM38      OM39      OM44      OM45      OM46      OM47  
             OM48      OM49      OM55      OM56      OM57      OM58      OM59      OM66      OM67      OM68      OM69      OM77  
            OM78      OM79      OM88      OM89      OM99      SG11      SG12      SG22  
 
 OM88
+       ......... ......... ......... ......... ......... ......... ......... ......... ......... ......... ......... .........
         ......... ......... ......... ......... ......... ......... ......... ......... ......... ......... ......... .........
        ......... ......... ......... ......... ......... ......... ......... ......... ......... ......... ......... .........
         ......... ......... ......... ......... ......... ......... ......... ......... ......... ......... ......... .........
        ......... ......... .........
 
 OM89
+       ......... ......... ......... ......... ......... ......... ......... ......... ......... ......... ......... .........
         ......... ......... ......... ......... ......... ......... ......... ......... ......... ......... ......... .........
        ......... ......... ......... ......... ......... ......... ......... ......... ......... ......... ......... .........
         ......... ......... ......... ......... ......... ......... ......... ......... ......... ......... ......... .........
        ......... ......... ......... .........
 
 OM99
+       ......... ......... ......... ......... ......... ......... ......... ......... ......... ......... ......... .........
         ......... ......... ......... ......... ......... ......... ......... ......... ......... ......... ......... .........
        ......... ......... ......... ......... ......... ......... ......... ......... ......... ......... ......... .........
         ......... ......... ......... ......... ......... ......... ......... ......... ......... ......... ......... .........
        ......... ......... ......... ......... .........
 
 SG11
+       -1.36E+01  3.26E+01 -4.57E+01 -1.45E+02 -1.46E+02  1.05E+03 -4.39E+02  1.27E+03  2.11E+02 ......... ......... .........
         ......... ......... ......... ......... .........  1.88E+02 ......... ......... ......... ......... ......... .........
        .........  7.33E+02 ......... ......... ......... ......... ......... .........  1.39E+03 ......... ......... .........
         ......... ......... ......... ......... ......... ......... ......... ......... ......... ......... .........  2.09E+03
        ......... ......... ......... ......... .........  2.22E+05
 
 SG12
+       ......... ......... ......... ......... ......... ......... ......... ......... ......... ......... ......... .........
         ......... ......... ......... ......... ......... ......... ......... ......... ......... ......... ......... .........
        ......... ......... ......... ......... ......... ......... ......... ......... ......... ......... ......... .........
         ......... ......... ......... ......... ......... ......... ......... ......... ......... ......... ......... .........
        ......... ......... ......... ......... ......... ......... .........
 
 SG22
+       -2.24E-02  8.82E-03 -2.30E-02 -1.83E-01  9.09E-01  8.84E+00 -4.11E+00 -4.90E-01 -9.16E-01 ......... ......... .........
         ......... ......... ......... ......... ......... -3.49E-01 ......... ......... ......... ......... ......... .........
        .........  4.86E-02 ......... ......... ......... ......... ......... .........  2.00E+01 ......... ......... .........
         ......... ......... ......... ......... ......... ......... ......... ......... ......... ......... .........  1.04E+01
        ......... ......... ......... ......... .........  8.84E+01 .........  1.80E+00
 
1
 
 
 
 
 
 
 
 
 
 
 
 
 
 
 
 
 
 
 
 
 ************************************************************************************************************************
 ********************                                                                                ********************
 ********************               FIRST ORDER CONDITIONAL ESTIMATION WITH INTERACTION              ********************
 ********************                      EIGENVALUES OF COR MATRIX OF ESTIMATE                     ********************
 ********************                                                                                ********************
 ************************************************************************************************************************
 

             1         2         3         4         5         6         7         8         9        10        11        12
             13        14        15
 
         6.79E-02  1.85E-01  3.18E-01  7.72E-01  8.16E-01  8.72E-01  9.43E-01  9.52E-01  9.90E-01  1.00E+00  1.01E+00  1.07E+00
          1.11E+00  1.23E+00  3.67E+00
 
 Elapsed finaloutput time in seconds:     0.07
1
 PROBLEM NO.:         2
 SIMULATION FOR CMAX
0DATA CHECKOUT RUN:              NO
 DATA SET LOCATED ON UNIT NO.:    2
 THIS UNIT TO BE REWOUND:        NO
 NO. OF DATA RECS IN DATA SET:     1110
 NO. OF DATA ITEMS IN DATA SET:  15
 ID DATA ITEM IS DATA ITEM NO.:   1
 DEP VARIABLE IS DATA ITEM NO.:   4
 MDV DATA ITEM IS DATA ITEM NO.:  5
0INDICES PASSED TO SUBROUTINE PRED:
   6   2   3   0   0   0   0   0   0   0   0
0LABELS FOR DATA ITEMS:
 ID TIME AMT DV MDV EVID WT AGE SEX BUN SCR OCC CRCL COV1 COV2
0(NONBLANK) LABELS FOR PRED-DEFINED ITEMS:
 REP IOBS
0FORMAT FOR DATA:
 (1(8E9.0/),7E9.0)

 TOT. NO. OF OBS RECS:      951
 TOT. NO. OF INDIVIDUALS:       66
0MODEL SPECIFICATION FILE INPUT
 EST. RESCALED:   NO
0SIMULATION STEP OMITTED:    NO
 OBJ FUNC EVALUATED:         NO
 ORIGINAL DATA USED ON EACH NEW SIMULATION:         NO
 SEEDS RESET ON EACH NEW SUPERSET ITERATION:        YES
 SIMULATE WITH
   INITIAL ESTIMATE:        YES
   FINAL ESTIMATE:           NO
   PRIOR ROUTINE VAL.:       NO
0SIMULATION RANDOM METHOD SELECTED (RANMETHOD): 4U
SEED   1 RESET TO INITIAL: YES
 SOURCE   1:
   SEED1:             1   SEED2:             0   PSEUDO-NORMAL
0TABLES STEP OMITTED:    NO
 NO. OF TABLES:           1
 SEED NUMBER (SEED):    11456
 NPDTYPE:    0
 INTERPTYPE:    0
 RANMETHOD:             3U
 MC SAMPLES (ESAMPLE):    300
 WRES SQUARE ROOT TYPE (WRESCHOL): EIGENVALUE
0-- TABLE   1 --
0RECORDS ONLY:    ALL
04 COLUMNS APPENDED:    NO
 PRINTED:                NO
 HEADERS:               ONE
 FILE TO BE FORWARDED:   NO
 FORMAT:                S1PE11.4
 IDFORMAT:
 LFORMAT:
 RFORMAT:
 FIXED_EFFECT_ETAS:
0USER-CHOSEN ITEMS:
 REP ID TIME IOBS EVID
1
 ADDITIONAL PK PARAMETERS - ASSIGNMENT OF ROWS IN GG
 COMPT. NO.                             INDICES
              SCALE      BIOAVAIL.   ZERO-ORDER  ZERO-ORDER  ABSORB
                         FRACTION    RATE        DURATION    LAG
    1            *           *           *           *           6
    2            7           *           *           *           *
    3            *           *           *           *           *
    4            *           -           -           -           -
             - PARAMETER IS NOT ALLOWED FOR THIS MODEL
             * PARAMETER IS NOT SUPPLIED BY PK SUBROUTINE;
               WILL DEFAULT TO ONE IF APPLICABLE
0DATA ITEM INDICES USED BY PRED ARE:
   EVENT ID DATA ITEM IS DATA ITEM NO.:      6
   TIME DATA ITEM IS DATA ITEM NO.:          2
   DOSE AMOUNT DATA ITEM IS DATA ITEM NO.:   3

0PK SUBROUTINE CALLED WITH EVERY EVENT RECORD.
 PK SUBROUTINE NOT CALLED AT NONEVENT (ADDITIONAL OR LAGGED) DOSE TIMES.
0ERROR SUBROUTINE CALLED WITH EVERY EVENT RECORD.
1
 SIMULATION STEP PERFORMED
 SOURCE  1:
    SEED1:     305492632   SEED2:             0
 Elapsed simulation  time in seconds:     0.00
 ESTIMATION STEP OMITTED:                 YES
 Elapsed finaloutput time in seconds:     0.02
 #CPUT: Total CPU Time in Seconds,       65.580
Stop Time:
Sun Mar  5 03:47:22 PM PST 2023
Post run R code Penalty = 52.9276192968921
Post run R code text = Observed day 1 Cmax geomean = 567.9 simulated day 1 Cmax geo mean = 643.1
OFV = 8562.650863375155
success = True
covariance = True
correlation = True
Condition # = 54.008718352582676
Num Non fixed THETAs = 8
Num Non fixed OMEGAs = 5
Num Non fixed SIGMAs = 2
Original run directory = /home/CertaraUser/pydarwin/Example4/temp/5D08/15
